[0.070s] Invoking command in '/home/jabari2/jabari/build/serial': CMAKE_PREFIX_PATH=/home/jabari2/jabari/install/diffdrive_arduino:/home/jabari2/jabari/install/serial:/home/jabari2/jabari/install/articubot_one:/home/jabari2/ros2_ws/install/serial_motor_demo_msgs:/home/jabari2/ros2_ws/install/yolo_image_processor:/home/jabari2/ros2_ws/install/serial_motor_demo:/home/jabari2/ros2_ws/install/motor_control_pkg:/home/jabari2/ros2_ws/install/manual_control:/home/jabari2/ros2_ws/install/jabari_rover_bringup:/home/jabari2/ros2_ws/install/jabari_pan_tilt_control_pkg:/home/jabari2/ros2_ws/install/jabari_dht11_control_pkg:/home/jabari2/ros2_ws/install/diff_drive_controller:/home/jabari2/ros2_ws/install/camera_publisher_pkg:/opt/ros/humble:/home/jabari2/ros2_ws/install/rplidar_ros /usr/bin/cmake /home/jabari2/jabari/serial -DAMENT_CMAKE_SYMLINK_INSTALL=1 -DCMAKE_INSTALL_PREFIX=/home/jabari2/jabari/install/serial
[0.117s] -- Found ament_cmake: 1.3.12 (/opt/ros/humble/share/ament_cmake/cmake)
[0.873s] -- Override CMake install command with custom implementation using symlinks instead of copying resources
[0.950s] -- Found ament_cmake_gtest: 1.3.12 (/opt/ros/humble/share/ament_cmake_gtest/cmake)
[0.976s] -- Found gtest sources under '/opt/ros/humble/src/gtest_vendor': C++ tests using 'Google Test' will be built
[1.393s] -- Configuring done
[1.477s] -- Generating done
[1.498s] -- Build files have been written to: /home/jabari2/jabari/build/serial
[1.507s] Invoked command in '/home/jabari2/jabari/build/serial' returned '0': CMAKE_PREFIX_PATH=/home/jabari2/jabari/install/diffdrive_arduino:/home/jabari2/jabari/install/serial:/home/jabari2/jabari/install/articubot_one:/home/jabari2/ros2_ws/install/serial_motor_demo_msgs:/home/jabari2/ros2_ws/install/yolo_image_processor:/home/jabari2/ros2_ws/install/serial_motor_demo:/home/jabari2/ros2_ws/install/motor_control_pkg:/home/jabari2/ros2_ws/install/manual_control:/home/jabari2/ros2_ws/install/jabari_rover_bringup:/home/jabari2/ros2_ws/install/jabari_pan_tilt_control_pkg:/home/jabari2/ros2_ws/install/jabari_dht11_control_pkg:/home/jabari2/ros2_ws/install/diff_drive_controller:/home/jabari2/ros2_ws/install/camera_publisher_pkg:/opt/ros/humble:/home/jabari2/ros2_ws/install/rplidar_ros /usr/bin/cmake /home/jabari2/jabari/serial -DAMENT_CMAKE_SYMLINK_INSTALL=1 -DCMAKE_INSTALL_PREFIX=/home/jabari2/jabari/install/serial
[1.516s] Invoking command in '/home/jabari2/jabari/build/serial': CMAKE_PREFIX_PATH=/home/jabari2/jabari/install/diffdrive_arduino:/home/jabari2/jabari/install/serial:/home/jabari2/jabari/install/articubot_one:/home/jabari2/ros2_ws/install/serial_motor_demo_msgs:/home/jabari2/ros2_ws/install/yolo_image_processor:/home/jabari2/ros2_ws/install/serial_motor_demo:/home/jabari2/ros2_ws/install/motor_control_pkg:/home/jabari2/ros2_ws/install/manual_control:/home/jabari2/ros2_ws/install/jabari_rover_bringup:/home/jabari2/ros2_ws/install/jabari_pan_tilt_control_pkg:/home/jabari2/ros2_ws/install/jabari_dht11_control_pkg:/home/jabari2/ros2_ws/install/diff_drive_controller:/home/jabari2/ros2_ws/install/camera_publisher_pkg:/opt/ros/humble:/home/jabari2/ros2_ws/install/rplidar_ros /usr/bin/cmake --build /home/jabari2/jabari/build/serial -- -j4 -l4
[1.683s] [35m[1mConsolidate compiler generated dependencies of target gtest[0m
[1.684s] [35m[1mConsolidate compiler generated dependencies of target serial[0m
[1.689s] [35m[1mConsolidate compiler generated dependencies of target gtest_main[0m
[1.759s] [ 14%] Built target gtest
[1.762s] [ 42%] Built target serial
[1.769s] [ 57%] Built target gtest_main
[1.814s] [35m[1mConsolidate compiler generated dependencies of target serial_example[0m
[1.825s] [35m[1mConsolidate compiler generated dependencies of target serial-test[0m
[1.835s] [35m[1mConsolidate compiler generated dependencies of target serial-test-timer[0m
[1.881s] [ 71%] Built target serial_example
[1.899s] [ 85%] Built target serial-test
[1.912s] [100%] Built target serial-test-timer
[1.955s] Invoked command in '/home/jabari2/jabari/build/serial' returned '0': CMAKE_PREFIX_PATH=/home/jabari2/jabari/install/diffdrive_arduino:/home/jabari2/jabari/install/serial:/home/jabari2/jabari/install/articubot_one:/home/jabari2/ros2_ws/install/serial_motor_demo_msgs:/home/jabari2/ros2_ws/install/yolo_image_processor:/home/jabari2/ros2_ws/install/serial_motor_demo:/home/jabari2/ros2_ws/install/motor_control_pkg:/home/jabari2/ros2_ws/install/manual_control:/home/jabari2/ros2_ws/install/jabari_rover_bringup:/home/jabari2/ros2_ws/install/jabari_pan_tilt_control_pkg:/home/jabari2/ros2_ws/install/jabari_dht11_control_pkg:/home/jabari2/ros2_ws/install/diff_drive_controller:/home/jabari2/ros2_ws/install/camera_publisher_pkg:/opt/ros/humble:/home/jabari2/ros2_ws/install/rplidar_ros /usr/bin/cmake --build /home/jabari2/jabari/build/serial -- -j4 -l4
[1.965s] Invoking command in '/home/jabari2/jabari/build/serial': CMAKE_PREFIX_PATH=/home/jabari2/jabari/install/diffdrive_arduino:/home/jabari2/jabari/install/serial:/home/jabari2/jabari/install/articubot_one:/home/jabari2/ros2_ws/install/serial_motor_demo_msgs:/home/jabari2/ros2_ws/install/yolo_image_processor:/home/jabari2/ros2_ws/install/serial_motor_demo:/home/jabari2/ros2_ws/install/motor_control_pkg:/home/jabari2/ros2_ws/install/manual_control:/home/jabari2/ros2_ws/install/jabari_rover_bringup:/home/jabari2/ros2_ws/install/jabari_pan_tilt_control_pkg:/home/jabari2/ros2_ws/install/jabari_dht11_control_pkg:/home/jabari2/ros2_ws/install/diff_drive_controller:/home/jabari2/ros2_ws/install/camera_publisher_pkg:/opt/ros/humble:/home/jabari2/ros2_ws/install/rplidar_ros /usr/bin/cmake --install /home/jabari2/jabari/build/serial
[1.995s] -- Install configuration: ""
[1.997s] -- Execute custom install script
[1.998s] -- Symlinking: /home/jabari2/jabari/install/serial/lib/libserial.a
[2.033s] -- Symlinking: /home/jabari2/jabari/install/serial/include/serial/serial.h
[2.069s] -- Symlinking: /home/jabari2/jabari/install/serial/include/serial/v8stdint.h
[2.104s] -- Symlinking: /home/jabari2/jabari/install/serial/share/serial/environment/library_path.sh
[2.140s] -- Symlinking: /home/jabari2/jabari/install/serial/share/serial/environment/library_path.dsv
[2.176s] -- Symlinking: /home/jabari2/jabari/install/serial/share/ament_index/resource_index/package_run_dependencies/serial
[2.212s] -- Symlinking: /home/jabari2/jabari/install/serial/share/ament_index/resource_index/parent_prefix_path/serial
[2.249s] -- Symlinking: /home/jabari2/jabari/install/serial/share/serial/environment/ament_prefix_path.sh
[2.284s] -- Symlinking: /home/jabari2/jabari/install/serial/share/serial/environment/ament_prefix_path.dsv
[2.321s] -- Symlinking: /home/jabari2/jabari/install/serial/share/serial/environment/path.sh
[2.356s] -- Symlinking: /home/jabari2/jabari/install/serial/share/serial/environment/path.dsv
[2.392s] -- Symlinking: /home/jabari2/jabari/install/serial/share/serial/local_setup.bash
[2.428s] -- Symlinking: /home/jabari2/jabari/install/serial/share/serial/local_setup.sh
[2.464s] -- Symlinking: /home/jabari2/jabari/install/serial/share/serial/local_setup.zsh
[2.499s] -- Symlinking: /home/jabari2/jabari/install/serial/share/serial/local_setup.dsv
[2.535s] -- Symlinking: /home/jabari2/jabari/install/serial/share/serial/package.dsv
[2.571s] -- Symlinking: /home/jabari2/jabari/install/serial/share/ament_index/resource_index/packages/serial
[2.607s] -- Symlinking: /home/jabari2/jabari/install/serial/share/serial/cmake/ament_cmake_export_include_directories-extras.cmake
[2.643s] -- Symlinking: /home/jabari2/jabari/install/serial/share/serial/cmake/ament_cmake_export_libraries-extras.cmake
[2.679s] -- Symlinking: /home/jabari2/jabari/install/serial/share/serial/cmake/serialConfig.cmake
[2.714s] -- Symlinking: /home/jabari2/jabari/install/serial/share/serial/cmake/serialConfig-version.cmake
[2.751s] -- Symlinking: /home/jabari2/jabari/install/serial/share/serial/package.xml
[2.795s] Invoked command in '/home/jabari2/jabari/build/serial' returned '0': CMAKE_PREFIX_PATH=/home/jabari2/jabari/install/diffdrive_arduino:/home/jabari2/jabari/install/serial:/home/jabari2/jabari/install/articubot_one:/home/jabari2/ros2_ws/install/serial_motor_demo_msgs:/home/jabari2/ros2_ws/install/yolo_image_processor:/home/jabari2/ros2_ws/install/serial_motor_demo:/home/jabari2/ros2_ws/install/motor_control_pkg:/home/jabari2/ros2_ws/install/manual_control:/home/jabari2/ros2_ws/install/jabari_rover_bringup:/home/jabari2/ros2_ws/install/jabari_pan_tilt_control_pkg:/home/jabari2/ros2_ws/install/jabari_dht11_control_pkg:/home/jabari2/ros2_ws/install/diff_drive_controller:/home/jabari2/ros2_ws/install/camera_publisher_pkg:/opt/ros/humble:/home/jabari2/ros2_ws/install/rplidar_ros /usr/bin/cmake --install /home/jabari2/jabari/build/serial
