[0.060s] Invoking command in '/home/jabari2/jabari/build/diffdrive_arduino': CMAKE_PREFIX_PATH=/home/jabari2/jabari/install/serial:/home/jabari2/jabari/install/diffdrive_arduino:/home/jabari2/jabari/install/articubot_one:/home/jabari2/ros2_ws/install/serial_motor_demo_msgs:/home/jabari2/ros2_ws/install/yolo_image_processor:/home/jabari2/ros2_ws/install/serial_motor_demo:/home/jabari2/ros2_ws/install/motor_control_pkg:/home/jabari2/ros2_ws/install/manual_control:/home/jabari2/ros2_ws/install/jabari_rover_bringup:/home/jabari2/ros2_ws/install/jabari_pan_tilt_control_pkg:/home/jabari2/ros2_ws/install/jabari_dht11_control_pkg:/home/jabari2/ros2_ws/install/diff_drive_controller:/home/jabari2/ros2_ws/install/camera_publisher_pkg:/opt/ros/humble:/home/jabari2/ros2_ws/install/rplidar_ros /usr/bin/cmake --build /home/jabari2/jabari/build/diffdrive_arduino -- -j4 -l4
[0.247s] [35m[1mConsolidate compiler generated dependencies of target fake_robot[0m
[0.248s] [35m[1mConsolidate compiler generated dependencies of target diffdrive_arduino[0m
[0.343s] [ 14%] [32mBuilding CXX object CMakeFiles/fake_robot.dir/src/fake_robot.cpp.o[0m
[0.356s] [ 28%] [32mBuilding CXX object CMakeFiles/diffdrive_arduino.dir/src/diffdrive_arduino.cpp.o[0m
[15.819s] [ 42%] [32m[1mLinking CXX shared library libfake_robot.so[0m
[15.961s] [ 57%] [32m[1mLinking CXX shared library libdiffdrive_arduino.so[0m
[16.584s] [ 71%] Built target fake_robot
[16.916s] [100%] Built target diffdrive_arduino
[16.958s] Invoked command in '/home/jabari2/jabari/build/diffdrive_arduino' returned '0': CMAKE_PREFIX_PATH=/home/jabari2/jabari/install/serial:/home/jabari2/jabari/install/diffdrive_arduino:/home/jabari2/jabari/install/articubot_one:/home/jabari2/ros2_ws/install/serial_motor_demo_msgs:/home/jabari2/ros2_ws/install/yolo_image_processor:/home/jabari2/ros2_ws/install/serial_motor_demo:/home/jabari2/ros2_ws/install/motor_control_pkg:/home/jabari2/ros2_ws/install/manual_control:/home/jabari2/ros2_ws/install/jabari_rover_bringup:/home/jabari2/ros2_ws/install/jabari_pan_tilt_control_pkg:/home/jabari2/ros2_ws/install/jabari_dht11_control_pkg:/home/jabari2/ros2_ws/install/diff_drive_controller:/home/jabari2/ros2_ws/install/camera_publisher_pkg:/opt/ros/humble:/home/jabari2/ros2_ws/install/rplidar_ros /usr/bin/cmake --build /home/jabari2/jabari/build/diffdrive_arduino -- -j4 -l4
[16.968s] Invoking command in '/home/jabari2/jabari/build/diffdrive_arduino': CMAKE_PREFIX_PATH=/home/jabari2/jabari/install/serial:/home/jabari2/jabari/install/diffdrive_arduino:/home/jabari2/jabari/install/articubot_one:/home/jabari2/ros2_ws/install/serial_motor_demo_msgs:/home/jabari2/ros2_ws/install/yolo_image_processor:/home/jabari2/ros2_ws/install/serial_motor_demo:/home/jabari2/ros2_ws/install/motor_control_pkg:/home/jabari2/ros2_ws/install/manual_control:/home/jabari2/ros2_ws/install/jabari_rover_bringup:/home/jabari2/ros2_ws/install/jabari_pan_tilt_control_pkg:/home/jabari2/ros2_ws/install/jabari_dht11_control_pkg:/home/jabari2/ros2_ws/install/diff_drive_controller:/home/jabari2/ros2_ws/install/camera_publisher_pkg:/opt/ros/humble:/home/jabari2/ros2_ws/install/rplidar_ros /usr/bin/cmake --install /home/jabari2/jabari/build/diffdrive_arduino
[16.996s] -- Install configuration: ""
[16.996s] -- Up-to-date: /home/jabari2/jabari/install/diffdrive_arduino/share/diffdrive_arduino/robot_hardware.xml
[16.996s] -- Up-to-date: /home/jabari2/jabari/install/diffdrive_arduino/share/diffdrive_arduino/fake_robot_hardware.xml
[16.997s] -- Installing: /home/jabari2/jabari/install/diffdrive_arduino/lib/libdiffdrive_arduino.so
[17.004s] -- Set runtime path of "/home/jabari2/jabari/install/diffdrive_arduino/lib/libdiffdrive_arduino.so" to ""
[17.005s] -- Installing: /home/jabari2/jabari/install/diffdrive_arduino/lib/libfake_robot.so
[17.012s] -- Set runtime path of "/home/jabari2/jabari/install/diffdrive_arduino/lib/libfake_robot.so" to ""
[17.012s] -- Up-to-date: /home/jabari2/jabari/install/diffdrive_arduino/share/diffdrive_arduino/controllers
[17.013s] -- Up-to-date: /home/jabari2/jabari/install/diffdrive_arduino/share/diffdrive_arduino/controllers/robot_controller_example.yaml
[17.013s] -- Up-to-date: /home/jabari2/jabari/install/diffdrive_arduino/share/diffdrive_arduino
[17.014s] -- Up-to-date: /home/jabari2/jabari/install/diffdrive_arduino/share/diffdrive_arduino/test_robot.launch.py
[17.014s] -- Up-to-date: /home/jabari2/jabari/install/diffdrive_arduino/share/diffdrive_arduino/__pycache__
[17.014s] -- Up-to-date: /home/jabari2/jabari/install/diffdrive_arduino/share/diffdrive_arduino/__pycache__/test_robot.launch.cpython-310.pyc
[17.015s] -- Up-to-date: /home/jabari2/jabari/install/diffdrive_arduino/share/diffdrive_arduino/fake_robot.launch.py
[17.015s] -- Up-to-date: /home/jabari2/jabari/install/diffdrive_arduino/share/diffdrive_arduino/environment/library_path.sh
[17.015s] -- Up-to-date: /home/jabari2/jabari/install/diffdrive_arduino/share/diffdrive_arduino/environment/library_path.dsv
[17.016s] -- Up-to-date: /home/jabari2/jabari/install/diffdrive_arduino/share/ament_index/resource_index/package_run_dependencies/diffdrive_arduino
[17.016s] -- Up-to-date: /home/jabari2/jabari/install/diffdrive_arduino/share/ament_index/resource_index/parent_prefix_path/diffdrive_arduino
[17.017s] -- Up-to-date: /home/jabari2/jabari/install/diffdrive_arduino/share/diffdrive_arduino/environment/ament_prefix_path.sh
[17.017s] -- Up-to-date: /home/jabari2/jabari/install/diffdrive_arduino/share/diffdrive_arduino/environment/ament_prefix_path.dsv
[17.017s] -- Up-to-date: /home/jabari2/jabari/install/diffdrive_arduino/share/diffdrive_arduino/environment/path.sh
[17.018s] -- Up-to-date: /home/jabari2/jabari/install/diffdrive_arduino/share/diffdrive_arduino/environment/path.dsv
[17.018s] -- Up-to-date: /home/jabari2/jabari/install/diffdrive_arduino/share/diffdrive_arduino/local_setup.bash
[17.018s] -- Up-to-date: /home/jabari2/jabari/install/diffdrive_arduino/share/diffdrive_arduino/local_setup.sh
[17.019s] -- Up-to-date: /home/jabari2/jabari/install/diffdrive_arduino/share/diffdrive_arduino/local_setup.zsh
[17.019s] -- Up-to-date: /home/jabari2/jabari/install/diffdrive_arduino/share/diffdrive_arduino/local_setup.dsv
[17.019s] -- Installing: /home/jabari2/jabari/install/diffdrive_arduino/share/diffdrive_arduino/package.dsv
[17.020s] -- Up-to-date: /home/jabari2/jabari/install/diffdrive_arduino/share/ament_index/resource_index/packages/diffdrive_arduino
[17.020s] -- Up-to-date: /home/jabari2/jabari/install/diffdrive_arduino/share/ament_index/resource_index/hardware_interface__pluginlib__plugin/diffdrive_arduino
[17.020s] -- Up-to-date: /home/jabari2/jabari/install/diffdrive_arduino/share/diffdrive_arduino/cmake/ament_cmake_export_libraries-extras.cmake
[17.021s] -- Up-to-date: /home/jabari2/jabari/install/diffdrive_arduino/share/diffdrive_arduino/cmake/ament_cmake_export_dependencies-extras.cmake
[17.021s] -- Up-to-date: /home/jabari2/jabari/install/diffdrive_arduino/share/diffdrive_arduino/cmake/diffdrive_arduinoConfig.cmake
[17.022s] -- Up-to-date: /home/jabari2/jabari/install/diffdrive_arduino/share/diffdrive_arduino/cmake/diffdrive_arduinoConfig-version.cmake
[17.022s] -- Up-to-date: /home/jabari2/jabari/install/diffdrive_arduino/share/diffdrive_arduino/package.xml
[17.028s] Invoked command in '/home/jabari2/jabari/build/diffdrive_arduino' returned '0': CMAKE_PREFIX_PATH=/home/jabari2/jabari/install/serial:/home/jabari2/jabari/install/diffdrive_arduino:/home/jabari2/jabari/install/articubot_one:/home/jabari2/ros2_ws/install/serial_motor_demo_msgs:/home/jabari2/ros2_ws/install/yolo_image_processor:/home/jabari2/ros2_ws/install/serial_motor_demo:/home/jabari2/ros2_ws/install/motor_control_pkg:/home/jabari2/ros2_ws/install/manual_control:/home/jabari2/ros2_ws/install/jabari_rover_bringup:/home/jabari2/ros2_ws/install/jabari_pan_tilt_control_pkg:/home/jabari2/ros2_ws/install/jabari_dht11_control_pkg:/home/jabari2/ros2_ws/install/diff_drive_controller:/home/jabari2/ros2_ws/install/camera_publisher_pkg:/opt/ros/humble:/home/jabari2/ros2_ws/install/rplidar_ros /usr/bin/cmake --install /home/jabari2/jabari/build/diffdrive_arduino
