[0.060s] Invoking command in '/home/jabari2/jabari/build/diffdrive_arduino': CMAKE_PREFIX_PATH=/home/jabari2/jabari/install/serial:/home/jabari2/jabari/install/diffdrive_arduino:/home/jabari2/jabari/install/articubot_one:/home/jabari2/ros2_ws/install/serial_motor_demo_msgs:/home/jabari2/ros2_ws/install/yolo_image_processor:/home/jabari2/ros2_ws/install/serial_motor_demo:/home/jabari2/ros2_ws/install/motor_control_pkg:/home/jabari2/ros2_ws/install/manual_control:/home/jabari2/ros2_ws/install/jabari_rover_bringup:/home/jabari2/ros2_ws/install/jabari_pan_tilt_control_pkg:/home/jabari2/ros2_ws/install/jabari_dht11_control_pkg:/home/jabari2/ros2_ws/install/diff_drive_controller:/home/jabari2/ros2_ws/install/camera_publisher_pkg:/opt/ros/humble:/home/jabari2/ros2_ws/install/rplidar_ros /usr/bin/cmake --build /home/jabari2/jabari/build/diffdrive_arduino -- -j4 -l4
[0.323s] [ 42%] Built target fake_robot
[0.326s] [100%] Built target diffdrive_arduino
[0.369s] Invoked command in '/home/jabari2/jabari/build/diffdrive_arduino' returned '0': CMAKE_PREFIX_PATH=/home/jabari2/jabari/install/serial:/home/jabari2/jabari/install/diffdrive_arduino:/home/jabari2/jabari/install/articubot_one:/home/jabari2/ros2_ws/install/serial_motor_demo_msgs:/home/jabari2/ros2_ws/install/yolo_image_processor:/home/jabari2/ros2_ws/install/serial_motor_demo:/home/jabari2/ros2_ws/install/motor_control_pkg:/home/jabari2/ros2_ws/install/manual_control:/home/jabari2/ros2_ws/install/jabari_rover_bringup:/home/jabari2/ros2_ws/install/jabari_pan_tilt_control_pkg:/home/jabari2/ros2_ws/install/jabari_dht11_control_pkg:/home/jabari2/ros2_ws/install/diff_drive_controller:/home/jabari2/ros2_ws/install/camera_publisher_pkg:/opt/ros/humble:/home/jabari2/ros2_ws/install/rplidar_ros /usr/bin/cmake --build /home/jabari2/jabari/build/diffdrive_arduino -- -j4 -l4
[0.380s] Invoking command in '/home/jabari2/jabari/build/diffdrive_arduino': CMAKE_PREFIX_PATH=/home/jabari2/jabari/install/serial:/home/jabari2/jabari/install/diffdrive_arduino:/home/jabari2/jabari/install/articubot_one:/home/jabari2/ros2_ws/install/serial_motor_demo_msgs:/home/jabari2/ros2_ws/install/yolo_image_processor:/home/jabari2/ros2_ws/install/serial_motor_demo:/home/jabari2/ros2_ws/install/motor_control_pkg:/home/jabari2/ros2_ws/install/manual_control:/home/jabari2/ros2_ws/install/jabari_rover_bringup:/home/jabari2/ros2_ws/install/jabari_pan_tilt_control_pkg:/home/jabari2/ros2_ws/install/jabari_dht11_control_pkg:/home/jabari2/ros2_ws/install/diff_drive_controller:/home/jabari2/ros2_ws/install/camera_publisher_pkg:/opt/ros/humble:/home/jabari2/ros2_ws/install/rplidar_ros /usr/bin/cmake --install /home/jabari2/jabari/build/diffdrive_arduino
[0.411s] -- Install configuration: ""
[0.411s] -- Up-to-date: /home/jabari2/jabari/install/diffdrive_arduino/share/diffdrive_arduino/robot_hardware.xml
[0.412s] -- Up-to-date: /home/jabari2/jabari/install/diffdrive_arduino/share/diffdrive_arduino/fake_robot_hardware.xml
[0.413s] -- Up-to-date: /home/jabari2/jabari/install/diffdrive_arduino/lib/libdiffdrive_arduino.so
[0.415s] -- Up-to-date: /home/jabari2/jabari/install/diffdrive_arduino/lib/libfake_robot.so
[0.416s] -- Up-to-date: /home/jabari2/jabari/install/diffdrive_arduino/share/diffdrive_arduino/controllers
[0.416s] -- Up-to-date: /home/jabari2/jabari/install/diffdrive_arduino/share/diffdrive_arduino/controllers/robot_controller_example.yaml
[0.417s] -- Up-to-date: /home/jabari2/jabari/install/diffdrive_arduino/share/diffdrive_arduino
[0.417s] -- Up-to-date: /home/jabari2/jabari/install/diffdrive_arduino/share/diffdrive_arduino/test_robot.launch.py
[0.418s] -- Up-to-date: /home/jabari2/jabari/install/diffdrive_arduino/share/diffdrive_arduino/__pycache__
[0.418s] -- Up-to-date: /home/jabari2/jabari/install/diffdrive_arduino/share/diffdrive_arduino/__pycache__/test_robot.launch.cpython-310.pyc
[0.418s] -- Up-to-date: /home/jabari2/jabari/install/diffdrive_arduino/share/diffdrive_arduino/fake_robot.launch.py
[0.419s] -- Up-to-date: /home/jabari2/jabari/install/diffdrive_arduino/share/diffdrive_arduino/environment/library_path.sh
[0.419s] -- Up-to-date: /home/jabari2/jabari/install/diffdrive_arduino/share/diffdrive_arduino/environment/library_path.dsv
[0.420s] -- Up-to-date: /home/jabari2/jabari/install/diffdrive_arduino/share/ament_index/resource_index/package_run_dependencies/diffdrive_arduino
[0.420s] -- Up-to-date: /home/jabari2/jabari/install/diffdrive_arduino/share/ament_index/resource_index/parent_prefix_path/diffdrive_arduino
[0.420s] -- Up-to-date: /home/jabari2/jabari/install/diffdrive_arduino/share/diffdrive_arduino/environment/ament_prefix_path.sh
[0.421s] -- Up-to-date: /home/jabari2/jabari/install/diffdrive_arduino/share/diffdrive_arduino/environment/ament_prefix_path.dsv
[0.421s] -- Up-to-date: /home/jabari2/jabari/install/diffdrive_arduino/share/diffdrive_arduino/environment/path.sh
[0.422s] -- Up-to-date: /home/jabari2/jabari/install/diffdrive_arduino/share/diffdrive_arduino/environment/path.dsv
[0.422s] -- Up-to-date: /home/jabari2/jabari/install/diffdrive_arduino/share/diffdrive_arduino/local_setup.bash
[0.422s] -- Up-to-date: /home/jabari2/jabari/install/diffdrive_arduino/share/diffdrive_arduino/local_setup.sh
[0.423s] -- Up-to-date: /home/jabari2/jabari/install/diffdrive_arduino/share/diffdrive_arduino/local_setup.zsh
[0.423s] -- Up-to-date: /home/jabari2/jabari/install/diffdrive_arduino/share/diffdrive_arduino/local_setup.dsv
[0.423s] -- Installing: /home/jabari2/jabari/install/diffdrive_arduino/share/diffdrive_arduino/package.dsv
[0.424s] -- Up-to-date: /home/jabari2/jabari/install/diffdrive_arduino/share/ament_index/resource_index/packages/diffdrive_arduino
[0.424s] -- Up-to-date: /home/jabari2/jabari/install/diffdrive_arduino/share/ament_index/resource_index/hardware_interface__pluginlib__plugin/diffdrive_arduino
[0.425s] -- Up-to-date: /home/jabari2/jabari/install/diffdrive_arduino/share/diffdrive_arduino/cmake/ament_cmake_export_libraries-extras.cmake
[0.425s] -- Up-to-date: /home/jabari2/jabari/install/diffdrive_arduino/share/diffdrive_arduino/cmake/ament_cmake_export_dependencies-extras.cmake
[0.426s] -- Up-to-date: /home/jabari2/jabari/install/diffdrive_arduino/share/diffdrive_arduino/cmake/diffdrive_arduinoConfig.cmake
[0.426s] -- Up-to-date: /home/jabari2/jabari/install/diffdrive_arduino/share/diffdrive_arduino/cmake/diffdrive_arduinoConfig-version.cmake
[0.427s] -- Up-to-date: /home/jabari2/jabari/install/diffdrive_arduino/share/diffdrive_arduino/package.xml
[0.433s] Invoked command in '/home/jabari2/jabari/build/diffdrive_arduino' returned '0': CMAKE_PREFIX_PATH=/home/jabari2/jabari/install/serial:/home/jabari2/jabari/install/diffdrive_arduino:/home/jabari2/jabari/install/articubot_one:/home/jabari2/ros2_ws/install/serial_motor_demo_msgs:/home/jabari2/ros2_ws/install/yolo_image_processor:/home/jabari2/ros2_ws/install/serial_motor_demo:/home/jabari2/ros2_ws/install/motor_control_pkg:/home/jabari2/ros2_ws/install/manual_control:/home/jabari2/ros2_ws/install/jabari_rover_bringup:/home/jabari2/ros2_ws/install/jabari_pan_tilt_control_pkg:/home/jabari2/ros2_ws/install/jabari_dht11_control_pkg:/home/jabari2/ros2_ws/install/diff_drive_controller:/home/jabari2/ros2_ws/install/camera_publisher_pkg:/opt/ros/humble:/home/jabari2/ros2_ws/install/rplidar_ros /usr/bin/cmake --install /home/jabari2/jabari/build/diffdrive_arduino
