[0.485s] DEBUG:colcon:Command line arguments: ['/usr/bin/colcon', 'build']
[0.486s] DEBUG:colcon:Parsed command line arguments: Namespace(log_base=None, log_level=None, verb_name='build', build_base='build', install_base='install', merge_install=False, symlink_install=False, test_result_base=None, continue_on_error=False, executor='parallel', parallel_workers=4, event_handlers=None, ignore_user_meta=False, metas=['./colcon.meta'], base_paths=['.'], packages_ignore=None, packages_ignore_regex=None, paths=None, packages_up_to=None, packages_up_to_regex=None, packages_above=None, packages_above_and_dependencies=None, packages_above_depth=None, packages_select_by_dep=None, packages_skip_by_dep=None, packages_skip_up_to=None, packages_select_build_failed=False, packages_skip_build_finished=False, packages_select_test_failures=False, packages_skip_test_passed=False, packages_select=None, packages_skip=None, packages_select_regex=None, packages_skip_regex=None, packages_start=None, packages_end=None, allow_overriding=[], cmake_args=None, cmake_target=None, cmake_target_skip_unavailable=False, cmake_clean_cache=False, cmake_clean_first=False, cmake_force_configure=False, ament_cmake_args=None, catkin_cmake_args=None, catkin_skip_building_tests=False, mixin_files=None, mixin=None, verb_parser=<colcon_mixin.mixin.mixin_argument.MixinArgumentDecorator object at 0xffff825ccac0>, verb_extension=<colcon_core.verb.build.BuildVerb object at 0xffff827859c0>, main=<bound method BuildVerb.main of <colcon_core.verb.build.BuildVerb object at 0xffff827859c0>>, mixin_verb=('build',))
[1.345s] Level 1:colcon.colcon_core.package_discovery:discover_packages(colcon_meta) check parameters
[1.346s] Level 1:colcon.colcon_core.package_discovery:discover_packages(recursive) check parameters
[1.346s] Level 1:colcon.colcon_core.package_discovery:discover_packages(ignore) check parameters
[1.346s] Level 1:colcon.colcon_core.package_discovery:discover_packages(path) check parameters
[1.346s] Level 1:colcon.colcon_core.package_discovery:discover_packages(colcon_meta) discover
[1.346s] Level 1:colcon.colcon_core.package_discovery:discover_packages(recursive) discover
[1.347s] INFO:colcon.colcon_core.package_discovery:Crawling recursively for packages in '/home/jabari2/jabari'
[1.347s] Level 1:colcon.colcon_core.package_identification:_identify(.) by extensions ['ignore', 'ignore_ament_install']
[1.347s] Level 1:colcon.colcon_core.package_identification:_identify(.) by extension 'ignore'
[1.348s] Level 1:colcon.colcon_core.package_identification:_identify(.) by extension 'ignore_ament_install'
[1.348s] Level 1:colcon.colcon_core.package_identification:_identify(.) by extensions ['colcon_pkg']
[1.348s] Level 1:colcon.colcon_core.package_identification:_identify(.) by extension 'colcon_pkg'
[1.348s] Level 1:colcon.colcon_core.package_identification:_identify(.) by extensions ['colcon_meta']
[1.348s] Level 1:colcon.colcon_core.package_identification:_identify(.) by extension 'colcon_meta'
[1.348s] Level 1:colcon.colcon_core.package_identification:_identify(.) by extensions ['ros']
[1.348s] Level 1:colcon.colcon_core.package_identification:_identify(.) by extension 'ros'
[1.391s] Level 1:colcon.colcon_core.package_identification:_identify(.) by extensions ['cmake', 'python']
[1.392s] Level 1:colcon.colcon_core.package_identification:_identify(.) by extension 'cmake'
[1.392s] Level 1:colcon.colcon_core.package_identification:_identify(.) by extension 'python'
[1.392s] Level 1:colcon.colcon_core.package_identification:_identify(.) by extensions ['python_setup_py']
[1.392s] Level 1:colcon.colcon_core.package_identification:_identify(.) by extension 'python_setup_py'
[1.393s] Level 1:colcon.colcon_core.package_identification:_identify(articubot_one) by extensions ['ignore', 'ignore_ament_install']
[1.393s] Level 1:colcon.colcon_core.package_identification:_identify(articubot_one) by extension 'ignore'
[1.393s] Level 1:colcon.colcon_core.package_identification:_identify(articubot_one) by extension 'ignore_ament_install'
[1.393s] Level 1:colcon.colcon_core.package_identification:_identify(articubot_one) by extensions ['colcon_pkg']
[1.394s] Level 1:colcon.colcon_core.package_identification:_identify(articubot_one) by extension 'colcon_pkg'
[1.394s] Level 1:colcon.colcon_core.package_identification:_identify(articubot_one) by extensions ['colcon_meta']
[1.394s] Level 1:colcon.colcon_core.package_identification:_identify(articubot_one) by extension 'colcon_meta'
[1.394s] Level 1:colcon.colcon_core.package_identification:_identify(articubot_one) by extensions ['ros']
[1.394s] Level 1:colcon.colcon_core.package_identification:_identify(articubot_one) by extension 'ros'
[1.403s] DEBUG:colcon.colcon_core.package_identification:Package 'articubot_one' with type 'ros.ament_cmake' and name 'articubot_one'
[1.403s] Level 1:colcon.colcon_core.package_identification:_identify(build) by extensions ['ignore', 'ignore_ament_install']
[1.404s] Level 1:colcon.colcon_core.package_identification:_identify(build) by extension 'ignore'
[1.404s] Level 1:colcon.colcon_core.package_identification:_identify(build) ignored
[1.404s] Level 1:colcon.colcon_core.package_identification:_identify(diffdrive_arduino) by extensions ['ignore', 'ignore_ament_install']
[1.405s] Level 1:colcon.colcon_core.package_identification:_identify(diffdrive_arduino) by extension 'ignore'
[1.405s] Level 1:colcon.colcon_core.package_identification:_identify(diffdrive_arduino) by extension 'ignore_ament_install'
[1.405s] Level 1:colcon.colcon_core.package_identification:_identify(diffdrive_arduino) by extensions ['colcon_pkg']
[1.405s] Level 1:colcon.colcon_core.package_identification:_identify(diffdrive_arduino) by extension 'colcon_pkg'
[1.405s] Level 1:colcon.colcon_core.package_identification:_identify(diffdrive_arduino) by extensions ['colcon_meta']
[1.406s] Level 1:colcon.colcon_core.package_identification:_identify(diffdrive_arduino) by extension 'colcon_meta'
[1.406s] Level 1:colcon.colcon_core.package_identification:_identify(diffdrive_arduino) by extensions ['ros']
[1.406s] Level 1:colcon.colcon_core.package_identification:_identify(diffdrive_arduino) by extension 'ros'
[1.410s] DEBUG:colcon.colcon_core.package_identification:Package 'diffdrive_arduino' with type 'ros.ament_cmake' and name 'diffdrive_arduino'
[1.410s] Level 1:colcon.colcon_core.package_identification:_identify(install) by extensions ['ignore', 'ignore_ament_install']
[1.411s] Level 1:colcon.colcon_core.package_identification:_identify(install) by extension 'ignore'
[1.411s] Level 1:colcon.colcon_core.package_identification:_identify(install) ignored
[1.411s] Level 1:colcon.colcon_core.package_identification:_identify(log) by extensions ['ignore', 'ignore_ament_install']
[1.412s] Level 1:colcon.colcon_core.package_identification:_identify(log) by extension 'ignore'
[1.412s] Level 1:colcon.colcon_core.package_identification:_identify(log) ignored
[1.412s] Level 1:colcon.colcon_core.package_identification:_identify(serial) by extensions ['ignore', 'ignore_ament_install']
[1.413s] Level 1:colcon.colcon_core.package_identification:_identify(serial) by extension 'ignore'
[1.413s] Level 1:colcon.colcon_core.package_identification:_identify(serial) by extension 'ignore_ament_install'
[1.413s] Level 1:colcon.colcon_core.package_identification:_identify(serial) by extensions ['colcon_pkg']
[1.413s] Level 1:colcon.colcon_core.package_identification:_identify(serial) by extension 'colcon_pkg'
[1.413s] Level 1:colcon.colcon_core.package_identification:_identify(serial) by extensions ['colcon_meta']
[1.413s] Level 1:colcon.colcon_core.package_identification:_identify(serial) by extension 'colcon_meta'
[1.414s] Level 1:colcon.colcon_core.package_identification:_identify(serial) by extensions ['ros']
[1.414s] Level 1:colcon.colcon_core.package_identification:_identify(serial) by extension 'ros'
[1.416s] DEBUG:colcon.colcon_core.package_identification:Package 'serial' with type 'ros.ament_cmake' and name 'serial'
[1.416s] Level 1:colcon.colcon_core.package_discovery:discover_packages(recursive) using defaults
[1.416s] Level 1:colcon.colcon_core.package_discovery:discover_packages(ignore) discover
[1.416s] Level 1:colcon.colcon_core.package_discovery:discover_packages(ignore) using defaults
[1.417s] Level 1:colcon.colcon_core.package_discovery:discover_packages(path) discover
[1.417s] Level 1:colcon.colcon_core.package_discovery:discover_packages(path) using defaults
[1.539s] Level 1:colcon.colcon_core.package_discovery:discover_packages(prefix_path) check parameters
[1.539s] Level 1:colcon.colcon_core.package_discovery:discover_packages(prefix_path) discover
[1.551s] DEBUG:colcon.colcon_installed_package_information.package_discovery:Found 3 installed packages in /home/jabari2/jabari/install
[1.554s] DEBUG:colcon.colcon_installed_package_information.package_discovery:Found 11 installed packages in /home/jabari2/ros2_ws/install
[1.566s] DEBUG:colcon.colcon_installed_package_information.package_discovery:Found 362 installed packages in /opt/ros/humble
[1.574s] Level 1:colcon.colcon_core.package_discovery:discover_packages(prefix_path) using defaults
[1.779s] Level 5:colcon.colcon_core.verb:set package 'articubot_one' build argument 'cmake_args' from command line to 'None'
[1.779s] Level 5:colcon.colcon_core.verb:set package 'articubot_one' build argument 'cmake_target' from command line to 'None'
[1.779s] Level 5:colcon.colcon_core.verb:set package 'articubot_one' build argument 'cmake_target_skip_unavailable' from command line to 'False'
[1.779s] Level 5:colcon.colcon_core.verb:set package 'articubot_one' build argument 'cmake_clean_cache' from command line to 'False'
[1.779s] Level 5:colcon.colcon_core.verb:set package 'articubot_one' build argument 'cmake_clean_first' from command line to 'False'
[1.780s] Level 5:colcon.colcon_core.verb:set package 'articubot_one' build argument 'cmake_force_configure' from command line to 'False'
[1.780s] Level 5:colcon.colcon_core.verb:set package 'articubot_one' build argument 'ament_cmake_args' from command line to 'None'
[1.780s] Level 5:colcon.colcon_core.verb:set package 'articubot_one' build argument 'catkin_cmake_args' from command line to 'None'
[1.780s] Level 5:colcon.colcon_core.verb:set package 'articubot_one' build argument 'catkin_skip_building_tests' from command line to 'False'
[1.780s] DEBUG:colcon.colcon_core.verb:Building package 'articubot_one' with the following arguments: {'ament_cmake_args': None, 'build_base': '/home/jabari2/jabari/build/articubot_one', 'catkin_cmake_args': None, 'catkin_skip_building_tests': False, 'cmake_args': None, 'cmake_clean_cache': False, 'cmake_clean_first': False, 'cmake_force_configure': False, 'cmake_target': None, 'cmake_target_skip_unavailable': False, 'install_base': '/home/jabari2/jabari/install/articubot_one', 'merge_install': False, 'path': '/home/jabari2/jabari/articubot_one', 'symlink_install': False, 'test_result_base': None}
[1.781s] Level 5:colcon.colcon_core.verb:set package 'serial' build argument 'cmake_args' from command line to 'None'
[1.782s] Level 5:colcon.colcon_core.verb:set package 'serial' build argument 'cmake_target' from command line to 'None'
[1.782s] Level 5:colcon.colcon_core.verb:set package 'serial' build argument 'cmake_target_skip_unavailable' from command line to 'False'
[1.782s] Level 5:colcon.colcon_core.verb:set package 'serial' build argument 'cmake_clean_cache' from command line to 'False'
[1.782s] Level 5:colcon.colcon_core.verb:set package 'serial' build argument 'cmake_clean_first' from command line to 'False'
[1.782s] Level 5:colcon.colcon_core.verb:set package 'serial' build argument 'cmake_force_configure' from command line to 'False'
[1.782s] Level 5:colcon.colcon_core.verb:set package 'serial' build argument 'ament_cmake_args' from command line to 'None'
[1.782s] Level 5:colcon.colcon_core.verb:set package 'serial' build argument 'catkin_cmake_args' from command line to 'None'
[1.782s] Level 5:colcon.colcon_core.verb:set package 'serial' build argument 'catkin_skip_building_tests' from command line to 'False'
[1.782s] DEBUG:colcon.colcon_core.verb:Building package 'serial' with the following arguments: {'ament_cmake_args': None, 'build_base': '/home/jabari2/jabari/build/serial', 'catkin_cmake_args': None, 'catkin_skip_building_tests': False, 'cmake_args': None, 'cmake_clean_cache': False, 'cmake_clean_first': False, 'cmake_force_configure': False, 'cmake_target': None, 'cmake_target_skip_unavailable': False, 'install_base': '/home/jabari2/jabari/install/serial', 'merge_install': False, 'path': '/home/jabari2/jabari/serial', 'symlink_install': False, 'test_result_base': None}
[1.784s] Level 5:colcon.colcon_core.verb:set package 'diffdrive_arduino' build argument 'cmake_args' from command line to 'None'
[1.784s] Level 5:colcon.colcon_core.verb:set package 'diffdrive_arduino' build argument 'cmake_target' from command line to 'None'
[1.784s] Level 5:colcon.colcon_core.verb:set package 'diffdrive_arduino' build argument 'cmake_target_skip_unavailable' from command line to 'False'
[1.784s] Level 5:colcon.colcon_core.verb:set package 'diffdrive_arduino' build argument 'cmake_clean_cache' from command line to 'False'
[1.784s] Level 5:colcon.colcon_core.verb:set package 'diffdrive_arduino' build argument 'cmake_clean_first' from command line to 'False'
[1.784s] Level 5:colcon.colcon_core.verb:set package 'diffdrive_arduino' build argument 'cmake_force_configure' from command line to 'False'
[1.784s] Level 5:colcon.colcon_core.verb:set package 'diffdrive_arduino' build argument 'ament_cmake_args' from command line to 'None'
[1.785s] Level 5:colcon.colcon_core.verb:set package 'diffdrive_arduino' build argument 'catkin_cmake_args' from command line to 'None'
[1.785s] Level 5:colcon.colcon_core.verb:set package 'diffdrive_arduino' build argument 'catkin_skip_building_tests' from command line to 'False'
[1.785s] DEBUG:colcon.colcon_core.verb:Building package 'diffdrive_arduino' with the following arguments: {'ament_cmake_args': None, 'build_base': '/home/jabari2/jabari/build/diffdrive_arduino', 'catkin_cmake_args': None, 'catkin_skip_building_tests': False, 'cmake_args': None, 'cmake_clean_cache': False, 'cmake_clean_first': False, 'cmake_force_configure': False, 'cmake_target': None, 'cmake_target_skip_unavailable': False, 'install_base': '/home/jabari2/jabari/install/diffdrive_arduino', 'merge_install': False, 'path': '/home/jabari2/jabari/diffdrive_arduino', 'symlink_install': False, 'test_result_base': None}
[1.785s] INFO:colcon.colcon_core.executor:Executing jobs using 'parallel' executor
[1.788s] DEBUG:colcon.colcon_parallel_executor.executor.parallel:run_until_complete
[1.789s] INFO:colcon.colcon_ros.task.ament_cmake.build:Building ROS package in '/home/jabari2/jabari/serial' with build type 'ament_cmake'
[1.790s] INFO:colcon.colcon_cmake.task.cmake.build:Building CMake package in '/home/jabari2/jabari/serial'
[1.799s] INFO:colcon.colcon_core.plugin_system:Skipping extension 'colcon_core.shell.bat': Not used on non-Windows systems
[1.800s] INFO:colcon.colcon_core.shell:Skip shell extension 'powershell' for command environment: Not usable outside of PowerShell
[1.801s] DEBUG:colcon.colcon_core.shell:Skip shell extension 'dsv' for command environment
[1.828s] INFO:colcon.colcon_ros.task.ament_cmake.build:Building ROS package in '/home/jabari2/jabari/articubot_one' with build type 'ament_cmake'
[1.828s] INFO:colcon.colcon_cmake.task.cmake.build:Building CMake package in '/home/jabari2/jabari/articubot_one'
[1.829s] INFO:colcon.colcon_core.shell:Skip shell extension 'powershell' for command environment: Not usable outside of PowerShell
[1.830s] DEBUG:colcon.colcon_core.shell:Skip shell extension 'dsv' for command environment
[1.870s] DEBUG:colcon.colcon_core.event_handler.log_command:Invoking command in '/home/jabari2/jabari/build/serial': CMAKE_PREFIX_PATH=/home/jabari2/jabari/install/diffdrive_arduino:/home/jabari2/jabari/install/serial:/home/jabari2/jabari/install/articubot_one:/home/jabari2/ros2_ws/install/serial_motor_demo_msgs:/home/jabari2/ros2_ws/install/yolo_image_processor:/home/jabari2/ros2_ws/install/serial_motor_demo:/home/jabari2/ros2_ws/install/motor_control_pkg:/home/jabari2/ros2_ws/install/manual_control:/home/jabari2/ros2_ws/install/jabari_rover_bringup:/home/jabari2/ros2_ws/install/jabari_pan_tilt_control_pkg:/home/jabari2/ros2_ws/install/jabari_dht11_control_pkg:/home/jabari2/ros2_ws/install/diff_drive_controller:/home/jabari2/ros2_ws/install/camera_publisher_pkg:/opt/ros/humble:/home/jabari2/ros2_ws/install/rplidar_ros /usr/bin/cmake --build /home/jabari2/jabari/build/serial -- -j4 -l4
[1.897s] DEBUG:colcon.colcon_core.event_handler.log_command:Invoking command in '/home/jabari2/jabari/build/articubot_one': CMAKE_PREFIX_PATH=/home/jabari2/jabari/install/diffdrive_arduino:/home/jabari2/jabari/install/serial:/home/jabari2/jabari/install/articubot_one:/home/jabari2/ros2_ws/install/serial_motor_demo_msgs:/home/jabari2/ros2_ws/install/yolo_image_processor:/home/jabari2/ros2_ws/install/serial_motor_demo:/home/jabari2/ros2_ws/install/motor_control_pkg:/home/jabari2/ros2_ws/install/manual_control:/home/jabari2/ros2_ws/install/jabari_rover_bringup:/home/jabari2/ros2_ws/install/jabari_pan_tilt_control_pkg:/home/jabari2/ros2_ws/install/jabari_dht11_control_pkg:/home/jabari2/ros2_ws/install/diff_drive_controller:/home/jabari2/ros2_ws/install/camera_publisher_pkg:/opt/ros/humble:/home/jabari2/ros2_ws/install/rplidar_ros /usr/bin/cmake --build /home/jabari2/jabari/build/articubot_one -- -j4 -l4
[2.058s] DEBUG:colcon.colcon_core.event_handler.log_command:Invoked command in '/home/jabari2/jabari/build/articubot_one' returned '0': CMAKE_PREFIX_PATH=/home/jabari2/jabari/install/diffdrive_arduino:/home/jabari2/jabari/install/serial:/home/jabari2/jabari/install/articubot_one:/home/jabari2/ros2_ws/install/serial_motor_demo_msgs:/home/jabari2/ros2_ws/install/yolo_image_processor:/home/jabari2/ros2_ws/install/serial_motor_demo:/home/jabari2/ros2_ws/install/motor_control_pkg:/home/jabari2/ros2_ws/install/manual_control:/home/jabari2/ros2_ws/install/jabari_rover_bringup:/home/jabari2/ros2_ws/install/jabari_pan_tilt_control_pkg:/home/jabari2/ros2_ws/install/jabari_dht11_control_pkg:/home/jabari2/ros2_ws/install/diff_drive_controller:/home/jabari2/ros2_ws/install/camera_publisher_pkg:/opt/ros/humble:/home/jabari2/ros2_ws/install/rplidar_ros /usr/bin/cmake --build /home/jabari2/jabari/build/articubot_one -- -j4 -l4
[2.109s] DEBUG:colcon.colcon_core.event_handler.log_command:Invoking command in '/home/jabari2/jabari/build/articubot_one': CMAKE_PREFIX_PATH=/home/jabari2/jabari/install/diffdrive_arduino:/home/jabari2/jabari/install/serial:/home/jabari2/jabari/install/articubot_one:/home/jabari2/ros2_ws/install/serial_motor_demo_msgs:/home/jabari2/ros2_ws/install/yolo_image_processor:/home/jabari2/ros2_ws/install/serial_motor_demo:/home/jabari2/ros2_ws/install/motor_control_pkg:/home/jabari2/ros2_ws/install/manual_control:/home/jabari2/ros2_ws/install/jabari_rover_bringup:/home/jabari2/ros2_ws/install/jabari_pan_tilt_control_pkg:/home/jabari2/ros2_ws/install/jabari_dht11_control_pkg:/home/jabari2/ros2_ws/install/diff_drive_controller:/home/jabari2/ros2_ws/install/camera_publisher_pkg:/opt/ros/humble:/home/jabari2/ros2_ws/install/rplidar_ros /usr/bin/cmake --install /home/jabari2/jabari/build/articubot_one
[2.167s] Level 1:colcon.colcon_core.environment:create_environment_scripts_only(articubot_one)
[2.192s] Level 1:colcon.colcon_core.environment:checking '/home/jabari2/jabari/install/articubot_one' for CMake module files
[2.196s] Level 1:colcon.colcon_core.environment:checking '/home/jabari2/jabari/install/articubot_one' for CMake config files
[2.198s] Level 1:colcon.colcon_core.shell:create_environment_hook('articubot_one', 'cmake_prefix_path')
[2.199s] INFO:colcon.colcon_core.shell:Creating environment hook '/home/jabari2/jabari/install/articubot_one/share/articubot_one/hook/cmake_prefix_path.ps1'
[2.210s] DEBUG:colcon.colcon_core.event_handler.log_command:Invoked command in '/home/jabari2/jabari/build/articubot_one' returned '0': CMAKE_PREFIX_PATH=/home/jabari2/jabari/install/diffdrive_arduino:/home/jabari2/jabari/install/serial:/home/jabari2/jabari/install/articubot_one:/home/jabari2/ros2_ws/install/serial_motor_demo_msgs:/home/jabari2/ros2_ws/install/yolo_image_processor:/home/jabari2/ros2_ws/install/serial_motor_demo:/home/jabari2/ros2_ws/install/motor_control_pkg:/home/jabari2/ros2_ws/install/manual_control:/home/jabari2/ros2_ws/install/jabari_rover_bringup:/home/jabari2/ros2_ws/install/jabari_pan_tilt_control_pkg:/home/jabari2/ros2_ws/install/jabari_dht11_control_pkg:/home/jabari2/ros2_ws/install/diff_drive_controller:/home/jabari2/ros2_ws/install/camera_publisher_pkg:/opt/ros/humble:/home/jabari2/ros2_ws/install/rplidar_ros /usr/bin/cmake --install /home/jabari2/jabari/build/articubot_one
[2.212s] INFO:colcon.colcon_core.shell:Creating environment descriptor '/home/jabari2/jabari/install/articubot_one/share/articubot_one/hook/cmake_prefix_path.dsv'
[2.215s] INFO:colcon.colcon_core.shell:Creating environment hook '/home/jabari2/jabari/install/articubot_one/share/articubot_one/hook/cmake_prefix_path.sh'
[2.221s] Level 1:colcon.colcon_core.environment:checking '/home/jabari2/jabari/install/articubot_one/bin'
[2.221s] Level 1:colcon.colcon_core.environment:checking '/home/jabari2/jabari/install/articubot_one/lib/pkgconfig/articubot_one.pc'
[2.222s] Level 1:colcon.colcon_core.environment:checking '/home/jabari2/jabari/install/articubot_one/lib/python3.10/site-packages'
[2.224s] Level 1:colcon.colcon_core.environment:checking '/home/jabari2/jabari/install/articubot_one/bin'
[2.225s] INFO:colcon.colcon_core.shell:Creating package script '/home/jabari2/jabari/install/articubot_one/share/articubot_one/package.ps1'
[2.230s] INFO:colcon.colcon_core.shell:Creating package descriptor '/home/jabari2/jabari/install/articubot_one/share/articubot_one/package.dsv'
[2.234s] INFO:colcon.colcon_core.shell:Creating package script '/home/jabari2/jabari/install/articubot_one/share/articubot_one/package.sh'
[2.238s] INFO:colcon.colcon_core.shell:Creating package script '/home/jabari2/jabari/install/articubot_one/share/articubot_one/package.bash'
[2.243s] INFO:colcon.colcon_core.shell:Creating package script '/home/jabari2/jabari/install/articubot_one/share/articubot_one/package.zsh'
[2.248s] Level 1:colcon.colcon_core.environment:create_file_with_runtime_dependencies(/home/jabari2/jabari/install/articubot_one/share/colcon-core/packages/articubot_one)
[2.252s] Level 1:colcon.colcon_core.environment:create_environment_scripts_only(articubot_one)
[2.253s] Level 1:colcon.colcon_core.environment:checking '/home/jabari2/jabari/install/articubot_one' for CMake module files
[2.256s] Level 1:colcon.colcon_core.environment:checking '/home/jabari2/jabari/install/articubot_one' for CMake config files
[2.258s] Level 1:colcon.colcon_core.shell:create_environment_hook('articubot_one', 'cmake_prefix_path')
[2.259s] INFO:colcon.colcon_core.shell:Creating environment hook '/home/jabari2/jabari/install/articubot_one/share/articubot_one/hook/cmake_prefix_path.ps1'
[2.263s] INFO:colcon.colcon_core.shell:Creating environment descriptor '/home/jabari2/jabari/install/articubot_one/share/articubot_one/hook/cmake_prefix_path.dsv'
[2.266s] INFO:colcon.colcon_core.shell:Creating environment hook '/home/jabari2/jabari/install/articubot_one/share/articubot_one/hook/cmake_prefix_path.sh'
[2.271s] Level 1:colcon.colcon_core.environment:checking '/home/jabari2/jabari/install/articubot_one/bin'
[2.271s] Level 1:colcon.colcon_core.environment:checking '/home/jabari2/jabari/install/articubot_one/lib/pkgconfig/articubot_one.pc'
[2.272s] Level 1:colcon.colcon_core.environment:checking '/home/jabari2/jabari/install/articubot_one/lib/python3.10/site-packages'
[2.274s] Level 1:colcon.colcon_core.environment:checking '/home/jabari2/jabari/install/articubot_one/bin'
[2.275s] INFO:colcon.colcon_core.shell:Creating package script '/home/jabari2/jabari/install/articubot_one/share/articubot_one/package.ps1'
[2.280s] INFO:colcon.colcon_core.shell:Creating package descriptor '/home/jabari2/jabari/install/articubot_one/share/articubot_one/package.dsv'
[2.282s] INFO:colcon.colcon_core.shell:Creating package script '/home/jabari2/jabari/install/articubot_one/share/articubot_one/package.sh'
[2.284s] INFO:colcon.colcon_core.shell:Creating package script '/home/jabari2/jabari/install/articubot_one/share/articubot_one/package.bash'
[2.287s] INFO:colcon.colcon_core.shell:Creating package script '/home/jabari2/jabari/install/articubot_one/share/articubot_one/package.zsh'
[2.290s] Level 1:colcon.colcon_core.environment:create_file_with_runtime_dependencies(/home/jabari2/jabari/install/articubot_one/share/colcon-core/packages/articubot_one)
[2.319s] DEBUG:colcon.colcon_core.event_handler.log_command:Invoked command in '/home/jabari2/jabari/build/serial' returned '0': CMAKE_PREFIX_PATH=/home/jabari2/jabari/install/diffdrive_arduino:/home/jabari2/jabari/install/serial:/home/jabari2/jabari/install/articubot_one:/home/jabari2/ros2_ws/install/serial_motor_demo_msgs:/home/jabari2/ros2_ws/install/yolo_image_processor:/home/jabari2/ros2_ws/install/serial_motor_demo:/home/jabari2/ros2_ws/install/motor_control_pkg:/home/jabari2/ros2_ws/install/manual_control:/home/jabari2/ros2_ws/install/jabari_rover_bringup:/home/jabari2/ros2_ws/install/jabari_pan_tilt_control_pkg:/home/jabari2/ros2_ws/install/jabari_dht11_control_pkg:/home/jabari2/ros2_ws/install/diff_drive_controller:/home/jabari2/ros2_ws/install/camera_publisher_pkg:/opt/ros/humble:/home/jabari2/ros2_ws/install/rplidar_ros /usr/bin/cmake --build /home/jabari2/jabari/build/serial -- -j4 -l4
[2.329s] DEBUG:colcon.colcon_core.event_handler.log_command:Invoking command in '/home/jabari2/jabari/build/serial': CMAKE_PREFIX_PATH=/home/jabari2/jabari/install/diffdrive_arduino:/home/jabari2/jabari/install/serial:/home/jabari2/jabari/install/articubot_one:/home/jabari2/ros2_ws/install/serial_motor_demo_msgs:/home/jabari2/ros2_ws/install/yolo_image_processor:/home/jabari2/ros2_ws/install/serial_motor_demo:/home/jabari2/ros2_ws/install/motor_control_pkg:/home/jabari2/ros2_ws/install/manual_control:/home/jabari2/ros2_ws/install/jabari_rover_bringup:/home/jabari2/ros2_ws/install/jabari_pan_tilt_control_pkg:/home/jabari2/ros2_ws/install/jabari_dht11_control_pkg:/home/jabari2/ros2_ws/install/diff_drive_controller:/home/jabari2/ros2_ws/install/camera_publisher_pkg:/opt/ros/humble:/home/jabari2/ros2_ws/install/rplidar_ros /usr/bin/cmake --install /home/jabari2/jabari/build/serial
[2.371s] Level 1:colcon.colcon_core.environment:create_environment_scripts_only(serial)
[2.372s] Level 1:colcon.colcon_core.environment:checking '/home/jabari2/jabari/install/serial' for CMake module files
[2.374s] DEBUG:colcon.colcon_core.event_handler.log_command:Invoked command in '/home/jabari2/jabari/build/serial' returned '0': CMAKE_PREFIX_PATH=/home/jabari2/jabari/install/diffdrive_arduino:/home/jabari2/jabari/install/serial:/home/jabari2/jabari/install/articubot_one:/home/jabari2/ros2_ws/install/serial_motor_demo_msgs:/home/jabari2/ros2_ws/install/yolo_image_processor:/home/jabari2/ros2_ws/install/serial_motor_demo:/home/jabari2/ros2_ws/install/motor_control_pkg:/home/jabari2/ros2_ws/install/manual_control:/home/jabari2/ros2_ws/install/jabari_rover_bringup:/home/jabari2/ros2_ws/install/jabari_pan_tilt_control_pkg:/home/jabari2/ros2_ws/install/jabari_dht11_control_pkg:/home/jabari2/ros2_ws/install/diff_drive_controller:/home/jabari2/ros2_ws/install/camera_publisher_pkg:/opt/ros/humble:/home/jabari2/ros2_ws/install/rplidar_ros /usr/bin/cmake --install /home/jabari2/jabari/build/serial
[2.376s] Level 1:colcon.colcon_core.environment:checking '/home/jabari2/jabari/install/serial' for CMake config files
[2.378s] Level 1:colcon.colcon_core.shell:create_environment_hook('serial', 'cmake_prefix_path')
[2.379s] INFO:colcon.colcon_core.shell:Creating environment hook '/home/jabari2/jabari/install/serial/share/serial/hook/cmake_prefix_path.ps1'
[2.381s] INFO:colcon.colcon_core.shell:Creating environment descriptor '/home/jabari2/jabari/install/serial/share/serial/hook/cmake_prefix_path.dsv'
[2.383s] INFO:colcon.colcon_core.shell:Creating environment hook '/home/jabari2/jabari/install/serial/share/serial/hook/cmake_prefix_path.sh'
[2.386s] Level 1:colcon.colcon_core.environment:checking '/home/jabari2/jabari/install/serial/lib'
[2.387s] Level 1:colcon.colcon_core.environment:checking '/home/jabari2/jabari/install/serial/bin'
[2.388s] Level 1:colcon.colcon_core.environment:checking '/home/jabari2/jabari/install/serial/lib/pkgconfig/serial.pc'
[2.388s] Level 1:colcon.colcon_core.environment:checking '/home/jabari2/jabari/install/serial/lib/python3.10/site-packages'
[2.390s] Level 1:colcon.colcon_core.environment:checking '/home/jabari2/jabari/install/serial/bin'
[2.391s] INFO:colcon.colcon_core.shell:Creating package script '/home/jabari2/jabari/install/serial/share/serial/package.ps1'
[2.393s] INFO:colcon.colcon_core.shell:Creating package descriptor '/home/jabari2/jabari/install/serial/share/serial/package.dsv'
[2.395s] INFO:colcon.colcon_core.shell:Creating package script '/home/jabari2/jabari/install/serial/share/serial/package.sh'
[2.397s] INFO:colcon.colcon_core.shell:Creating package script '/home/jabari2/jabari/install/serial/share/serial/package.bash'
[2.399s] INFO:colcon.colcon_core.shell:Creating package script '/home/jabari2/jabari/install/serial/share/serial/package.zsh'
[2.401s] Level 1:colcon.colcon_core.environment:create_file_with_runtime_dependencies(/home/jabari2/jabari/install/serial/share/colcon-core/packages/serial)
[2.403s] Level 1:colcon.colcon_core.environment:create_environment_scripts_only(serial)
[2.404s] Level 1:colcon.colcon_core.environment:checking '/home/jabari2/jabari/install/serial' for CMake module files
[2.406s] Level 1:colcon.colcon_core.environment:checking '/home/jabari2/jabari/install/serial' for CMake config files
[2.407s] Level 1:colcon.colcon_core.shell:create_environment_hook('serial', 'cmake_prefix_path')
[2.408s] INFO:colcon.colcon_core.shell:Creating environment hook '/home/jabari2/jabari/install/serial/share/serial/hook/cmake_prefix_path.ps1'
[2.410s] INFO:colcon.colcon_core.shell:Creating environment descriptor '/home/jabari2/jabari/install/serial/share/serial/hook/cmake_prefix_path.dsv'
[2.412s] INFO:colcon.colcon_core.shell:Creating environment hook '/home/jabari2/jabari/install/serial/share/serial/hook/cmake_prefix_path.sh'
[2.414s] Level 1:colcon.colcon_core.environment:checking '/home/jabari2/jabari/install/serial/lib'
[2.415s] Level 1:colcon.colcon_core.environment:checking '/home/jabari2/jabari/install/serial/bin'
[2.415s] Level 1:colcon.colcon_core.environment:checking '/home/jabari2/jabari/install/serial/lib/pkgconfig/serial.pc'
[2.416s] Level 1:colcon.colcon_core.environment:checking '/home/jabari2/jabari/install/serial/lib/python3.10/site-packages'
[2.416s] Level 1:colcon.colcon_core.environment:checking '/home/jabari2/jabari/install/serial/bin'
[2.418s] INFO:colcon.colcon_core.shell:Creating package script '/home/jabari2/jabari/install/serial/share/serial/package.ps1'
[2.420s] INFO:colcon.colcon_core.shell:Creating package descriptor '/home/jabari2/jabari/install/serial/share/serial/package.dsv'
[2.422s] INFO:colcon.colcon_core.shell:Creating package script '/home/jabari2/jabari/install/serial/share/serial/package.sh'
[2.424s] INFO:colcon.colcon_core.shell:Creating package script '/home/jabari2/jabari/install/serial/share/serial/package.bash'
[2.426s] INFO:colcon.colcon_core.shell:Creating package script '/home/jabari2/jabari/install/serial/share/serial/package.zsh'
[2.428s] Level 1:colcon.colcon_core.environment:create_file_with_runtime_dependencies(/home/jabari2/jabari/install/serial/share/colcon-core/packages/serial)
[2.429s] INFO:colcon.colcon_ros.task.ament_cmake.build:Building ROS package in '/home/jabari2/jabari/diffdrive_arduino' with build type 'ament_cmake'
[2.430s] INFO:colcon.colcon_cmake.task.cmake.build:Building CMake package in '/home/jabari2/jabari/diffdrive_arduino'
[2.431s] INFO:colcon.colcon_core.shell:Skip shell extension 'powershell' for command environment: Not usable outside of PowerShell
[2.431s] DEBUG:colcon.colcon_core.shell:Skip shell extension 'dsv' for command environment
[2.494s] DEBUG:colcon.colcon_core.event_handler.log_command:Invoking command in '/home/jabari2/jabari/build/diffdrive_arduino': CMAKE_PREFIX_PATH=/home/jabari2/jabari/install/serial:/home/jabari2/jabari/install/diffdrive_arduino:/home/jabari2/jabari/install/articubot_one:/home/jabari2/ros2_ws/install/serial_motor_demo_msgs:/home/jabari2/ros2_ws/install/yolo_image_processor:/home/jabari2/ros2_ws/install/serial_motor_demo:/home/jabari2/ros2_ws/install/motor_control_pkg:/home/jabari2/ros2_ws/install/manual_control:/home/jabari2/ros2_ws/install/jabari_rover_bringup:/home/jabari2/ros2_ws/install/jabari_pan_tilt_control_pkg:/home/jabari2/ros2_ws/install/jabari_dht11_control_pkg:/home/jabari2/ros2_ws/install/diff_drive_controller:/home/jabari2/ros2_ws/install/camera_publisher_pkg:/opt/ros/humble:/home/jabari2/ros2_ws/install/rplidar_ros /usr/bin/cmake --build /home/jabari2/jabari/build/diffdrive_arduino -- -j4 -l4
[19.588s] DEBUG:colcon.colcon_core.event_handler.log_command:Invoked command in '/home/jabari2/jabari/build/diffdrive_arduino' returned '0': CMAKE_PREFIX_PATH=/home/jabari2/jabari/install/serial:/home/jabari2/jabari/install/diffdrive_arduino:/home/jabari2/jabari/install/articubot_one:/home/jabari2/ros2_ws/install/serial_motor_demo_msgs:/home/jabari2/ros2_ws/install/yolo_image_processor:/home/jabari2/ros2_ws/install/serial_motor_demo:/home/jabari2/ros2_ws/install/motor_control_pkg:/home/jabari2/ros2_ws/install/manual_control:/home/jabari2/ros2_ws/install/jabari_rover_bringup:/home/jabari2/ros2_ws/install/jabari_pan_tilt_control_pkg:/home/jabari2/ros2_ws/install/jabari_dht11_control_pkg:/home/jabari2/ros2_ws/install/diff_drive_controller:/home/jabari2/ros2_ws/install/camera_publisher_pkg:/opt/ros/humble:/home/jabari2/ros2_ws/install/rplidar_ros /usr/bin/cmake --build /home/jabari2/jabari/build/diffdrive_arduino -- -j4 -l4
[19.598s] DEBUG:colcon.colcon_core.event_handler.log_command:Invoking command in '/home/jabari2/jabari/build/diffdrive_arduino': CMAKE_PREFIX_PATH=/home/jabari2/jabari/install/serial:/home/jabari2/jabari/install/diffdrive_arduino:/home/jabari2/jabari/install/articubot_one:/home/jabari2/ros2_ws/install/serial_motor_demo_msgs:/home/jabari2/ros2_ws/install/yolo_image_processor:/home/jabari2/ros2_ws/install/serial_motor_demo:/home/jabari2/ros2_ws/install/motor_control_pkg:/home/jabari2/ros2_ws/install/manual_control:/home/jabari2/ros2_ws/install/jabari_rover_bringup:/home/jabari2/ros2_ws/install/jabari_pan_tilt_control_pkg:/home/jabari2/ros2_ws/install/jabari_dht11_control_pkg:/home/jabari2/ros2_ws/install/diff_drive_controller:/home/jabari2/ros2_ws/install/camera_publisher_pkg:/opt/ros/humble:/home/jabari2/ros2_ws/install/rplidar_ros /usr/bin/cmake --install /home/jabari2/jabari/build/diffdrive_arduino
[19.660s] Level 1:colcon.colcon_core.environment:create_environment_scripts_only(diffdrive_arduino)
[19.661s] Level 1:colcon.colcon_core.environment:checking '/home/jabari2/jabari/install/diffdrive_arduino' for CMake module files
[19.663s] DEBUG:colcon.colcon_core.event_handler.log_command:Invoked command in '/home/jabari2/jabari/build/diffdrive_arduino' returned '0': CMAKE_PREFIX_PATH=/home/jabari2/jabari/install/serial:/home/jabari2/jabari/install/diffdrive_arduino:/home/jabari2/jabari/install/articubot_one:/home/jabari2/ros2_ws/install/serial_motor_demo_msgs:/home/jabari2/ros2_ws/install/yolo_image_processor:/home/jabari2/ros2_ws/install/serial_motor_demo:/home/jabari2/ros2_ws/install/motor_control_pkg:/home/jabari2/ros2_ws/install/manual_control:/home/jabari2/ros2_ws/install/jabari_rover_bringup:/home/jabari2/ros2_ws/install/jabari_pan_tilt_control_pkg:/home/jabari2/ros2_ws/install/jabari_dht11_control_pkg:/home/jabari2/ros2_ws/install/diff_drive_controller:/home/jabari2/ros2_ws/install/camera_publisher_pkg:/opt/ros/humble:/home/jabari2/ros2_ws/install/rplidar_ros /usr/bin/cmake --install /home/jabari2/jabari/build/diffdrive_arduino
[19.665s] Level 1:colcon.colcon_core.environment:checking '/home/jabari2/jabari/install/diffdrive_arduino' for CMake config files
[19.667s] Level 1:colcon.colcon_core.shell:create_environment_hook('diffdrive_arduino', 'cmake_prefix_path')
[19.668s] INFO:colcon.colcon_core.shell:Creating environment hook '/home/jabari2/jabari/install/diffdrive_arduino/share/diffdrive_arduino/hook/cmake_prefix_path.ps1'
[19.671s] INFO:colcon.colcon_core.shell:Creating environment descriptor '/home/jabari2/jabari/install/diffdrive_arduino/share/diffdrive_arduino/hook/cmake_prefix_path.dsv'
[19.673s] INFO:colcon.colcon_core.shell:Creating environment hook '/home/jabari2/jabari/install/diffdrive_arduino/share/diffdrive_arduino/hook/cmake_prefix_path.sh'
[19.676s] Level 1:colcon.colcon_core.environment:checking '/home/jabari2/jabari/install/diffdrive_arduino/lib'
[19.677s] Level 1:colcon.colcon_core.shell:create_environment_hook('diffdrive_arduino', 'ld_library_path_lib')
[19.678s] INFO:colcon.colcon_core.shell:Creating environment hook '/home/jabari2/jabari/install/diffdrive_arduino/share/diffdrive_arduino/hook/ld_library_path_lib.ps1'
[19.680s] INFO:colcon.colcon_core.shell:Creating environment descriptor '/home/jabari2/jabari/install/diffdrive_arduino/share/diffdrive_arduino/hook/ld_library_path_lib.dsv'
[19.682s] INFO:colcon.colcon_core.shell:Creating environment hook '/home/jabari2/jabari/install/diffdrive_arduino/share/diffdrive_arduino/hook/ld_library_path_lib.sh'
[19.684s] Level 1:colcon.colcon_core.environment:checking '/home/jabari2/jabari/install/diffdrive_arduino/bin'
[19.684s] Level 1:colcon.colcon_core.environment:checking '/home/jabari2/jabari/install/diffdrive_arduino/lib/pkgconfig/diffdrive_arduino.pc'
[19.685s] Level 1:colcon.colcon_core.environment:checking '/home/jabari2/jabari/install/diffdrive_arduino/lib/python3.10/site-packages'
[19.686s] Level 1:colcon.colcon_core.environment:checking '/home/jabari2/jabari/install/diffdrive_arduino/bin'
[19.687s] INFO:colcon.colcon_core.shell:Creating package script '/home/jabari2/jabari/install/diffdrive_arduino/share/diffdrive_arduino/package.ps1'
[19.689s] INFO:colcon.colcon_core.shell:Creating package descriptor '/home/jabari2/jabari/install/diffdrive_arduino/share/diffdrive_arduino/package.dsv'
[19.691s] INFO:colcon.colcon_core.shell:Creating package script '/home/jabari2/jabari/install/diffdrive_arduino/share/diffdrive_arduino/package.sh'
[19.693s] INFO:colcon.colcon_core.shell:Creating package script '/home/jabari2/jabari/install/diffdrive_arduino/share/diffdrive_arduino/package.bash'
[19.695s] INFO:colcon.colcon_core.shell:Creating package script '/home/jabari2/jabari/install/diffdrive_arduino/share/diffdrive_arduino/package.zsh'
[19.697s] Level 1:colcon.colcon_core.environment:create_file_with_runtime_dependencies(/home/jabari2/jabari/install/diffdrive_arduino/share/colcon-core/packages/diffdrive_arduino)
[19.699s] Level 1:colcon.colcon_core.environment:create_environment_scripts_only(diffdrive_arduino)
[19.700s] Level 1:colcon.colcon_core.environment:checking '/home/jabari2/jabari/install/diffdrive_arduino' for CMake module files
[19.703s] Level 1:colcon.colcon_core.environment:checking '/home/jabari2/jabari/install/diffdrive_arduino' for CMake config files
[19.704s] Level 1:colcon.colcon_core.shell:create_environment_hook('diffdrive_arduino', 'cmake_prefix_path')
[19.705s] INFO:colcon.colcon_core.shell:Creating environment hook '/home/jabari2/jabari/install/diffdrive_arduino/share/diffdrive_arduino/hook/cmake_prefix_path.ps1'
[19.707s] INFO:colcon.colcon_core.shell:Creating environment descriptor '/home/jabari2/jabari/install/diffdrive_arduino/share/diffdrive_arduino/hook/cmake_prefix_path.dsv'
[19.709s] INFO:colcon.colcon_core.shell:Creating environment hook '/home/jabari2/jabari/install/diffdrive_arduino/share/diffdrive_arduino/hook/cmake_prefix_path.sh'
[19.711s] Level 1:colcon.colcon_core.environment:checking '/home/jabari2/jabari/install/diffdrive_arduino/lib'
[19.712s] Level 1:colcon.colcon_core.shell:create_environment_hook('diffdrive_arduino', 'ld_library_path_lib')
[19.713s] INFO:colcon.colcon_core.shell:Creating environment hook '/home/jabari2/jabari/install/diffdrive_arduino/share/diffdrive_arduino/hook/ld_library_path_lib.ps1'
[19.715s] INFO:colcon.colcon_core.shell:Creating environment descriptor '/home/jabari2/jabari/install/diffdrive_arduino/share/diffdrive_arduino/hook/ld_library_path_lib.dsv'
[19.716s] INFO:colcon.colcon_core.shell:Creating environment hook '/home/jabari2/jabari/install/diffdrive_arduino/share/diffdrive_arduino/hook/ld_library_path_lib.sh'
[19.718s] Level 1:colcon.colcon_core.environment:checking '/home/jabari2/jabari/install/diffdrive_arduino/bin'
[19.719s] Level 1:colcon.colcon_core.environment:checking '/home/jabari2/jabari/install/diffdrive_arduino/lib/pkgconfig/diffdrive_arduino.pc'
[19.719s] Level 1:colcon.colcon_core.environment:checking '/home/jabari2/jabari/install/diffdrive_arduino/lib/python3.10/site-packages'
[19.720s] Level 1:colcon.colcon_core.environment:checking '/home/jabari2/jabari/install/diffdrive_arduino/bin'
[19.722s] INFO:colcon.colcon_core.shell:Creating package script '/home/jabari2/jabari/install/diffdrive_arduino/share/diffdrive_arduino/package.ps1'
[19.724s] INFO:colcon.colcon_core.shell:Creating package descriptor '/home/jabari2/jabari/install/diffdrive_arduino/share/diffdrive_arduino/package.dsv'
[19.726s] INFO:colcon.colcon_core.shell:Creating package script '/home/jabari2/jabari/install/diffdrive_arduino/share/diffdrive_arduino/package.sh'
[19.729s] INFO:colcon.colcon_core.shell:Creating package script '/home/jabari2/jabari/install/diffdrive_arduino/share/diffdrive_arduino/package.bash'
[19.731s] INFO:colcon.colcon_core.shell:Creating package script '/home/jabari2/jabari/install/diffdrive_arduino/share/diffdrive_arduino/package.zsh'
[19.732s] Level 1:colcon.colcon_core.environment:create_file_with_runtime_dependencies(/home/jabari2/jabari/install/diffdrive_arduino/share/colcon-core/packages/diffdrive_arduino)
[19.734s] DEBUG:colcon.colcon_parallel_executor.executor.parallel:closing loop
[19.735s] DEBUG:colcon.colcon_parallel_executor.executor.parallel:loop closed
[19.735s] DEBUG:colcon.colcon_parallel_executor.executor.parallel:run_until_complete finished with '0'
[19.736s] DEBUG:colcon.colcon_core.event_reactor:joining thread
[19.760s] INFO:colcon.colcon_core.plugin_system:Skipping extension 'colcon_notification.desktop_notification.notify_send': Could not find 'notify-send'
[19.760s] INFO:colcon.colcon_core.plugin_system:Skipping extension 'colcon_notification.desktop_notification.terminal_notifier': Not used on non-Darwin systems
[19.760s] INFO:colcon.colcon_core.plugin_system:Skipping extension 'colcon_notification.desktop_notification.win32': Not used on non-Windows systems
[19.760s] INFO:colcon.colcon_notification.desktop_notification:Sending desktop notification using 'notify2'
[19.763s] DEBUG:colcon.colcon_notification.desktop_notification.notify2:Failed to initialize notify2: org.freedesktop.DBus.Error.ServiceUnknown: The name org.freedesktop.Notifications was not provided by any .service files
[19.764s] DEBUG:colcon.colcon_core.event_reactor:joined thread
[19.765s] INFO:colcon.colcon_core.shell:Creating prefix script '/home/jabari2/jabari/install/local_setup.ps1'
[19.769s] INFO:colcon.colcon_core.shell:Creating prefix util module '/home/jabari2/jabari/install/_local_setup_util_ps1.py'
[19.775s] INFO:colcon.colcon_core.shell:Creating prefix chain script '/home/jabari2/jabari/install/setup.ps1'
[19.784s] INFO:colcon.colcon_core.shell:Creating prefix script '/home/jabari2/jabari/install/local_setup.sh'
[19.787s] INFO:colcon.colcon_core.shell:Creating prefix util module '/home/jabari2/jabari/install/_local_setup_util_sh.py'
[19.789s] INFO:colcon.colcon_core.shell:Creating prefix chain script '/home/jabari2/jabari/install/setup.sh'
[19.797s] INFO:colcon.colcon_core.shell:Creating prefix script '/home/jabari2/jabari/install/local_setup.bash'
[19.800s] INFO:colcon.colcon_core.shell:Creating prefix chain script '/home/jabari2/jabari/install/setup.bash'
[19.807s] INFO:colcon.colcon_core.shell:Creating prefix script '/home/jabari2/jabari/install/local_setup.zsh'
[19.810s] INFO:colcon.colcon_core.shell:Creating prefix chain script '/home/jabari2/jabari/install/setup.zsh'
