[0.077s] Invoking command in '/home/jabari2/jabari/build/serial': CMAKE_PREFIX_PATH=/home/jabari2/jabari/install/diffdrive_arduino:/home/jabari2/jabari/install/serial:/home/jabari2/jabari/install/articubot_one:/home/jabari2/ros2_ws/install/serial_motor_demo_msgs:/home/jabari2/ros2_ws/install/yolo_image_processor:/home/jabari2/ros2_ws/install/serial_motor_demo:/home/jabari2/ros2_ws/install/motor_control_pkg:/home/jabari2/ros2_ws/install/manual_control:/home/jabari2/ros2_ws/install/jabari_rover_bringup:/home/jabari2/ros2_ws/install/jabari_pan_tilt_control_pkg:/home/jabari2/ros2_ws/install/jabari_dht11_control_pkg:/home/jabari2/ros2_ws/install/diff_drive_controller:/home/jabari2/ros2_ws/install/camera_publisher_pkg:/opt/ros/humble:/home/jabari2/ros2_ws/install/rplidar_ros /usr/bin/cmake /home/jabari2/jabari/serial -DCMAKE_INSTALL_PREFIX=/home/jabari2/jabari/install/serial
[0.139s] -- Found ament_cmake: 1.3.12 (/opt/ros/humble/share/ament_cmake/cmake)
[0.823s] -- Override CMake install command with custom implementation using symlinks instead of copying resources
[0.867s] -- Found ament_cmake_gtest: 1.3.12 (/opt/ros/humble/share/ament_cmake_gtest/cmake)
[0.883s] -- Found gtest sources under '/opt/ros/humble/src/gtest_vendor': C++ tests using 'Google Test' will be built
[1.276s] -- Configuring done
[1.339s] -- Generating done
[1.358s] -- Build files have been written to: /home/jabari2/jabari/build/serial
[1.368s] Invoked command in '/home/jabari2/jabari/build/serial' returned '0': CMAKE_PREFIX_PATH=/home/jabari2/jabari/install/diffdrive_arduino:/home/jabari2/jabari/install/serial:/home/jabari2/jabari/install/articubot_one:/home/jabari2/ros2_ws/install/serial_motor_demo_msgs:/home/jabari2/ros2_ws/install/yolo_image_processor:/home/jabari2/ros2_ws/install/serial_motor_demo:/home/jabari2/ros2_ws/install/motor_control_pkg:/home/jabari2/ros2_ws/install/manual_control:/home/jabari2/ros2_ws/install/jabari_rover_bringup:/home/jabari2/ros2_ws/install/jabari_pan_tilt_control_pkg:/home/jabari2/ros2_ws/install/jabari_dht11_control_pkg:/home/jabari2/ros2_ws/install/diff_drive_controller:/home/jabari2/ros2_ws/install/camera_publisher_pkg:/opt/ros/humble:/home/jabari2/ros2_ws/install/rplidar_ros /usr/bin/cmake /home/jabari2/jabari/serial -DCMAKE_INSTALL_PREFIX=/home/jabari2/jabari/install/serial
[1.377s] Invoking command in '/home/jabari2/jabari/build/serial': CMAKE_PREFIX_PATH=/home/jabari2/jabari/install/diffdrive_arduino:/home/jabari2/jabari/install/serial:/home/jabari2/jabari/install/articubot_one:/home/jabari2/ros2_ws/install/serial_motor_demo_msgs:/home/jabari2/ros2_ws/install/yolo_image_processor:/home/jabari2/ros2_ws/install/serial_motor_demo:/home/jabari2/ros2_ws/install/motor_control_pkg:/home/jabari2/ros2_ws/install/manual_control:/home/jabari2/ros2_ws/install/jabari_rover_bringup:/home/jabari2/ros2_ws/install/jabari_pan_tilt_control_pkg:/home/jabari2/ros2_ws/install/jabari_dht11_control_pkg:/home/jabari2/ros2_ws/install/diff_drive_controller:/home/jabari2/ros2_ws/install/camera_publisher_pkg:/opt/ros/humble:/home/jabari2/ros2_ws/install/rplidar_ros /usr/bin/cmake --build /home/jabari2/jabari/build/serial -- -j4 -l4
[1.543s] [35m[1mConsolidate compiler generated dependencies of target serial[0m
[1.544s] [35m[1mConsolidate compiler generated dependencies of target gtest_main[0m
[1.549s] [35m[1mConsolidate compiler generated dependencies of target gtest[0m
[1.616s] [ 14%] Built target gtest_main
[1.620s] [ 42%] Built target serial
[1.633s] [ 57%] Built target gtest
[1.676s] [35m[1mConsolidate compiler generated dependencies of target serial_example[0m
[1.684s] [35m[1mConsolidate compiler generated dependencies of target serial-test[0m
[1.685s] [35m[1mConsolidate compiler generated dependencies of target serial-test-timer[0m
[1.752s] [ 71%] Built target serial_example
[1.763s] [ 85%] Built target serial-test
[1.767s] [100%] Built target serial-test-timer
[1.816s] Invoked command in '/home/jabari2/jabari/build/serial' returned '0': CMAKE_PREFIX_PATH=/home/jabari2/jabari/install/diffdrive_arduino:/home/jabari2/jabari/install/serial:/home/jabari2/jabari/install/articubot_one:/home/jabari2/ros2_ws/install/serial_motor_demo_msgs:/home/jabari2/ros2_ws/install/yolo_image_processor:/home/jabari2/ros2_ws/install/serial_motor_demo:/home/jabari2/ros2_ws/install/motor_control_pkg:/home/jabari2/ros2_ws/install/manual_control:/home/jabari2/ros2_ws/install/jabari_rover_bringup:/home/jabari2/ros2_ws/install/jabari_pan_tilt_control_pkg:/home/jabari2/ros2_ws/install/jabari_dht11_control_pkg:/home/jabari2/ros2_ws/install/diff_drive_controller:/home/jabari2/ros2_ws/install/camera_publisher_pkg:/opt/ros/humble:/home/jabari2/ros2_ws/install/rplidar_ros /usr/bin/cmake --build /home/jabari2/jabari/build/serial -- -j4 -l4
[1.820s] Invoking command in '/home/jabari2/jabari/build/serial': CMAKE_PREFIX_PATH=/home/jabari2/jabari/install/diffdrive_arduino:/home/jabari2/jabari/install/serial:/home/jabari2/jabari/install/articubot_one:/home/jabari2/ros2_ws/install/serial_motor_demo_msgs:/home/jabari2/ros2_ws/install/yolo_image_processor:/home/jabari2/ros2_ws/install/serial_motor_demo:/home/jabari2/ros2_ws/install/motor_control_pkg:/home/jabari2/ros2_ws/install/manual_control:/home/jabari2/ros2_ws/install/jabari_rover_bringup:/home/jabari2/ros2_ws/install/jabari_pan_tilt_control_pkg:/home/jabari2/ros2_ws/install/jabari_dht11_control_pkg:/home/jabari2/ros2_ws/install/diff_drive_controller:/home/jabari2/ros2_ws/install/camera_publisher_pkg:/opt/ros/humble:/home/jabari2/ros2_ws/install/rplidar_ros /usr/bin/cmake --install /home/jabari2/jabari/build/serial
[1.847s] -- Install configuration: ""
[1.849s] -- Execute custom install script
[1.850s] -- Up-to-date symlink: /home/jabari2/jabari/install/serial/lib/libserial.a
[1.851s] -- Up-to-date symlink: /home/jabari2/jabari/install/serial/include/serial/serial.h
[1.853s] -- Up-to-date symlink: /home/jabari2/jabari/install/serial/include/serial/v8stdint.h
[1.853s] -- Up-to-date symlink: /home/jabari2/jabari/install/serial/share/serial/environment/library_path.sh
[1.854s] -- Up-to-date symlink: /home/jabari2/jabari/install/serial/share/serial/environment/library_path.dsv
[1.855s] -- Up-to-date symlink: /home/jabari2/jabari/install/serial/share/ament_index/resource_index/package_run_dependencies/serial
[1.857s] -- Up-to-date symlink: /home/jabari2/jabari/install/serial/share/ament_index/resource_index/parent_prefix_path/serial
[1.857s] -- Up-to-date symlink: /home/jabari2/jabari/install/serial/share/serial/environment/ament_prefix_path.sh
[1.859s] -- Up-to-date symlink: /home/jabari2/jabari/install/serial/share/serial/environment/ament_prefix_path.dsv
[1.859s] -- Up-to-date symlink: /home/jabari2/jabari/install/serial/share/serial/environment/path.sh
[1.860s] -- Up-to-date symlink: /home/jabari2/jabari/install/serial/share/serial/environment/path.dsv
[1.861s] -- Up-to-date symlink: /home/jabari2/jabari/install/serial/share/serial/local_setup.bash
[1.861s] -- Up-to-date symlink: /home/jabari2/jabari/install/serial/share/serial/local_setup.sh
[1.862s] -- Up-to-date symlink: /home/jabari2/jabari/install/serial/share/serial/local_setup.zsh
[1.863s] -- Up-to-date symlink: /home/jabari2/jabari/install/serial/share/serial/local_setup.dsv
[1.864s] -- Symlinking: /home/jabari2/jabari/install/serial/share/serial/package.dsv
[1.903s] -- Up-to-date symlink: /home/jabari2/jabari/install/serial/share/ament_index/resource_index/packages/serial
[1.904s] -- Up-to-date symlink: /home/jabari2/jabari/install/serial/share/serial/cmake/ament_cmake_export_include_directories-extras.cmake
[1.904s] -- Up-to-date symlink: /home/jabari2/jabari/install/serial/share/serial/cmake/ament_cmake_export_libraries-extras.cmake
[1.905s] -- Up-to-date symlink: /home/jabari2/jabari/install/serial/share/serial/cmake/serialConfig.cmake
[1.909s] -- Up-to-date symlink: /home/jabari2/jabari/install/serial/share/serial/cmake/serialConfig-version.cmake
[1.910s] -- Up-to-date symlink: /home/jabari2/jabari/install/serial/share/serial/package.xml
[1.948s] Invoked command in '/home/jabari2/jabari/build/serial' returned '0': CMAKE_PREFIX_PATH=/home/jabari2/jabari/install/diffdrive_arduino:/home/jabari2/jabari/install/serial:/home/jabari2/jabari/install/articubot_one:/home/jabari2/ros2_ws/install/serial_motor_demo_msgs:/home/jabari2/ros2_ws/install/yolo_image_processor:/home/jabari2/ros2_ws/install/serial_motor_demo:/home/jabari2/ros2_ws/install/motor_control_pkg:/home/jabari2/ros2_ws/install/manual_control:/home/jabari2/ros2_ws/install/jabari_rover_bringup:/home/jabari2/ros2_ws/install/jabari_pan_tilt_control_pkg:/home/jabari2/ros2_ws/install/jabari_dht11_control_pkg:/home/jabari2/ros2_ws/install/diff_drive_controller:/home/jabari2/ros2_ws/install/camera_publisher_pkg:/opt/ros/humble:/home/jabari2/ros2_ws/install/rplidar_ros /usr/bin/cmake --install /home/jabari2/jabari/build/serial
