[0.067s] Invoking command in '/home/jabari2/jabari/build/serial': CMAKE_PREFIX_PATH=/home/jabari2/ros2_ws/install/serial_motor_demo_msgs:/home/jabari2/ros2_ws/install/yolo_image_processor:/home/jabari2/ros2_ws/install/serial_motor_demo:/home/jabari2/ros2_ws/install/motor_control_pkg:/home/jabari2/ros2_ws/install/manual_control:/home/jabari2/ros2_ws/install/jabari_rover_bringup:/home/jabari2/ros2_ws/install/jabari_pan_tilt_control_pkg:/home/jabari2/ros2_ws/install/jabari_dht11_control_pkg:/home/jabari2/ros2_ws/install/diff_drive_controller:/home/jabari2/ros2_ws/install/camera_publisher_pkg:/opt/ros/humble:/home/jabari2/ros2_ws/install/rplidar_ros /usr/bin/cmake /home/jabari2/jabari/serial -DCMAKE_INSTALL_PREFIX=/home/jabari2/jabari/install/serial
[0.347s] -- The C compiler identification is GNU 11.4.0
[0.616s] -- The CXX compiler identification is GNU 11.4.0
[0.646s] -- Detecting C compiler ABI info
[0.973s] -- Detecting C compiler ABI info - done
[0.997s] -- Check for working C compiler: /usr/bin/cc - skipped
[0.998s] -- Detecting C compile features
[1.000s] -- Detecting C compile features - done
[1.011s] -- Detecting CXX compiler ABI info
[1.375s] -- Detecting CXX compiler ABI info - done
[1.400s] -- Check for working CXX compiler: /usr/bin/c++ - skipped
[1.401s] -- Detecting CXX compile features
[1.402s] -- Detecting CXX compile features - done
[1.443s] -- Found ament_cmake: 1.3.12 (/opt/ros/humble/share/ament_cmake/cmake)
[2.433s] -- Found Python3: /usr/bin/python3 (found version "3.10.12") found components: Interpreter 
[3.275s] -- Found ament_cmake_gtest: 1.3.12 (/opt/ros/humble/share/ament_cmake_gtest/cmake)
[3.364s] -- Found Boost: /usr/lib/aarch64-linux-gnu/cmake/Boost-1.74.0/BoostConfig.cmake (found version "1.74.0")  
[3.400s] -- Found gtest sources under '/opt/ros/humble/src/gtest_vendor': C++ tests using 'Google Test' will be built
[3.407s] -- Looking for pthread.h
[3.740s] -- Looking for pthread.h - found
[3.741s] -- Performing Test CMAKE_HAVE_LIBC_PTHREAD
[4.058s] -- Performing Test CMAKE_HAVE_LIBC_PTHREAD - Success
[4.061s] -- Found Threads: TRUE  
[4.437s] -- Configuring done
[4.500s] -- Generating done
[4.522s] -- Build files have been written to: /home/jabari2/jabari/build/serial
[4.540s] Invoked command in '/home/jabari2/jabari/build/serial' returned '0': CMAKE_PREFIX_PATH=/home/jabari2/ros2_ws/install/serial_motor_demo_msgs:/home/jabari2/ros2_ws/install/yolo_image_processor:/home/jabari2/ros2_ws/install/serial_motor_demo:/home/jabari2/ros2_ws/install/motor_control_pkg:/home/jabari2/ros2_ws/install/manual_control:/home/jabari2/ros2_ws/install/jabari_rover_bringup:/home/jabari2/ros2_ws/install/jabari_pan_tilt_control_pkg:/home/jabari2/ros2_ws/install/jabari_dht11_control_pkg:/home/jabari2/ros2_ws/install/diff_drive_controller:/home/jabari2/ros2_ws/install/camera_publisher_pkg:/opt/ros/humble:/home/jabari2/ros2_ws/install/rplidar_ros /usr/bin/cmake /home/jabari2/jabari/serial -DCMAKE_INSTALL_PREFIX=/home/jabari2/jabari/install/serial
[4.547s] Invoking command in '/home/jabari2/jabari/build/serial': CMAKE_PREFIX_PATH=/home/jabari2/ros2_ws/install/serial_motor_demo_msgs:/home/jabari2/ros2_ws/install/yolo_image_processor:/home/jabari2/ros2_ws/install/serial_motor_demo:/home/jabari2/ros2_ws/install/motor_control_pkg:/home/jabari2/ros2_ws/install/manual_control:/home/jabari2/ros2_ws/install/jabari_rover_bringup:/home/jabari2/ros2_ws/install/jabari_pan_tilt_control_pkg:/home/jabari2/ros2_ws/install/jabari_dht11_control_pkg:/home/jabari2/ros2_ws/install/diff_drive_controller:/home/jabari2/ros2_ws/install/camera_publisher_pkg:/opt/ros/humble:/home/jabari2/ros2_ws/install/rplidar_ros /usr/bin/cmake --build /home/jabari2/jabari/build/serial -- -j4 -l4
[4.750s] [ 14%] [32mBuilding CXX object CMakeFiles/serial.dir/src/serial.cc.o[0m
[4.752s] [ 21%] [32mBuilding CXX object CMakeFiles/serial.dir/src/impl/unix.cc.o[0m
[4.753s] [ 14%] [32mBuilding CXX object gtest/CMakeFiles/gtest_main.dir/src/gtest_main.cc.o[0m
[4.756s] [ 28%] [32mBuilding CXX object gtest/CMakeFiles/gtest.dir/src/gtest-all.cc.o[0m
[7.306s] [ 35%] [32mBuilding CXX object CMakeFiles/serial.dir/src/impl/list_ports/list_ports_linux.cc.o[0m
[11.538s] [ 42%] [32m[1mLinking CXX static library libserial.a[0m
[11.723s] [ 42%] Built target serial
[11.830s] [ 50%] [32mBuilding CXX object CMakeFiles/serial_example.dir/examples/serial_example.cc.o[0m
[11.985s] [ 57%] [32m[1mLinking CXX static library libgtest_main.a[0m
[12.136s] [ 57%] Built target gtest_main
[13.444s] [ 64%] [32m[1mLinking CXX executable serial_example[0m
[13.793s] [ 64%] Built target serial_example
[21.142s] [ 71%] [32m[1mLinking CXX static library libgtest.a[0m
[21.443s] [ 71%] Built target gtest
[21.531s] [ 85%] [32mBuilding CXX object tests/CMakeFiles/serial-test-timer.dir/unit/unix_timer_tests.cc.o[0m
[21.532s] [ 85%] [32mBuilding CXX object tests/CMakeFiles/serial-test.dir/unix_serial_tests.cc.o[0m
[27.195s] In file included from [01m[K/usr/include/boost/bind.hpp:30[m[K,
[27.196s]                  from [01m[K/home/jabari2/jabari/serial/tests/unix_serial_tests.cc:23[m[K:
[27.197s] [01m[K/usr/include/boost/bind.hpp:36:1:[m[K [01;36m[Knote: [m[K‘[01m[K#pragma message: The practice of declaring the Bind placeholders (_1, _2, ...) in the global namespace is deprecated. Please use <boost/bind/bind.hpp> + using namespace boost::placeholders, or define BOOST_BIND_GLOBAL_PLACEHOLDERS to retain the current behavior.[m[K’
[27.197s]    36 | [01;36m[KBOOST_PRAGMA_MESSAGE[m[K(
[27.198s]       | [01;36m[K^~~~~~~~~~~~~~~~~~~~[m[K
[27.348s] [ 92%] [32m[1mLinking CXX executable serial-test-timer[0m
[27.924s] [ 92%] Built target serial-test-timer
[28.139s] [100%] [32m[1mLinking CXX executable serial-test[0m
[28.690s] [100%] Built target serial-test
[28.733s] Invoked command in '/home/jabari2/jabari/build/serial' returned '0': CMAKE_PREFIX_PATH=/home/jabari2/ros2_ws/install/serial_motor_demo_msgs:/home/jabari2/ros2_ws/install/yolo_image_processor:/home/jabari2/ros2_ws/install/serial_motor_demo:/home/jabari2/ros2_ws/install/motor_control_pkg:/home/jabari2/ros2_ws/install/manual_control:/home/jabari2/ros2_ws/install/jabari_rover_bringup:/home/jabari2/ros2_ws/install/jabari_pan_tilt_control_pkg:/home/jabari2/ros2_ws/install/jabari_dht11_control_pkg:/home/jabari2/ros2_ws/install/diff_drive_controller:/home/jabari2/ros2_ws/install/camera_publisher_pkg:/opt/ros/humble:/home/jabari2/ros2_ws/install/rplidar_ros /usr/bin/cmake --build /home/jabari2/jabari/build/serial -- -j4 -l4
[28.742s] Invoking command in '/home/jabari2/jabari/build/serial': CMAKE_PREFIX_PATH=/home/jabari2/ros2_ws/install/serial_motor_demo_msgs:/home/jabari2/ros2_ws/install/yolo_image_processor:/home/jabari2/ros2_ws/install/serial_motor_demo:/home/jabari2/ros2_ws/install/motor_control_pkg:/home/jabari2/ros2_ws/install/manual_control:/home/jabari2/ros2_ws/install/jabari_rover_bringup:/home/jabari2/ros2_ws/install/jabari_pan_tilt_control_pkg:/home/jabari2/ros2_ws/install/jabari_dht11_control_pkg:/home/jabari2/ros2_ws/install/diff_drive_controller:/home/jabari2/ros2_ws/install/camera_publisher_pkg:/opt/ros/humble:/home/jabari2/ros2_ws/install/rplidar_ros /usr/bin/cmake --install /home/jabari2/jabari/build/serial
[28.769s] -- Install configuration: ""
[28.769s] -- Installing: /home/jabari2/jabari/install/serial/lib/libserial.a
[28.774s] -- Installing: /home/jabari2/jabari/install/serial/include/serial/serial.h
[28.774s] -- Installing: /home/jabari2/jabari/install/serial/include/serial/v8stdint.h
[28.776s] -- Installing: /home/jabari2/jabari/install/serial/share/serial/environment/library_path.sh
[28.777s] -- Installing: /home/jabari2/jabari/install/serial/share/serial/environment/library_path.dsv
[28.778s] -- Installing: /home/jabari2/jabari/install/serial/share/ament_index/resource_index/package_run_dependencies/serial
[28.780s] -- Installing: /home/jabari2/jabari/install/serial/share/ament_index/resource_index/parent_prefix_path/serial
[28.781s] -- Installing: /home/jabari2/jabari/install/serial/share/serial/environment/ament_prefix_path.sh
[28.782s] -- Installing: /home/jabari2/jabari/install/serial/share/serial/environment/ament_prefix_path.dsv
[28.783s] -- Installing: /home/jabari2/jabari/install/serial/share/serial/environment/path.sh
[28.784s] -- Installing: /home/jabari2/jabari/install/serial/share/serial/environment/path.dsv
[28.785s] -- Installing: /home/jabari2/jabari/install/serial/share/serial/local_setup.bash
[28.786s] -- Installing: /home/jabari2/jabari/install/serial/share/serial/local_setup.sh
[28.787s] -- Installing: /home/jabari2/jabari/install/serial/share/serial/local_setup.zsh
[28.788s] -- Installing: /home/jabari2/jabari/install/serial/share/serial/local_setup.dsv
[28.789s] -- Installing: /home/jabari2/jabari/install/serial/share/serial/package.dsv
[28.790s] -- Installing: /home/jabari2/jabari/install/serial/share/ament_index/resource_index/packages/serial
[28.792s] -- Installing: /home/jabari2/jabari/install/serial/share/serial/cmake/ament_cmake_export_include_directories-extras.cmake
[28.793s] -- Installing: /home/jabari2/jabari/install/serial/share/serial/cmake/ament_cmake_export_libraries-extras.cmake
[28.794s] -- Installing: /home/jabari2/jabari/install/serial/share/serial/cmake/serialConfig.cmake
[28.795s] -- Installing: /home/jabari2/jabari/install/serial/share/serial/cmake/serialConfig-version.cmake
[28.796s] -- Installing: /home/jabari2/jabari/install/serial/share/serial/package.xml
[28.804s] Invoked command in '/home/jabari2/jabari/build/serial' returned '0': CMAKE_PREFIX_PATH=/home/jabari2/ros2_ws/install/serial_motor_demo_msgs:/home/jabari2/ros2_ws/install/yolo_image_processor:/home/jabari2/ros2_ws/install/serial_motor_demo:/home/jabari2/ros2_ws/install/motor_control_pkg:/home/jabari2/ros2_ws/install/manual_control:/home/jabari2/ros2_ws/install/jabari_rover_bringup:/home/jabari2/ros2_ws/install/jabari_pan_tilt_control_pkg:/home/jabari2/ros2_ws/install/jabari_dht11_control_pkg:/home/jabari2/ros2_ws/install/diff_drive_controller:/home/jabari2/ros2_ws/install/camera_publisher_pkg:/opt/ros/humble:/home/jabari2/ros2_ws/install/rplidar_ros /usr/bin/cmake --install /home/jabari2/jabari/build/serial
