[0.078s] Invoking command in '/home/jabari2/jabari/build/articubot_one': CMAKE_PREFIX_PATH=/home/jabari2/jabari/install/diffdrive_arduino:/home/jabari2/jabari/install/serial:/home/jabari2/jabari/install/articubot_one:/home/jabari2/ros2_ws/install/serial_motor_demo_msgs:/home/jabari2/ros2_ws/install/yolo_image_processor:/home/jabari2/ros2_ws/install/serial_motor_demo:/home/jabari2/ros2_ws/install/motor_control_pkg:/home/jabari2/ros2_ws/install/manual_control:/home/jabari2/ros2_ws/install/jabari_rover_bringup:/home/jabari2/ros2_ws/install/jabari_pan_tilt_control_pkg:/home/jabari2/ros2_ws/install/jabari_dht11_control_pkg:/home/jabari2/ros2_ws/install/diff_drive_controller:/home/jabari2/ros2_ws/install/camera_publisher_pkg:/opt/ros/humble:/home/jabari2/ros2_ws/install/rplidar_ros /usr/bin/cmake /home/jabari2/jabari/articubot_one -DAMENT_CMAKE_SYMLINK_INSTALL=1 -DCMAKE_INSTALL_PREFIX=/home/jabari2/jabari/install/articubot_one
[0.154s] -- Found ament_cmake: 1.3.12 (/opt/ros/humble/share/ament_cmake/cmake)
[0.911s] -- Override CMake install command with custom implementation using symlinks instead of copying resources
[0.982s] -- Found ament_lint_auto: 0.12.14 (/opt/ros/humble/share/ament_lint_auto/cmake)
[1.407s] -- Added test 'copyright' to check source files copyright and LICENSE
[1.508s] -- Added test 'flake8' to check Python code syntax and style conventions
[1.520s] -- Added test 'lint_cmake' to check CMake code style
[1.531s] -- Added test 'pep257' to check Python code against some of the docstring style conventions in PEP 257
[1.580s] -- Added test 'xmllint' to check XML markup files
[1.587s] -- Configuring done
[1.617s] -- Generating done
[1.626s] -- Build files have been written to: /home/jabari2/jabari/build/articubot_one
[1.637s] Invoked command in '/home/jabari2/jabari/build/articubot_one' returned '0': CMAKE_PREFIX_PATH=/home/jabari2/jabari/install/diffdrive_arduino:/home/jabari2/jabari/install/serial:/home/jabari2/jabari/install/articubot_one:/home/jabari2/ros2_ws/install/serial_motor_demo_msgs:/home/jabari2/ros2_ws/install/yolo_image_processor:/home/jabari2/ros2_ws/install/serial_motor_demo:/home/jabari2/ros2_ws/install/motor_control_pkg:/home/jabari2/ros2_ws/install/manual_control:/home/jabari2/ros2_ws/install/jabari_rover_bringup:/home/jabari2/ros2_ws/install/jabari_pan_tilt_control_pkg:/home/jabari2/ros2_ws/install/jabari_dht11_control_pkg:/home/jabari2/ros2_ws/install/diff_drive_controller:/home/jabari2/ros2_ws/install/camera_publisher_pkg:/opt/ros/humble:/home/jabari2/ros2_ws/install/rplidar_ros /usr/bin/cmake /home/jabari2/jabari/articubot_one -DAMENT_CMAKE_SYMLINK_INSTALL=1 -DCMAKE_INSTALL_PREFIX=/home/jabari2/jabari/install/articubot_one
[1.645s] Invoking command in '/home/jabari2/jabari/build/articubot_one': CMAKE_PREFIX_PATH=/home/jabari2/jabari/install/diffdrive_arduino:/home/jabari2/jabari/install/serial:/home/jabari2/jabari/install/articubot_one:/home/jabari2/ros2_ws/install/serial_motor_demo_msgs:/home/jabari2/ros2_ws/install/yolo_image_processor:/home/jabari2/ros2_ws/install/serial_motor_demo:/home/jabari2/ros2_ws/install/motor_control_pkg:/home/jabari2/ros2_ws/install/manual_control:/home/jabari2/ros2_ws/install/jabari_rover_bringup:/home/jabari2/ros2_ws/install/jabari_pan_tilt_control_pkg:/home/jabari2/ros2_ws/install/jabari_dht11_control_pkg:/home/jabari2/ros2_ws/install/diff_drive_controller:/home/jabari2/ros2_ws/install/camera_publisher_pkg:/opt/ros/humble:/home/jabari2/ros2_ws/install/rplidar_ros /usr/bin/cmake --build /home/jabari2/jabari/build/articubot_one -- -j4 -l4
[1.813s] Invoked command in '/home/jabari2/jabari/build/articubot_one' returned '0': CMAKE_PREFIX_PATH=/home/jabari2/jabari/install/diffdrive_arduino:/home/jabari2/jabari/install/serial:/home/jabari2/jabari/install/articubot_one:/home/jabari2/ros2_ws/install/serial_motor_demo_msgs:/home/jabari2/ros2_ws/install/yolo_image_processor:/home/jabari2/ros2_ws/install/serial_motor_demo:/home/jabari2/ros2_ws/install/motor_control_pkg:/home/jabari2/ros2_ws/install/manual_control:/home/jabari2/ros2_ws/install/jabari_rover_bringup:/home/jabari2/ros2_ws/install/jabari_pan_tilt_control_pkg:/home/jabari2/ros2_ws/install/jabari_dht11_control_pkg:/home/jabari2/ros2_ws/install/diff_drive_controller:/home/jabari2/ros2_ws/install/camera_publisher_pkg:/opt/ros/humble:/home/jabari2/ros2_ws/install/rplidar_ros /usr/bin/cmake --build /home/jabari2/jabari/build/articubot_one -- -j4 -l4
[1.861s] Invoking command in '/home/jabari2/jabari/build/articubot_one': CMAKE_PREFIX_PATH=/home/jabari2/jabari/install/diffdrive_arduino:/home/jabari2/jabari/install/serial:/home/jabari2/jabari/install/articubot_one:/home/jabari2/ros2_ws/install/serial_motor_demo_msgs:/home/jabari2/ros2_ws/install/yolo_image_processor:/home/jabari2/ros2_ws/install/serial_motor_demo:/home/jabari2/ros2_ws/install/motor_control_pkg:/home/jabari2/ros2_ws/install/manual_control:/home/jabari2/ros2_ws/install/jabari_rover_bringup:/home/jabari2/ros2_ws/install/jabari_pan_tilt_control_pkg:/home/jabari2/ros2_ws/install/jabari_dht11_control_pkg:/home/jabari2/ros2_ws/install/diff_drive_controller:/home/jabari2/ros2_ws/install/camera_publisher_pkg:/opt/ros/humble:/home/jabari2/ros2_ws/install/rplidar_ros /usr/bin/cmake --install /home/jabari2/jabari/build/articubot_one
[1.897s] -- Install configuration: ""
[1.901s] -- Execute custom install script
[1.904s] -- Symlinking: /home/jabari2/jabari/install/articubot_one/share/articubot_one/config/ball_tracker_params_robot.yaml
[1.948s] -- Symlinking: /home/jabari2/jabari/install/articubot_one/share/articubot_one/config/ball_tracker_params_sim.yaml
[1.984s] -- Symlinking: /home/jabari2/jabari/install/articubot_one/share/articubot_one/config/drive_bot.rviz
[2.021s] -- Symlinking: /home/jabari2/jabari/install/articubot_one/share/articubot_one/config/empty.yaml
[2.056s] -- Symlinking: /home/jabari2/jabari/install/articubot_one/share/articubot_one/config/gaz_ros2_ctl_use_sim.yaml
[2.091s] -- Symlinking: /home/jabari2/jabari/install/articubot_one/share/articubot_one/config/gazebo_params.yaml
[2.126s] -- Symlinking: /home/jabari2/jabari/install/articubot_one/share/articubot_one/config/joystick.yaml
[2.162s] -- Symlinking: /home/jabari2/jabari/install/articubot_one/share/articubot_one/config/main.rviz
[2.199s] -- Symlinking: /home/jabari2/jabari/install/articubot_one/share/articubot_one/config/map.rviz
[2.234s] -- Symlinking: /home/jabari2/jabari/install/articubot_one/share/articubot_one/config/mapper_params_online_async.yaml
[2.269s] -- Symlinking: /home/jabari2/jabari/install/articubot_one/share/articubot_one/config/my_controllers.yaml
[2.305s] -- Symlinking: /home/jabari2/jabari/install/articubot_one/share/articubot_one/config/nav2_params.yaml
[2.340s] -- Symlinking: /home/jabari2/jabari/install/articubot_one/share/articubot_one/config/twist_mux.yaml
[2.376s] -- Symlinking: /home/jabari2/jabari/install/articubot_one/share/articubot_one/config/view_bot.rviz
[2.413s] -- Symlinking: /home/jabari2/jabari/install/articubot_one/share/articubot_one/description/camera.xacro
[2.449s] -- Symlinking: /home/jabari2/jabari/install/articubot_one/share/articubot_one/description/depth_camera.xacro
[2.485s] -- Symlinking: /home/jabari2/jabari/install/articubot_one/share/articubot_one/description/face.xacro
[2.520s] -- Symlinking: /home/jabari2/jabari/install/articubot_one/share/articubot_one/description/gazebo_control.xacro
[2.556s] -- Symlinking: /home/jabari2/jabari/install/articubot_one/share/articubot_one/description/inertial_macros.xacro
[2.591s] -- Symlinking: /home/jabari2/jabari/install/articubot_one/share/articubot_one/description/lidar.xacro
[2.627s] -- Symlinking: /home/jabari2/jabari/install/articubot_one/share/articubot_one/description/robot.urdf.xacro
[2.663s] -- Symlinking: /home/jabari2/jabari/install/articubot_one/share/articubot_one/description/robot_core.xacro
[2.699s] -- Symlinking: /home/jabari2/jabari/install/articubot_one/share/articubot_one/description/ros2_control.xacro
[2.736s] -- Symlinking: /home/jabari2/jabari/install/articubot_one/share/articubot_one/launch/ball_tracker.launch.py
[2.771s] -- Symlinking: /home/jabari2/jabari/install/articubot_one/share/articubot_one/launch/camera.launch.py
[2.807s] -- Symlinking: /home/jabari2/jabari/install/articubot_one/share/articubot_one/launch/joystick.launch.py
[2.843s] -- Symlinking: /home/jabari2/jabari/install/articubot_one/share/articubot_one/launch/launch_robot.launch.py
[2.880s] -- Symlinking: /home/jabari2/jabari/install/articubot_one/share/articubot_one/launch/launch_sim.launch.py
[2.916s] -- Symlinking: /home/jabari2/jabari/install/articubot_one/share/articubot_one/launch/localization_launch.py
[2.953s] -- Symlinking: /home/jabari2/jabari/install/articubot_one/share/articubot_one/launch/navigation_launch.py
[2.987s] -- Symlinking: /home/jabari2/jabari/install/articubot_one/share/articubot_one/launch/online_async_launch.py
[3.022s] -- Symlinking: /home/jabari2/jabari/install/articubot_one/share/articubot_one/launch/rplidar.launch.py
[3.055s] -- Symlinking: /home/jabari2/jabari/install/articubot_one/share/articubot_one/launch/rsp.launch.py
[3.090s] -- Symlinking: /home/jabari2/jabari/install/articubot_one/share/articubot_one/worlds/empty.world
[3.124s] -- Symlinking: /home/jabari2/jabari/install/articubot_one/share/articubot_one/worlds/obstacles.world
[3.158s] -- Symlinking: /home/jabari2/jabari/install/articubot_one/share/ament_index/resource_index/package_run_dependencies/articubot_one
[3.193s] -- Symlinking: /home/jabari2/jabari/install/articubot_one/share/ament_index/resource_index/parent_prefix_path/articubot_one
[3.227s] -- Symlinking: /home/jabari2/jabari/install/articubot_one/share/articubot_one/environment/ament_prefix_path.sh
[3.262s] -- Symlinking: /home/jabari2/jabari/install/articubot_one/share/articubot_one/environment/ament_prefix_path.dsv
[3.297s] -- Symlinking: /home/jabari2/jabari/install/articubot_one/share/articubot_one/environment/path.sh
[3.334s] -- Symlinking: /home/jabari2/jabari/install/articubot_one/share/articubot_one/environment/path.dsv
[3.369s] -- Symlinking: /home/jabari2/jabari/install/articubot_one/share/articubot_one/local_setup.bash
[3.404s] -- Symlinking: /home/jabari2/jabari/install/articubot_one/share/articubot_one/local_setup.sh
[3.438s] -- Symlinking: /home/jabari2/jabari/install/articubot_one/share/articubot_one/local_setup.zsh
[3.472s] -- Symlinking: /home/jabari2/jabari/install/articubot_one/share/articubot_one/local_setup.dsv
[3.509s] -- Symlinking: /home/jabari2/jabari/install/articubot_one/share/articubot_one/package.dsv
[3.545s] -- Symlinking: /home/jabari2/jabari/install/articubot_one/share/ament_index/resource_index/packages/articubot_one
[3.580s] -- Symlinking: /home/jabari2/jabari/install/articubot_one/share/articubot_one/cmake/articubot_oneConfig.cmake
[3.617s] -- Symlinking: /home/jabari2/jabari/install/articubot_one/share/articubot_one/cmake/articubot_oneConfig-version.cmake
[3.654s] -- Symlinking: /home/jabari2/jabari/install/articubot_one/share/articubot_one/package.xml
[3.721s] Invoked command in '/home/jabari2/jabari/build/articubot_one' returned '0': CMAKE_PREFIX_PATH=/home/jabari2/jabari/install/diffdrive_arduino:/home/jabari2/jabari/install/serial:/home/jabari2/jabari/install/articubot_one:/home/jabari2/ros2_ws/install/serial_motor_demo_msgs:/home/jabari2/ros2_ws/install/yolo_image_processor:/home/jabari2/ros2_ws/install/serial_motor_demo:/home/jabari2/ros2_ws/install/motor_control_pkg:/home/jabari2/ros2_ws/install/manual_control:/home/jabari2/ros2_ws/install/jabari_rover_bringup:/home/jabari2/ros2_ws/install/jabari_pan_tilt_control_pkg:/home/jabari2/ros2_ws/install/jabari_dht11_control_pkg:/home/jabari2/ros2_ws/install/diff_drive_controller:/home/jabari2/ros2_ws/install/camera_publisher_pkg:/opt/ros/humble:/home/jabari2/ros2_ws/install/rplidar_ros /usr/bin/cmake --install /home/jabari2/jabari/build/articubot_one
