[0.482s] DEBUG:colcon:Command line arguments: ['/usr/bin/colcon', 'build']
[0.482s] DEBUG:colcon:Parsed command line arguments: Namespace(log_base=None, log_level=None, verb_name='build', build_base='build', install_base='install', merge_install=False, symlink_install=False, test_result_base=None, continue_on_error=False, executor='parallel', parallel_workers=4, event_handlers=None, ignore_user_meta=False, metas=['./colcon.meta'], base_paths=['.'], packages_ignore=None, packages_ignore_regex=None, paths=None, packages_up_to=None, packages_up_to_regex=None, packages_above=None, packages_above_and_dependencies=None, packages_above_depth=None, packages_select_by_dep=None, packages_skip_by_dep=None, packages_skip_up_to=None, packages_select_build_failed=False, packages_skip_build_finished=False, packages_select_test_failures=False, packages_skip_test_passed=False, packages_select=None, packages_skip=None, packages_select_regex=None, packages_skip_regex=None, packages_start=None, packages_end=None, allow_overriding=[], cmake_args=None, cmake_target=None, cmake_target_skip_unavailable=False, cmake_clean_cache=False, cmake_clean_first=False, cmake_force_configure=False, ament_cmake_args=None, catkin_cmake_args=None, catkin_skip_building_tests=False, mixin_files=None, mixin=None, verb_parser=<colcon_mixin.mixin.mixin_argument.MixinArgumentDecorator object at 0xffff882fca60>, verb_extension=<colcon_core.verb.build.BuildVerb object at 0xffff884b5960>, main=<bound method BuildVerb.main of <colcon_core.verb.build.BuildVerb object at 0xffff884b5960>>, mixin_verb=('build',))
[1.343s] Level 1:colcon.colcon_core.package_discovery:discover_packages(colcon_meta) check parameters
[1.344s] Level 1:colcon.colcon_core.package_discovery:discover_packages(recursive) check parameters
[1.344s] Level 1:colcon.colcon_core.package_discovery:discover_packages(ignore) check parameters
[1.344s] Level 1:colcon.colcon_core.package_discovery:discover_packages(path) check parameters
[1.344s] Level 1:colcon.colcon_core.package_discovery:discover_packages(colcon_meta) discover
[1.344s] Level 1:colcon.colcon_core.package_discovery:discover_packages(recursive) discover
[1.344s] INFO:colcon.colcon_core.package_discovery:Crawling recursively for packages in '/home/jabari2/jabari'
[1.345s] Level 1:colcon.colcon_core.package_identification:_identify(.) by extensions ['ignore', 'ignore_ament_install']
[1.345s] Level 1:colcon.colcon_core.package_identification:_identify(.) by extension 'ignore'
[1.345s] Level 1:colcon.colcon_core.package_identification:_identify(.) by extension 'ignore_ament_install'
[1.346s] Level 1:colcon.colcon_core.package_identification:_identify(.) by extensions ['colcon_pkg']
[1.346s] Level 1:colcon.colcon_core.package_identification:_identify(.) by extension 'colcon_pkg'
[1.346s] Level 1:colcon.colcon_core.package_identification:_identify(.) by extensions ['colcon_meta']
[1.346s] Level 1:colcon.colcon_core.package_identification:_identify(.) by extension 'colcon_meta'
[1.346s] Level 1:colcon.colcon_core.package_identification:_identify(.) by extensions ['ros']
[1.346s] Level 1:colcon.colcon_core.package_identification:_identify(.) by extension 'ros'
[1.389s] Level 1:colcon.colcon_core.package_identification:_identify(.) by extensions ['cmake', 'python']
[1.390s] Level 1:colcon.colcon_core.package_identification:_identify(.) by extension 'cmake'
[1.390s] Level 1:colcon.colcon_core.package_identification:_identify(.) by extension 'python'
[1.390s] Level 1:colcon.colcon_core.package_identification:_identify(.) by extensions ['python_setup_py']
[1.390s] Level 1:colcon.colcon_core.package_identification:_identify(.) by extension 'python_setup_py'
[1.391s] Level 1:colcon.colcon_core.package_identification:_identify(articubot_one) by extensions ['ignore', 'ignore_ament_install']
[1.391s] Level 1:colcon.colcon_core.package_identification:_identify(articubot_one) by extension 'ignore'
[1.391s] Level 1:colcon.colcon_core.package_identification:_identify(articubot_one) by extension 'ignore_ament_install'
[1.391s] Level 1:colcon.colcon_core.package_identification:_identify(articubot_one) by extensions ['colcon_pkg']
[1.392s] Level 1:colcon.colcon_core.package_identification:_identify(articubot_one) by extension 'colcon_pkg'
[1.392s] Level 1:colcon.colcon_core.package_identification:_identify(articubot_one) by extensions ['colcon_meta']
[1.392s] Level 1:colcon.colcon_core.package_identification:_identify(articubot_one) by extension 'colcon_meta'
[1.392s] Level 1:colcon.colcon_core.package_identification:_identify(articubot_one) by extensions ['ros']
[1.392s] Level 1:colcon.colcon_core.package_identification:_identify(articubot_one) by extension 'ros'
[1.401s] DEBUG:colcon.colcon_core.package_identification:Package 'articubot_one' with type 'ros.ament_cmake' and name 'articubot_one'
[1.401s] Level 1:colcon.colcon_core.package_identification:_identify(build) by extensions ['ignore', 'ignore_ament_install']
[1.402s] Level 1:colcon.colcon_core.package_identification:_identify(build) by extension 'ignore'
[1.402s] Level 1:colcon.colcon_core.package_identification:_identify(build) ignored
[1.402s] Level 1:colcon.colcon_core.package_identification:_identify(diffdrive_arduino) by extensions ['ignore', 'ignore_ament_install']
[1.403s] Level 1:colcon.colcon_core.package_identification:_identify(diffdrive_arduino) by extension 'ignore'
[1.403s] Level 1:colcon.colcon_core.package_identification:_identify(diffdrive_arduino) by extension 'ignore_ament_install'
[1.403s] Level 1:colcon.colcon_core.package_identification:_identify(diffdrive_arduino) by extensions ['colcon_pkg']
[1.403s] Level 1:colcon.colcon_core.package_identification:_identify(diffdrive_arduino) by extension 'colcon_pkg'
[1.403s] Level 1:colcon.colcon_core.package_identification:_identify(diffdrive_arduino) by extensions ['colcon_meta']
[1.403s] Level 1:colcon.colcon_core.package_identification:_identify(diffdrive_arduino) by extension 'colcon_meta'
[1.404s] Level 1:colcon.colcon_core.package_identification:_identify(diffdrive_arduino) by extensions ['ros']
[1.404s] Level 1:colcon.colcon_core.package_identification:_identify(diffdrive_arduino) by extension 'ros'
[1.408s] DEBUG:colcon.colcon_core.package_identification:Package 'diffdrive_arduino' with type 'ros.ament_cmake' and name 'diffdrive_arduino'
[1.408s] Level 1:colcon.colcon_core.package_identification:_identify(install) by extensions ['ignore', 'ignore_ament_install']
[1.409s] Level 1:colcon.colcon_core.package_identification:_identify(install) by extension 'ignore'
[1.409s] Level 1:colcon.colcon_core.package_identification:_identify(install) ignored
[1.409s] Level 1:colcon.colcon_core.package_identification:_identify(log) by extensions ['ignore', 'ignore_ament_install']
[1.410s] Level 1:colcon.colcon_core.package_identification:_identify(log) by extension 'ignore'
[1.410s] Level 1:colcon.colcon_core.package_identification:_identify(log) ignored
[1.410s] Level 1:colcon.colcon_core.package_identification:_identify(serial) by extensions ['ignore', 'ignore_ament_install']
[1.410s] Level 1:colcon.colcon_core.package_identification:_identify(serial) by extension 'ignore'
[1.411s] Level 1:colcon.colcon_core.package_identification:_identify(serial) by extension 'ignore_ament_install'
[1.411s] Level 1:colcon.colcon_core.package_identification:_identify(serial) by extensions ['colcon_pkg']
[1.411s] Level 1:colcon.colcon_core.package_identification:_identify(serial) by extension 'colcon_pkg'
[1.411s] Level 1:colcon.colcon_core.package_identification:_identify(serial) by extensions ['colcon_meta']
[1.411s] Level 1:colcon.colcon_core.package_identification:_identify(serial) by extension 'colcon_meta'
[1.411s] Level 1:colcon.colcon_core.package_identification:_identify(serial) by extensions ['ros']
[1.412s] Level 1:colcon.colcon_core.package_identification:_identify(serial) by extension 'ros'
[1.414s] DEBUG:colcon.colcon_core.package_identification:Package 'serial' with type 'ros.ament_cmake' and name 'serial'
[1.414s] Level 1:colcon.colcon_core.package_discovery:discover_packages(recursive) using defaults
[1.414s] Level 1:colcon.colcon_core.package_discovery:discover_packages(ignore) discover
[1.414s] Level 1:colcon.colcon_core.package_discovery:discover_packages(ignore) using defaults
[1.414s] Level 1:colcon.colcon_core.package_discovery:discover_packages(path) discover
[1.415s] Level 1:colcon.colcon_core.package_discovery:discover_packages(path) using defaults
[1.537s] Level 1:colcon.colcon_core.package_discovery:discover_packages(prefix_path) check parameters
[1.537s] Level 1:colcon.colcon_core.package_discovery:discover_packages(prefix_path) discover
[1.549s] DEBUG:colcon.colcon_installed_package_information.package_discovery:Found 11 installed packages in /home/jabari2/ros2_ws/install
[1.560s] DEBUG:colcon.colcon_installed_package_information.package_discovery:Found 359 installed packages in /opt/ros/humble
[1.568s] Level 1:colcon.colcon_core.package_discovery:discover_packages(prefix_path) using defaults
[1.772s] Level 5:colcon.colcon_core.verb:set package 'articubot_one' build argument 'cmake_args' from command line to 'None'
[1.772s] Level 5:colcon.colcon_core.verb:set package 'articubot_one' build argument 'cmake_target' from command line to 'None'
[1.772s] Level 5:colcon.colcon_core.verb:set package 'articubot_one' build argument 'cmake_target_skip_unavailable' from command line to 'False'
[1.772s] Level 5:colcon.colcon_core.verb:set package 'articubot_one' build argument 'cmake_clean_cache' from command line to 'False'
[1.772s] Level 5:colcon.colcon_core.verb:set package 'articubot_one' build argument 'cmake_clean_first' from command line to 'False'
[1.772s] Level 5:colcon.colcon_core.verb:set package 'articubot_one' build argument 'cmake_force_configure' from command line to 'False'
[1.773s] Level 5:colcon.colcon_core.verb:set package 'articubot_one' build argument 'ament_cmake_args' from command line to 'None'
[1.773s] Level 5:colcon.colcon_core.verb:set package 'articubot_one' build argument 'catkin_cmake_args' from command line to 'None'
[1.773s] Level 5:colcon.colcon_core.verb:set package 'articubot_one' build argument 'catkin_skip_building_tests' from command line to 'False'
[1.773s] DEBUG:colcon.colcon_core.verb:Building package 'articubot_one' with the following arguments: {'ament_cmake_args': None, 'build_base': '/home/jabari2/jabari/build/articubot_one', 'catkin_cmake_args': None, 'catkin_skip_building_tests': False, 'cmake_args': None, 'cmake_clean_cache': False, 'cmake_clean_first': False, 'cmake_force_configure': False, 'cmake_target': None, 'cmake_target_skip_unavailable': False, 'install_base': '/home/jabari2/jabari/install/articubot_one', 'merge_install': False, 'path': '/home/jabari2/jabari/articubot_one', 'symlink_install': False, 'test_result_base': None}
[1.774s] Level 5:colcon.colcon_core.verb:set package 'serial' build argument 'cmake_args' from command line to 'None'
[1.775s] Level 5:colcon.colcon_core.verb:set package 'serial' build argument 'cmake_target' from command line to 'None'
[1.775s] Level 5:colcon.colcon_core.verb:set package 'serial' build argument 'cmake_target_skip_unavailable' from command line to 'False'
[1.775s] Level 5:colcon.colcon_core.verb:set package 'serial' build argument 'cmake_clean_cache' from command line to 'False'
[1.775s] Level 5:colcon.colcon_core.verb:set package 'serial' build argument 'cmake_clean_first' from command line to 'False'
[1.775s] Level 5:colcon.colcon_core.verb:set package 'serial' build argument 'cmake_force_configure' from command line to 'False'
[1.775s] Level 5:colcon.colcon_core.verb:set package 'serial' build argument 'ament_cmake_args' from command line to 'None'
[1.775s] Level 5:colcon.colcon_core.verb:set package 'serial' build argument 'catkin_cmake_args' from command line to 'None'
[1.775s] Level 5:colcon.colcon_core.verb:set package 'serial' build argument 'catkin_skip_building_tests' from command line to 'False'
[1.775s] DEBUG:colcon.colcon_core.verb:Building package 'serial' with the following arguments: {'ament_cmake_args': None, 'build_base': '/home/jabari2/jabari/build/serial', 'catkin_cmake_args': None, 'catkin_skip_building_tests': False, 'cmake_args': None, 'cmake_clean_cache': False, 'cmake_clean_first': False, 'cmake_force_configure': False, 'cmake_target': None, 'cmake_target_skip_unavailable': False, 'install_base': '/home/jabari2/jabari/install/serial', 'merge_install': False, 'path': '/home/jabari2/jabari/serial', 'symlink_install': False, 'test_result_base': None}
[1.777s] Level 5:colcon.colcon_core.verb:set package 'diffdrive_arduino' build argument 'cmake_args' from command line to 'None'
[1.777s] Level 5:colcon.colcon_core.verb:set package 'diffdrive_arduino' build argument 'cmake_target' from command line to 'None'
[1.777s] Level 5:colcon.colcon_core.verb:set package 'diffdrive_arduino' build argument 'cmake_target_skip_unavailable' from command line to 'False'
[1.777s] Level 5:colcon.colcon_core.verb:set package 'diffdrive_arduino' build argument 'cmake_clean_cache' from command line to 'False'
[1.777s] Level 5:colcon.colcon_core.verb:set package 'diffdrive_arduino' build argument 'cmake_clean_first' from command line to 'False'
[1.777s] Level 5:colcon.colcon_core.verb:set package 'diffdrive_arduino' build argument 'cmake_force_configure' from command line to 'False'
[1.777s] Level 5:colcon.colcon_core.verb:set package 'diffdrive_arduino' build argument 'ament_cmake_args' from command line to 'None'
[1.778s] Level 5:colcon.colcon_core.verb:set package 'diffdrive_arduino' build argument 'catkin_cmake_args' from command line to 'None'
[1.778s] Level 5:colcon.colcon_core.verb:set package 'diffdrive_arduino' build argument 'catkin_skip_building_tests' from command line to 'False'
[1.778s] DEBUG:colcon.colcon_core.verb:Building package 'diffdrive_arduino' with the following arguments: {'ament_cmake_args': None, 'build_base': '/home/jabari2/jabari/build/diffdrive_arduino', 'catkin_cmake_args': None, 'catkin_skip_building_tests': False, 'cmake_args': None, 'cmake_clean_cache': False, 'cmake_clean_first': False, 'cmake_force_configure': False, 'cmake_target': None, 'cmake_target_skip_unavailable': False, 'install_base': '/home/jabari2/jabari/install/diffdrive_arduino', 'merge_install': False, 'path': '/home/jabari2/jabari/diffdrive_arduino', 'symlink_install': False, 'test_result_base': None}
[1.778s] INFO:colcon.colcon_core.executor:Executing jobs using 'parallel' executor
[1.782s] DEBUG:colcon.colcon_parallel_executor.executor.parallel:run_until_complete
[1.783s] INFO:colcon.colcon_ros.task.ament_cmake.build:Building ROS package in '/home/jabari2/jabari/serial' with build type 'ament_cmake'
[1.783s] INFO:colcon.colcon_cmake.task.cmake.build:Building CMake package in '/home/jabari2/jabari/serial'
[1.793s] INFO:colcon.colcon_core.plugin_system:Skipping extension 'colcon_core.shell.bat': Not used on non-Windows systems
[1.794s] INFO:colcon.colcon_core.shell:Skip shell extension 'powershell' for command environment: Not usable outside of PowerShell
[1.794s] DEBUG:colcon.colcon_core.shell:Skip shell extension 'dsv' for command environment
[1.819s] INFO:colcon.colcon_ros.task.ament_cmake.build:Building ROS package in '/home/jabari2/jabari/articubot_one' with build type 'ament_cmake'
[1.819s] INFO:colcon.colcon_cmake.task.cmake.build:Building CMake package in '/home/jabari2/jabari/articubot_one'
[1.820s] INFO:colcon.colcon_core.shell:Skip shell extension 'powershell' for command environment: Not usable outside of PowerShell
[1.821s] DEBUG:colcon.colcon_core.shell:Skip shell extension 'dsv' for command environment
[1.859s] DEBUG:colcon.colcon_core.event_handler.log_command:Invoking command in '/home/jabari2/jabari/build/serial': CMAKE_PREFIX_PATH=/home/jabari2/ros2_ws/install/serial_motor_demo_msgs:/home/jabari2/ros2_ws/install/yolo_image_processor:/home/jabari2/ros2_ws/install/serial_motor_demo:/home/jabari2/ros2_ws/install/motor_control_pkg:/home/jabari2/ros2_ws/install/manual_control:/home/jabari2/ros2_ws/install/jabari_rover_bringup:/home/jabari2/ros2_ws/install/jabari_pan_tilt_control_pkg:/home/jabari2/ros2_ws/install/jabari_dht11_control_pkg:/home/jabari2/ros2_ws/install/diff_drive_controller:/home/jabari2/ros2_ws/install/camera_publisher_pkg:/opt/ros/humble:/home/jabari2/ros2_ws/install/rplidar_ros /usr/bin/cmake --build /home/jabari2/jabari/build/serial -- -j4 -l4
[1.885s] DEBUG:colcon.colcon_core.event_handler.log_command:Invoking command in '/home/jabari2/jabari/build/articubot_one': CMAKE_PREFIX_PATH=/home/jabari2/ros2_ws/install/serial_motor_demo_msgs:/home/jabari2/ros2_ws/install/yolo_image_processor:/home/jabari2/ros2_ws/install/serial_motor_demo:/home/jabari2/ros2_ws/install/motor_control_pkg:/home/jabari2/ros2_ws/install/manual_control:/home/jabari2/ros2_ws/install/jabari_rover_bringup:/home/jabari2/ros2_ws/install/jabari_pan_tilt_control_pkg:/home/jabari2/ros2_ws/install/jabari_dht11_control_pkg:/home/jabari2/ros2_ws/install/diff_drive_controller:/home/jabari2/ros2_ws/install/camera_publisher_pkg:/opt/ros/humble:/home/jabari2/ros2_ws/install/rplidar_ros /usr/bin/cmake --build /home/jabari2/jabari/build/articubot_one -- -j4 -l4
[2.044s] DEBUG:colcon.colcon_core.event_handler.log_command:Invoked command in '/home/jabari2/jabari/build/articubot_one' returned '0': CMAKE_PREFIX_PATH=/home/jabari2/ros2_ws/install/serial_motor_demo_msgs:/home/jabari2/ros2_ws/install/yolo_image_processor:/home/jabari2/ros2_ws/install/serial_motor_demo:/home/jabari2/ros2_ws/install/motor_control_pkg:/home/jabari2/ros2_ws/install/manual_control:/home/jabari2/ros2_ws/install/jabari_rover_bringup:/home/jabari2/ros2_ws/install/jabari_pan_tilt_control_pkg:/home/jabari2/ros2_ws/install/jabari_dht11_control_pkg:/home/jabari2/ros2_ws/install/diff_drive_controller:/home/jabari2/ros2_ws/install/camera_publisher_pkg:/opt/ros/humble:/home/jabari2/ros2_ws/install/rplidar_ros /usr/bin/cmake --build /home/jabari2/jabari/build/articubot_one -- -j4 -l4
[2.086s] DEBUG:colcon.colcon_core.event_handler.log_command:Invoking command in '/home/jabari2/jabari/build/articubot_one': CMAKE_PREFIX_PATH=/home/jabari2/ros2_ws/install/serial_motor_demo_msgs:/home/jabari2/ros2_ws/install/yolo_image_processor:/home/jabari2/ros2_ws/install/serial_motor_demo:/home/jabari2/ros2_ws/install/motor_control_pkg:/home/jabari2/ros2_ws/install/manual_control:/home/jabari2/ros2_ws/install/jabari_rover_bringup:/home/jabari2/ros2_ws/install/jabari_pan_tilt_control_pkg:/home/jabari2/ros2_ws/install/jabari_dht11_control_pkg:/home/jabari2/ros2_ws/install/diff_drive_controller:/home/jabari2/ros2_ws/install/camera_publisher_pkg:/opt/ros/humble:/home/jabari2/ros2_ws/install/rplidar_ros /usr/bin/cmake --install /home/jabari2/jabari/build/articubot_one
[2.149s] Level 1:colcon.colcon_core.environment:create_environment_scripts_only(articubot_one)
[2.178s] DEBUG:colcon.colcon_core.event_handler.log_command:Invoked command in '/home/jabari2/jabari/build/articubot_one' returned '0': CMAKE_PREFIX_PATH=/home/jabari2/ros2_ws/install/serial_motor_demo_msgs:/home/jabari2/ros2_ws/install/yolo_image_processor:/home/jabari2/ros2_ws/install/serial_motor_demo:/home/jabari2/ros2_ws/install/motor_control_pkg:/home/jabari2/ros2_ws/install/manual_control:/home/jabari2/ros2_ws/install/jabari_rover_bringup:/home/jabari2/ros2_ws/install/jabari_pan_tilt_control_pkg:/home/jabari2/ros2_ws/install/jabari_dht11_control_pkg:/home/jabari2/ros2_ws/install/diff_drive_controller:/home/jabari2/ros2_ws/install/camera_publisher_pkg:/opt/ros/humble:/home/jabari2/ros2_ws/install/rplidar_ros /usr/bin/cmake --install /home/jabari2/jabari/build/articubot_one
[2.189s] Level 1:colcon.colcon_core.environment:checking '/home/jabari2/jabari/install/articubot_one' for CMake module files
[2.193s] Level 1:colcon.colcon_core.environment:checking '/home/jabari2/jabari/install/articubot_one' for CMake config files
[2.195s] Level 1:colcon.colcon_core.shell:create_environment_hook('articubot_one', 'cmake_prefix_path')
[2.196s] INFO:colcon.colcon_core.shell:Creating environment hook '/home/jabari2/jabari/install/articubot_one/share/articubot_one/hook/cmake_prefix_path.ps1'
[2.199s] INFO:colcon.colcon_core.shell:Creating environment descriptor '/home/jabari2/jabari/install/articubot_one/share/articubot_one/hook/cmake_prefix_path.dsv'
[2.201s] INFO:colcon.colcon_core.shell:Creating environment hook '/home/jabari2/jabari/install/articubot_one/share/articubot_one/hook/cmake_prefix_path.sh'
[2.206s] Level 1:colcon.colcon_core.environment:checking '/home/jabari2/jabari/install/articubot_one/bin'
[2.207s] Level 1:colcon.colcon_core.environment:checking '/home/jabari2/jabari/install/articubot_one/lib/pkgconfig/articubot_one.pc'
[2.208s] Level 1:colcon.colcon_core.environment:checking '/home/jabari2/jabari/install/articubot_one/lib/python3.10/site-packages'
[2.209s] Level 1:colcon.colcon_core.environment:checking '/home/jabari2/jabari/install/articubot_one/bin'
[2.211s] INFO:colcon.colcon_core.shell:Creating package script '/home/jabari2/jabari/install/articubot_one/share/articubot_one/package.ps1'
[2.215s] INFO:colcon.colcon_core.shell:Creating package descriptor '/home/jabari2/jabari/install/articubot_one/share/articubot_one/package.dsv'
[2.221s] INFO:colcon.colcon_core.shell:Creating package script '/home/jabari2/jabari/install/articubot_one/share/articubot_one/package.sh'
[2.226s] INFO:colcon.colcon_core.shell:Creating package script '/home/jabari2/jabari/install/articubot_one/share/articubot_one/package.bash'
[2.234s] INFO:colcon.colcon_core.shell:Creating package script '/home/jabari2/jabari/install/articubot_one/share/articubot_one/package.zsh'
[2.241s] Level 1:colcon.colcon_core.environment:create_file_with_runtime_dependencies(/home/jabari2/jabari/install/articubot_one/share/colcon-core/packages/articubot_one)
[2.244s] Level 1:colcon.colcon_core.environment:create_environment_scripts_only(articubot_one)
[2.245s] Level 1:colcon.colcon_core.environment:checking '/home/jabari2/jabari/install/articubot_one' for CMake module files
[2.249s] Level 1:colcon.colcon_core.environment:checking '/home/jabari2/jabari/install/articubot_one' for CMake config files
[2.250s] Level 1:colcon.colcon_core.shell:create_environment_hook('articubot_one', 'cmake_prefix_path')
[2.251s] INFO:colcon.colcon_core.shell:Creating environment hook '/home/jabari2/jabari/install/articubot_one/share/articubot_one/hook/cmake_prefix_path.ps1'
[2.253s] INFO:colcon.colcon_core.shell:Creating environment descriptor '/home/jabari2/jabari/install/articubot_one/share/articubot_one/hook/cmake_prefix_path.dsv'
[2.255s] INFO:colcon.colcon_core.shell:Creating environment hook '/home/jabari2/jabari/install/articubot_one/share/articubot_one/hook/cmake_prefix_path.sh'
[2.258s] Level 1:colcon.colcon_core.environment:checking '/home/jabari2/jabari/install/articubot_one/bin'
[2.259s] Level 1:colcon.colcon_core.environment:checking '/home/jabari2/jabari/install/articubot_one/lib/pkgconfig/articubot_one.pc'
[2.260s] Level 1:colcon.colcon_core.environment:checking '/home/jabari2/jabari/install/articubot_one/lib/python3.10/site-packages'
[2.261s] Level 1:colcon.colcon_core.environment:checking '/home/jabari2/jabari/install/articubot_one/bin'
[2.263s] INFO:colcon.colcon_core.shell:Creating package script '/home/jabari2/jabari/install/articubot_one/share/articubot_one/package.ps1'
[2.266s] INFO:colcon.colcon_core.shell:Creating package descriptor '/home/jabari2/jabari/install/articubot_one/share/articubot_one/package.dsv'
[2.269s] INFO:colcon.colcon_core.shell:Creating package script '/home/jabari2/jabari/install/articubot_one/share/articubot_one/package.sh'
[2.272s] INFO:colcon.colcon_core.shell:Creating package script '/home/jabari2/jabari/install/articubot_one/share/articubot_one/package.bash'
[2.274s] INFO:colcon.colcon_core.shell:Creating package script '/home/jabari2/jabari/install/articubot_one/share/articubot_one/package.zsh'
[2.276s] Level 1:colcon.colcon_core.environment:create_file_with_runtime_dependencies(/home/jabari2/jabari/install/articubot_one/share/colcon-core/packages/articubot_one)
[2.284s] DEBUG:colcon.colcon_core.event_handler.log_command:Invoked command in '/home/jabari2/jabari/build/serial' returned '0': CMAKE_PREFIX_PATH=/home/jabari2/ros2_ws/install/serial_motor_demo_msgs:/home/jabari2/ros2_ws/install/yolo_image_processor:/home/jabari2/ros2_ws/install/serial_motor_demo:/home/jabari2/ros2_ws/install/motor_control_pkg:/home/jabari2/ros2_ws/install/manual_control:/home/jabari2/ros2_ws/install/jabari_rover_bringup:/home/jabari2/ros2_ws/install/jabari_pan_tilt_control_pkg:/home/jabari2/ros2_ws/install/jabari_dht11_control_pkg:/home/jabari2/ros2_ws/install/diff_drive_controller:/home/jabari2/ros2_ws/install/camera_publisher_pkg:/opt/ros/humble:/home/jabari2/ros2_ws/install/rplidar_ros /usr/bin/cmake --build /home/jabari2/jabari/build/serial -- -j4 -l4
[2.294s] DEBUG:colcon.colcon_core.event_handler.log_command:Invoking command in '/home/jabari2/jabari/build/serial': CMAKE_PREFIX_PATH=/home/jabari2/ros2_ws/install/serial_motor_demo_msgs:/home/jabari2/ros2_ws/install/yolo_image_processor:/home/jabari2/ros2_ws/install/serial_motor_demo:/home/jabari2/ros2_ws/install/motor_control_pkg:/home/jabari2/ros2_ws/install/manual_control:/home/jabari2/ros2_ws/install/jabari_rover_bringup:/home/jabari2/ros2_ws/install/jabari_pan_tilt_control_pkg:/home/jabari2/ros2_ws/install/jabari_dht11_control_pkg:/home/jabari2/ros2_ws/install/diff_drive_controller:/home/jabari2/ros2_ws/install/camera_publisher_pkg:/opt/ros/humble:/home/jabari2/ros2_ws/install/rplidar_ros /usr/bin/cmake --install /home/jabari2/jabari/build/serial
[2.331s] Level 1:colcon.colcon_core.environment:create_environment_scripts_only(serial)
[2.332s] Level 1:colcon.colcon_core.environment:checking '/home/jabari2/jabari/install/serial' for CMake module files
[2.333s] DEBUG:colcon.colcon_core.event_handler.log_command:Invoked command in '/home/jabari2/jabari/build/serial' returned '0': CMAKE_PREFIX_PATH=/home/jabari2/ros2_ws/install/serial_motor_demo_msgs:/home/jabari2/ros2_ws/install/yolo_image_processor:/home/jabari2/ros2_ws/install/serial_motor_demo:/home/jabari2/ros2_ws/install/motor_control_pkg:/home/jabari2/ros2_ws/install/manual_control:/home/jabari2/ros2_ws/install/jabari_rover_bringup:/home/jabari2/ros2_ws/install/jabari_pan_tilt_control_pkg:/home/jabari2/ros2_ws/install/jabari_dht11_control_pkg:/home/jabari2/ros2_ws/install/diff_drive_controller:/home/jabari2/ros2_ws/install/camera_publisher_pkg:/opt/ros/humble:/home/jabari2/ros2_ws/install/rplidar_ros /usr/bin/cmake --install /home/jabari2/jabari/build/serial
[2.336s] Level 1:colcon.colcon_core.environment:checking '/home/jabari2/jabari/install/serial' for CMake config files
[2.337s] Level 1:colcon.colcon_core.shell:create_environment_hook('serial', 'cmake_prefix_path')
[2.338s] INFO:colcon.colcon_core.shell:Creating environment hook '/home/jabari2/jabari/install/serial/share/serial/hook/cmake_prefix_path.ps1'
[2.340s] INFO:colcon.colcon_core.shell:Creating environment descriptor '/home/jabari2/jabari/install/serial/share/serial/hook/cmake_prefix_path.dsv'
[2.342s] INFO:colcon.colcon_core.shell:Creating environment hook '/home/jabari2/jabari/install/serial/share/serial/hook/cmake_prefix_path.sh'
[2.345s] Level 1:colcon.colcon_core.environment:checking '/home/jabari2/jabari/install/serial/lib'
[2.346s] Level 1:colcon.colcon_core.environment:checking '/home/jabari2/jabari/install/serial/bin'
[2.346s] Level 1:colcon.colcon_core.environment:checking '/home/jabari2/jabari/install/serial/lib/pkgconfig/serial.pc'
[2.347s] Level 1:colcon.colcon_core.environment:checking '/home/jabari2/jabari/install/serial/lib/python3.10/site-packages'
[2.348s] Level 1:colcon.colcon_core.environment:checking '/home/jabari2/jabari/install/serial/bin'
[2.349s] INFO:colcon.colcon_core.shell:Creating package script '/home/jabari2/jabari/install/serial/share/serial/package.ps1'
[2.351s] INFO:colcon.colcon_core.shell:Creating package descriptor '/home/jabari2/jabari/install/serial/share/serial/package.dsv'
[2.353s] INFO:colcon.colcon_core.shell:Creating package script '/home/jabari2/jabari/install/serial/share/serial/package.sh'
[2.355s] INFO:colcon.colcon_core.shell:Creating package script '/home/jabari2/jabari/install/serial/share/serial/package.bash'
[2.357s] INFO:colcon.colcon_core.shell:Creating package script '/home/jabari2/jabari/install/serial/share/serial/package.zsh'
[2.359s] Level 1:colcon.colcon_core.environment:create_file_with_runtime_dependencies(/home/jabari2/jabari/install/serial/share/colcon-core/packages/serial)
[2.361s] Level 1:colcon.colcon_core.environment:create_environment_scripts_only(serial)
[2.362s] Level 1:colcon.colcon_core.environment:checking '/home/jabari2/jabari/install/serial' for CMake module files
[2.365s] Level 1:colcon.colcon_core.environment:checking '/home/jabari2/jabari/install/serial' for CMake config files
[2.366s] Level 1:colcon.colcon_core.shell:create_environment_hook('serial', 'cmake_prefix_path')
[2.367s] INFO:colcon.colcon_core.shell:Creating environment hook '/home/jabari2/jabari/install/serial/share/serial/hook/cmake_prefix_path.ps1'
[2.369s] INFO:colcon.colcon_core.shell:Creating environment descriptor '/home/jabari2/jabari/install/serial/share/serial/hook/cmake_prefix_path.dsv'
[2.370s] INFO:colcon.colcon_core.shell:Creating environment hook '/home/jabari2/jabari/install/serial/share/serial/hook/cmake_prefix_path.sh'
[2.373s] Level 1:colcon.colcon_core.environment:checking '/home/jabari2/jabari/install/serial/lib'
[2.373s] Level 1:colcon.colcon_core.environment:checking '/home/jabari2/jabari/install/serial/bin'
[2.373s] Level 1:colcon.colcon_core.environment:checking '/home/jabari2/jabari/install/serial/lib/pkgconfig/serial.pc'
[2.374s] Level 1:colcon.colcon_core.environment:checking '/home/jabari2/jabari/install/serial/lib/python3.10/site-packages'
[2.375s] Level 1:colcon.colcon_core.environment:checking '/home/jabari2/jabari/install/serial/bin'
[2.376s] INFO:colcon.colcon_core.shell:Creating package script '/home/jabari2/jabari/install/serial/share/serial/package.ps1'
[2.378s] INFO:colcon.colcon_core.shell:Creating package descriptor '/home/jabari2/jabari/install/serial/share/serial/package.dsv'
[2.381s] INFO:colcon.colcon_core.shell:Creating package script '/home/jabari2/jabari/install/serial/share/serial/package.sh'
[2.383s] INFO:colcon.colcon_core.shell:Creating package script '/home/jabari2/jabari/install/serial/share/serial/package.bash'
[2.385s] INFO:colcon.colcon_core.shell:Creating package script '/home/jabari2/jabari/install/serial/share/serial/package.zsh'
[2.387s] Level 1:colcon.colcon_core.environment:create_file_with_runtime_dependencies(/home/jabari2/jabari/install/serial/share/colcon-core/packages/serial)
[2.388s] INFO:colcon.colcon_ros.task.ament_cmake.build:Building ROS package in '/home/jabari2/jabari/diffdrive_arduino' with build type 'ament_cmake'
[2.388s] INFO:colcon.colcon_cmake.task.cmake.build:Building CMake package in '/home/jabari2/jabari/diffdrive_arduino'
[2.389s] INFO:colcon.colcon_core.shell:Skip shell extension 'powershell' for command environment: Not usable outside of PowerShell
[2.389s] DEBUG:colcon.colcon_core.shell:Skip shell extension 'dsv' for command environment
[2.446s] DEBUG:colcon.colcon_core.event_handler.log_command:Invoking command in '/home/jabari2/jabari/build/diffdrive_arduino': AMENT_PREFIX_PATH=/home/jabari2/jabari/install/serial:${AMENT_PREFIX_PATH} CMAKE_PREFIX_PATH=/home/jabari2/jabari/install/serial:/home/jabari2/ros2_ws/install/serial_motor_demo_msgs:/home/jabari2/ros2_ws/install/yolo_image_processor:/home/jabari2/ros2_ws/install/serial_motor_demo:/home/jabari2/ros2_ws/install/motor_control_pkg:/home/jabari2/ros2_ws/install/manual_control:/home/jabari2/ros2_ws/install/jabari_rover_bringup:/home/jabari2/ros2_ws/install/jabari_pan_tilt_control_pkg:/home/jabari2/ros2_ws/install/jabari_dht11_control_pkg:/home/jabari2/ros2_ws/install/diff_drive_controller:/home/jabari2/ros2_ws/install/camera_publisher_pkg:/opt/ros/humble:/home/jabari2/ros2_ws/install/rplidar_ros LD_LIBRARY_PATH=/home/jabari2/jabari/install/serial/lib:${LD_LIBRARY_PATH} /usr/bin/cmake /home/jabari2/jabari/diffdrive_arduino -DCMAKE_INSTALL_PREFIX=/home/jabari2/jabari/install/diffdrive_arduino
[8.922s] DEBUG:colcon.colcon_core.event_handler.log_command:Invoked command in '/home/jabari2/jabari/build/diffdrive_arduino' returned '0': AMENT_PREFIX_PATH=/home/jabari2/jabari/install/serial:${AMENT_PREFIX_PATH} CMAKE_PREFIX_PATH=/home/jabari2/jabari/install/serial:/home/jabari2/ros2_ws/install/serial_motor_demo_msgs:/home/jabari2/ros2_ws/install/yolo_image_processor:/home/jabari2/ros2_ws/install/serial_motor_demo:/home/jabari2/ros2_ws/install/motor_control_pkg:/home/jabari2/ros2_ws/install/manual_control:/home/jabari2/ros2_ws/install/jabari_rover_bringup:/home/jabari2/ros2_ws/install/jabari_pan_tilt_control_pkg:/home/jabari2/ros2_ws/install/jabari_dht11_control_pkg:/home/jabari2/ros2_ws/install/diff_drive_controller:/home/jabari2/ros2_ws/install/camera_publisher_pkg:/opt/ros/humble:/home/jabari2/ros2_ws/install/rplidar_ros LD_LIBRARY_PATH=/home/jabari2/jabari/install/serial/lib:${LD_LIBRARY_PATH} /usr/bin/cmake /home/jabari2/jabari/diffdrive_arduino -DCMAKE_INSTALL_PREFIX=/home/jabari2/jabari/install/diffdrive_arduino
[8.932s] DEBUG:colcon.colcon_core.event_handler.log_command:Invoking command in '/home/jabari2/jabari/build/diffdrive_arduino': AMENT_PREFIX_PATH=/home/jabari2/jabari/install/serial:${AMENT_PREFIX_PATH} CMAKE_PREFIX_PATH=/home/jabari2/jabari/install/serial:/home/jabari2/ros2_ws/install/serial_motor_demo_msgs:/home/jabari2/ros2_ws/install/yolo_image_processor:/home/jabari2/ros2_ws/install/serial_motor_demo:/home/jabari2/ros2_ws/install/motor_control_pkg:/home/jabari2/ros2_ws/install/manual_control:/home/jabari2/ros2_ws/install/jabari_rover_bringup:/home/jabari2/ros2_ws/install/jabari_pan_tilt_control_pkg:/home/jabari2/ros2_ws/install/jabari_dht11_control_pkg:/home/jabari2/ros2_ws/install/diff_drive_controller:/home/jabari2/ros2_ws/install/camera_publisher_pkg:/opt/ros/humble:/home/jabari2/ros2_ws/install/rplidar_ros LD_LIBRARY_PATH=/home/jabari2/jabari/install/serial/lib:${LD_LIBRARY_PATH} /usr/bin/cmake --build /home/jabari2/jabari/build/diffdrive_arduino -- -j4 -l4
[28.457s] DEBUG:colcon.colcon_core.event_handler.log_command:Invoked command in '/home/jabari2/jabari/build/diffdrive_arduino' returned '0': AMENT_PREFIX_PATH=/home/jabari2/jabari/install/serial:${AMENT_PREFIX_PATH} CMAKE_PREFIX_PATH=/home/jabari2/jabari/install/serial:/home/jabari2/ros2_ws/install/serial_motor_demo_msgs:/home/jabari2/ros2_ws/install/yolo_image_processor:/home/jabari2/ros2_ws/install/serial_motor_demo:/home/jabari2/ros2_ws/install/motor_control_pkg:/home/jabari2/ros2_ws/install/manual_control:/home/jabari2/ros2_ws/install/jabari_rover_bringup:/home/jabari2/ros2_ws/install/jabari_pan_tilt_control_pkg:/home/jabari2/ros2_ws/install/jabari_dht11_control_pkg:/home/jabari2/ros2_ws/install/diff_drive_controller:/home/jabari2/ros2_ws/install/camera_publisher_pkg:/opt/ros/humble:/home/jabari2/ros2_ws/install/rplidar_ros LD_LIBRARY_PATH=/home/jabari2/jabari/install/serial/lib:${LD_LIBRARY_PATH} /usr/bin/cmake --build /home/jabari2/jabari/build/diffdrive_arduino -- -j4 -l4
[28.467s] DEBUG:colcon.colcon_core.event_handler.log_command:Invoking command in '/home/jabari2/jabari/build/diffdrive_arduino': AMENT_PREFIX_PATH=/home/jabari2/jabari/install/serial:${AMENT_PREFIX_PATH} CMAKE_PREFIX_PATH=/home/jabari2/jabari/install/serial:/home/jabari2/ros2_ws/install/serial_motor_demo_msgs:/home/jabari2/ros2_ws/install/yolo_image_processor:/home/jabari2/ros2_ws/install/serial_motor_demo:/home/jabari2/ros2_ws/install/motor_control_pkg:/home/jabari2/ros2_ws/install/manual_control:/home/jabari2/ros2_ws/install/jabari_rover_bringup:/home/jabari2/ros2_ws/install/jabari_pan_tilt_control_pkg:/home/jabari2/ros2_ws/install/jabari_dht11_control_pkg:/home/jabari2/ros2_ws/install/diff_drive_controller:/home/jabari2/ros2_ws/install/camera_publisher_pkg:/opt/ros/humble:/home/jabari2/ros2_ws/install/rplidar_ros LD_LIBRARY_PATH=/home/jabari2/jabari/install/serial/lib:${LD_LIBRARY_PATH} /usr/bin/cmake --install /home/jabari2/jabari/build/diffdrive_arduino
[28.545s] Level 1:colcon.colcon_core.environment:create_environment_scripts_only(diffdrive_arduino)
[28.546s] Level 1:colcon.colcon_core.environment:checking '/home/jabari2/jabari/install/diffdrive_arduino' for CMake module files
[28.548s] DEBUG:colcon.colcon_core.event_handler.log_command:Invoked command in '/home/jabari2/jabari/build/diffdrive_arduino' returned '0': AMENT_PREFIX_PATH=/home/jabari2/jabari/install/serial:${AMENT_PREFIX_PATH} CMAKE_PREFIX_PATH=/home/jabari2/jabari/install/serial:/home/jabari2/ros2_ws/install/serial_motor_demo_msgs:/home/jabari2/ros2_ws/install/yolo_image_processor:/home/jabari2/ros2_ws/install/serial_motor_demo:/home/jabari2/ros2_ws/install/motor_control_pkg:/home/jabari2/ros2_ws/install/manual_control:/home/jabari2/ros2_ws/install/jabari_rover_bringup:/home/jabari2/ros2_ws/install/jabari_pan_tilt_control_pkg:/home/jabari2/ros2_ws/install/jabari_dht11_control_pkg:/home/jabari2/ros2_ws/install/diff_drive_controller:/home/jabari2/ros2_ws/install/camera_publisher_pkg:/opt/ros/humble:/home/jabari2/ros2_ws/install/rplidar_ros LD_LIBRARY_PATH=/home/jabari2/jabari/install/serial/lib:${LD_LIBRARY_PATH} /usr/bin/cmake --install /home/jabari2/jabari/build/diffdrive_arduino
[28.550s] Level 1:colcon.colcon_core.environment:checking '/home/jabari2/jabari/install/diffdrive_arduino' for CMake config files
[28.552s] Level 1:colcon.colcon_core.shell:create_environment_hook('diffdrive_arduino', 'cmake_prefix_path')
[28.552s] INFO:colcon.colcon_core.shell:Creating environment hook '/home/jabari2/jabari/install/diffdrive_arduino/share/diffdrive_arduino/hook/cmake_prefix_path.ps1'
[28.554s] INFO:colcon.colcon_core.shell:Creating environment descriptor '/home/jabari2/jabari/install/diffdrive_arduino/share/diffdrive_arduino/hook/cmake_prefix_path.dsv'
[28.556s] INFO:colcon.colcon_core.shell:Creating environment hook '/home/jabari2/jabari/install/diffdrive_arduino/share/diffdrive_arduino/hook/cmake_prefix_path.sh'
[28.558s] Level 1:colcon.colcon_core.environment:checking '/home/jabari2/jabari/install/diffdrive_arduino/lib'
[28.559s] Level 1:colcon.colcon_core.shell:create_environment_hook('diffdrive_arduino', 'ld_library_path_lib')
[28.559s] INFO:colcon.colcon_core.shell:Creating environment hook '/home/jabari2/jabari/install/diffdrive_arduino/share/diffdrive_arduino/hook/ld_library_path_lib.ps1'
[28.561s] INFO:colcon.colcon_core.shell:Creating environment descriptor '/home/jabari2/jabari/install/diffdrive_arduino/share/diffdrive_arduino/hook/ld_library_path_lib.dsv'
[28.563s] INFO:colcon.colcon_core.shell:Creating environment hook '/home/jabari2/jabari/install/diffdrive_arduino/share/diffdrive_arduino/hook/ld_library_path_lib.sh'
[28.565s] Level 1:colcon.colcon_core.environment:checking '/home/jabari2/jabari/install/diffdrive_arduino/bin'
[28.565s] Level 1:colcon.colcon_core.environment:checking '/home/jabari2/jabari/install/diffdrive_arduino/lib/pkgconfig/diffdrive_arduino.pc'
[28.566s] Level 1:colcon.colcon_core.environment:checking '/home/jabari2/jabari/install/diffdrive_arduino/lib/python3.10/site-packages'
[28.567s] Level 1:colcon.colcon_core.environment:checking '/home/jabari2/jabari/install/diffdrive_arduino/bin'
[28.568s] INFO:colcon.colcon_core.shell:Creating package script '/home/jabari2/jabari/install/diffdrive_arduino/share/diffdrive_arduino/package.ps1'
[28.571s] INFO:colcon.colcon_core.shell:Creating package descriptor '/home/jabari2/jabari/install/diffdrive_arduino/share/diffdrive_arduino/package.dsv'
[28.573s] INFO:colcon.colcon_core.shell:Creating package script '/home/jabari2/jabari/install/diffdrive_arduino/share/diffdrive_arduino/package.sh'
[28.575s] INFO:colcon.colcon_core.shell:Creating package script '/home/jabari2/jabari/install/diffdrive_arduino/share/diffdrive_arduino/package.bash'
[28.577s] INFO:colcon.colcon_core.shell:Creating package script '/home/jabari2/jabari/install/diffdrive_arduino/share/diffdrive_arduino/package.zsh'
[28.579s] Level 1:colcon.colcon_core.environment:create_file_with_runtime_dependencies(/home/jabari2/jabari/install/diffdrive_arduino/share/colcon-core/packages/diffdrive_arduino)
[28.581s] Level 1:colcon.colcon_core.environment:create_environment_scripts_only(diffdrive_arduino)
[28.582s] Level 1:colcon.colcon_core.environment:checking '/home/jabari2/jabari/install/diffdrive_arduino' for CMake module files
[28.585s] Level 1:colcon.colcon_core.environment:checking '/home/jabari2/jabari/install/diffdrive_arduino' for CMake config files
[28.586s] Level 1:colcon.colcon_core.shell:create_environment_hook('diffdrive_arduino', 'cmake_prefix_path')
[28.587s] INFO:colcon.colcon_core.shell:Creating environment hook '/home/jabari2/jabari/install/diffdrive_arduino/share/diffdrive_arduino/hook/cmake_prefix_path.ps1'
[28.589s] INFO:colcon.colcon_core.shell:Creating environment descriptor '/home/jabari2/jabari/install/diffdrive_arduino/share/diffdrive_arduino/hook/cmake_prefix_path.dsv'
[28.591s] INFO:colcon.colcon_core.shell:Creating environment hook '/home/jabari2/jabari/install/diffdrive_arduino/share/diffdrive_arduino/hook/cmake_prefix_path.sh'
[28.593s] Level 1:colcon.colcon_core.environment:checking '/home/jabari2/jabari/install/diffdrive_arduino/lib'
[28.594s] Level 1:colcon.colcon_core.shell:create_environment_hook('diffdrive_arduino', 'ld_library_path_lib')
[28.594s] INFO:colcon.colcon_core.shell:Creating environment hook '/home/jabari2/jabari/install/diffdrive_arduino/share/diffdrive_arduino/hook/ld_library_path_lib.ps1'
[28.596s] INFO:colcon.colcon_core.shell:Creating environment descriptor '/home/jabari2/jabari/install/diffdrive_arduino/share/diffdrive_arduino/hook/ld_library_path_lib.dsv'
[28.598s] INFO:colcon.colcon_core.shell:Creating environment hook '/home/jabari2/jabari/install/diffdrive_arduino/share/diffdrive_arduino/hook/ld_library_path_lib.sh'
[28.600s] Level 1:colcon.colcon_core.environment:checking '/home/jabari2/jabari/install/diffdrive_arduino/bin'
[28.600s] Level 1:colcon.colcon_core.environment:checking '/home/jabari2/jabari/install/diffdrive_arduino/lib/pkgconfig/diffdrive_arduino.pc'
[28.601s] Level 1:colcon.colcon_core.environment:checking '/home/jabari2/jabari/install/diffdrive_arduino/lib/python3.10/site-packages'
[28.602s] Level 1:colcon.colcon_core.environment:checking '/home/jabari2/jabari/install/diffdrive_arduino/bin'
[28.603s] INFO:colcon.colcon_core.shell:Creating package script '/home/jabari2/jabari/install/diffdrive_arduino/share/diffdrive_arduino/package.ps1'
[28.605s] INFO:colcon.colcon_core.shell:Creating package descriptor '/home/jabari2/jabari/install/diffdrive_arduino/share/diffdrive_arduino/package.dsv'
[28.608s] INFO:colcon.colcon_core.shell:Creating package script '/home/jabari2/jabari/install/diffdrive_arduino/share/diffdrive_arduino/package.sh'
[28.610s] INFO:colcon.colcon_core.shell:Creating package script '/home/jabari2/jabari/install/diffdrive_arduino/share/diffdrive_arduino/package.bash'
[28.612s] INFO:colcon.colcon_core.shell:Creating package script '/home/jabari2/jabari/install/diffdrive_arduino/share/diffdrive_arduino/package.zsh'
[28.614s] Level 1:colcon.colcon_core.environment:create_file_with_runtime_dependencies(/home/jabari2/jabari/install/diffdrive_arduino/share/colcon-core/packages/diffdrive_arduino)
[28.615s] DEBUG:colcon.colcon_parallel_executor.executor.parallel:closing loop
[28.616s] DEBUG:colcon.colcon_parallel_executor.executor.parallel:loop closed
[28.617s] DEBUG:colcon.colcon_parallel_executor.executor.parallel:run_until_complete finished with '0'
[28.617s] DEBUG:colcon.colcon_core.event_reactor:joining thread
[28.639s] INFO:colcon.colcon_core.plugin_system:Skipping extension 'colcon_notification.desktop_notification.notify_send': Could not find 'notify-send'
[28.639s] INFO:colcon.colcon_core.plugin_system:Skipping extension 'colcon_notification.desktop_notification.terminal_notifier': Not used on non-Darwin systems
[28.639s] INFO:colcon.colcon_core.plugin_system:Skipping extension 'colcon_notification.desktop_notification.win32': Not used on non-Windows systems
[28.640s] INFO:colcon.colcon_notification.desktop_notification:Sending desktop notification using 'notify2'
[28.642s] DEBUG:colcon.colcon_notification.desktop_notification.notify2:Failed to initialize notify2: org.freedesktop.DBus.Error.ServiceUnknown: The name org.freedesktop.Notifications was not provided by any .service files
[28.643s] DEBUG:colcon.colcon_core.event_reactor:joined thread
[28.644s] INFO:colcon.colcon_core.shell:Creating prefix script '/home/jabari2/jabari/install/local_setup.ps1'
[28.648s] INFO:colcon.colcon_core.shell:Creating prefix util module '/home/jabari2/jabari/install/_local_setup_util_ps1.py'
[28.653s] INFO:colcon.colcon_core.shell:Creating prefix chain script '/home/jabari2/jabari/install/setup.ps1'
[28.661s] INFO:colcon.colcon_core.shell:Creating prefix script '/home/jabari2/jabari/install/local_setup.sh'
[28.664s] INFO:colcon.colcon_core.shell:Creating prefix util module '/home/jabari2/jabari/install/_local_setup_util_sh.py'
[28.667s] INFO:colcon.colcon_core.shell:Creating prefix chain script '/home/jabari2/jabari/install/setup.sh'
[28.674s] INFO:colcon.colcon_core.shell:Creating prefix script '/home/jabari2/jabari/install/local_setup.bash'
[28.677s] INFO:colcon.colcon_core.shell:Creating prefix chain script '/home/jabari2/jabari/install/setup.bash'
[28.684s] INFO:colcon.colcon_core.shell:Creating prefix script '/home/jabari2/jabari/install/local_setup.zsh'
[28.686s] INFO:colcon.colcon_core.shell:Creating prefix chain script '/home/jabari2/jabari/install/setup.zsh'
