[0.684s] DEBUG:colcon:Command line arguments: ['/usr/bin/colcon', 'build']
[0.685s] DEBUG:colcon:Parsed command line arguments: Namespace(log_base=None, log_level=None, verb_name='build', build_base='build', install_base='install', merge_install=False, symlink_install=False, test_result_base=None, continue_on_error=False, executor='parallel', parallel_workers=4, event_handlers=None, ignore_user_meta=False, metas=['./colcon.meta'], base_paths=['.'], packages_ignore=None, packages_ignore_regex=None, paths=None, packages_up_to=None, packages_up_to_regex=None, packages_above=None, packages_above_and_dependencies=None, packages_above_depth=None, packages_select_by_dep=None, packages_skip_by_dep=None, packages_skip_up_to=None, packages_select_build_failed=False, packages_skip_build_finished=False, packages_select_test_failures=False, packages_skip_test_passed=False, packages_select=None, packages_skip=None, packages_select_regex=None, packages_skip_regex=None, packages_start=None, packages_end=None, allow_overriding=[], cmake_args=None, cmake_target=None, cmake_target_skip_unavailable=False, cmake_clean_cache=False, cmake_clean_first=False, cmake_force_configure=False, ament_cmake_args=None, catkin_cmake_args=None, catkin_skip_building_tests=False, mixin_files=None, mixin=None, verb_parser=<colcon_mixin.mixin.mixin_argument.MixinArgumentDecorator object at 0xffff85c2cac0>, verb_extension=<colcon_core.verb.build.BuildVerb object at 0xffff85dc59c0>, main=<bound method BuildVerb.main of <colcon_core.verb.build.BuildVerb object at 0xffff85dc59c0>>, mixin_verb=('build',))
[1.938s] Level 1:colcon.colcon_core.package_discovery:discover_packages(colcon_meta) check parameters
[1.939s] Level 1:colcon.colcon_core.package_discovery:discover_packages(recursive) check parameters
[1.939s] Level 1:colcon.colcon_core.package_discovery:discover_packages(ignore) check parameters
[1.939s] Level 1:colcon.colcon_core.package_discovery:discover_packages(path) check parameters
[1.939s] Level 1:colcon.colcon_core.package_discovery:discover_packages(colcon_meta) discover
[1.939s] Level 1:colcon.colcon_core.package_discovery:discover_packages(recursive) discover
[1.940s] INFO:colcon.colcon_core.package_discovery:Crawling recursively for packages in '/home/jabari2/jabari'
[1.940s] Level 1:colcon.colcon_core.package_identification:_identify(.) by extensions ['ignore', 'ignore_ament_install']
[1.941s] Level 1:colcon.colcon_core.package_identification:_identify(.) by extension 'ignore'
[1.941s] Level 1:colcon.colcon_core.package_identification:_identify(.) by extension 'ignore_ament_install'
[1.941s] Level 1:colcon.colcon_core.package_identification:_identify(.) by extensions ['colcon_pkg']
[1.941s] Level 1:colcon.colcon_core.package_identification:_identify(.) by extension 'colcon_pkg'
[1.941s] Level 1:colcon.colcon_core.package_identification:_identify(.) by extensions ['colcon_meta']
[1.941s] Level 1:colcon.colcon_core.package_identification:_identify(.) by extension 'colcon_meta'
[1.942s] Level 1:colcon.colcon_core.package_identification:_identify(.) by extensions ['ros']
[1.942s] Level 1:colcon.colcon_core.package_identification:_identify(.) by extension 'ros'
[2.007s] Level 1:colcon.colcon_core.package_identification:_identify(.) by extensions ['cmake', 'python']
[2.007s] Level 1:colcon.colcon_core.package_identification:_identify(.) by extension 'cmake'
[2.007s] Level 1:colcon.colcon_core.package_identification:_identify(.) by extension 'python'
[2.007s] Level 1:colcon.colcon_core.package_identification:_identify(.) by extensions ['python_setup_py']
[2.008s] Level 1:colcon.colcon_core.package_identification:_identify(.) by extension 'python_setup_py'
[2.008s] Level 1:colcon.colcon_core.package_identification:_identify(articubot_one) by extensions ['ignore', 'ignore_ament_install']
[2.009s] Level 1:colcon.colcon_core.package_identification:_identify(articubot_one) by extension 'ignore'
[2.009s] Level 1:colcon.colcon_core.package_identification:_identify(articubot_one) by extension 'ignore_ament_install'
[2.009s] Level 1:colcon.colcon_core.package_identification:_identify(articubot_one) by extensions ['colcon_pkg']
[2.009s] Level 1:colcon.colcon_core.package_identification:_identify(articubot_one) by extension 'colcon_pkg'
[2.009s] Level 1:colcon.colcon_core.package_identification:_identify(articubot_one) by extensions ['colcon_meta']
[2.009s] Level 1:colcon.colcon_core.package_identification:_identify(articubot_one) by extension 'colcon_meta'
[2.010s] Level 1:colcon.colcon_core.package_identification:_identify(articubot_one) by extensions ['ros']
[2.010s] Level 1:colcon.colcon_core.package_identification:_identify(articubot_one) by extension 'ros'
[2.021s] DEBUG:colcon.colcon_core.package_identification:Package 'articubot_one' with type 'ros.ament_cmake' and name 'articubot_one'
[2.021s] Level 1:colcon.colcon_core.package_identification:_identify(build) by extensions ['ignore', 'ignore_ament_install']
[2.022s] Level 1:colcon.colcon_core.package_identification:_identify(build) by extension 'ignore'
[2.022s] Level 1:colcon.colcon_core.package_identification:_identify(build) ignored
[2.023s] Level 1:colcon.colcon_core.package_identification:_identify(diffdrive_arduino) by extensions ['ignore', 'ignore_ament_install']
[2.023s] Level 1:colcon.colcon_core.package_identification:_identify(diffdrive_arduino) by extension 'ignore'
[2.023s] Level 1:colcon.colcon_core.package_identification:_identify(diffdrive_arduino) by extension 'ignore_ament_install'
[2.024s] Level 1:colcon.colcon_core.package_identification:_identify(diffdrive_arduino) by extensions ['colcon_pkg']
[2.024s] Level 1:colcon.colcon_core.package_identification:_identify(diffdrive_arduino) by extension 'colcon_pkg'
[2.024s] Level 1:colcon.colcon_core.package_identification:_identify(diffdrive_arduino) by extensions ['colcon_meta']
[2.024s] Level 1:colcon.colcon_core.package_identification:_identify(diffdrive_arduino) by extension 'colcon_meta'
[2.024s] Level 1:colcon.colcon_core.package_identification:_identify(diffdrive_arduino) by extensions ['ros']
[2.024s] Level 1:colcon.colcon_core.package_identification:_identify(diffdrive_arduino) by extension 'ros'
[2.029s] DEBUG:colcon.colcon_core.package_identification:Package 'diffdrive_arduino' with type 'ros.ament_cmake' and name 'diffdrive_arduino'
[2.030s] Level 1:colcon.colcon_core.package_identification:_identify(install) by extensions ['ignore', 'ignore_ament_install']
[2.030s] Level 1:colcon.colcon_core.package_identification:_identify(install) by extension 'ignore'
[2.030s] Level 1:colcon.colcon_core.package_identification:_identify(install) ignored
[2.031s] Level 1:colcon.colcon_core.package_identification:_identify(log) by extensions ['ignore', 'ignore_ament_install']
[2.031s] Level 1:colcon.colcon_core.package_identification:_identify(log) by extension 'ignore'
[2.031s] Level 1:colcon.colcon_core.package_identification:_identify(log) ignored
[2.032s] Level 1:colcon.colcon_core.package_identification:_identify(serial) by extensions ['ignore', 'ignore_ament_install']
[2.033s] Level 1:colcon.colcon_core.package_identification:_identify(serial) by extension 'ignore'
[2.033s] Level 1:colcon.colcon_core.package_identification:_identify(serial) by extension 'ignore_ament_install'
[2.033s] Level 1:colcon.colcon_core.package_identification:_identify(serial) by extensions ['colcon_pkg']
[2.033s] Level 1:colcon.colcon_core.package_identification:_identify(serial) by extension 'colcon_pkg'
[2.033s] Level 1:colcon.colcon_core.package_identification:_identify(serial) by extensions ['colcon_meta']
[2.033s] Level 1:colcon.colcon_core.package_identification:_identify(serial) by extension 'colcon_meta'
[2.034s] Level 1:colcon.colcon_core.package_identification:_identify(serial) by extensions ['ros']
[2.034s] Level 1:colcon.colcon_core.package_identification:_identify(serial) by extension 'ros'
[2.037s] DEBUG:colcon.colcon_core.package_identification:Package 'serial' with type 'ros.ament_cmake' and name 'serial'
[2.037s] Level 1:colcon.colcon_core.package_discovery:discover_packages(recursive) using defaults
[2.037s] Level 1:colcon.colcon_core.package_discovery:discover_packages(ignore) discover
[2.037s] Level 1:colcon.colcon_core.package_discovery:discover_packages(ignore) using defaults
[2.037s] Level 1:colcon.colcon_core.package_discovery:discover_packages(path) discover
[2.037s] Level 1:colcon.colcon_core.package_discovery:discover_packages(path) using defaults
[2.182s] Level 1:colcon.colcon_core.package_discovery:discover_packages(prefix_path) check parameters
[2.182s] Level 1:colcon.colcon_core.package_discovery:discover_packages(prefix_path) discover
[2.200s] DEBUG:colcon.colcon_installed_package_information.package_discovery:Found 11 installed packages in /home/jabari2/ros2_ws/install
[2.212s] DEBUG:colcon.colcon_installed_package_information.package_discovery:Found 362 installed packages in /opt/ros/humble
[2.220s] Level 1:colcon.colcon_core.package_discovery:discover_packages(prefix_path) using defaults
[2.432s] Level 5:colcon.colcon_core.verb:set package 'articubot_one' build argument 'cmake_args' from command line to 'None'
[2.433s] Level 5:colcon.colcon_core.verb:set package 'articubot_one' build argument 'cmake_target' from command line to 'None'
[2.433s] Level 5:colcon.colcon_core.verb:set package 'articubot_one' build argument 'cmake_target_skip_unavailable' from command line to 'False'
[2.433s] Level 5:colcon.colcon_core.verb:set package 'articubot_one' build argument 'cmake_clean_cache' from command line to 'False'
[2.433s] Level 5:colcon.colcon_core.verb:set package 'articubot_one' build argument 'cmake_clean_first' from command line to 'False'
[2.433s] Level 5:colcon.colcon_core.verb:set package 'articubot_one' build argument 'cmake_force_configure' from command line to 'False'
[2.433s] Level 5:colcon.colcon_core.verb:set package 'articubot_one' build argument 'ament_cmake_args' from command line to 'None'
[2.433s] Level 5:colcon.colcon_core.verb:set package 'articubot_one' build argument 'catkin_cmake_args' from command line to 'None'
[2.433s] Level 5:colcon.colcon_core.verb:set package 'articubot_one' build argument 'catkin_skip_building_tests' from command line to 'False'
[2.434s] DEBUG:colcon.colcon_core.verb:Building package 'articubot_one' with the following arguments: {'ament_cmake_args': None, 'build_base': '/home/jabari2/jabari/build/articubot_one', 'catkin_cmake_args': None, 'catkin_skip_building_tests': False, 'cmake_args': None, 'cmake_clean_cache': False, 'cmake_clean_first': False, 'cmake_force_configure': False, 'cmake_target': None, 'cmake_target_skip_unavailable': False, 'install_base': '/home/jabari2/jabari/install/articubot_one', 'merge_install': False, 'path': '/home/jabari2/jabari/articubot_one', 'symlink_install': False, 'test_result_base': None}
[2.435s] Level 5:colcon.colcon_core.verb:set package 'serial' build argument 'cmake_args' from command line to 'None'
[2.435s] Level 5:colcon.colcon_core.verb:set package 'serial' build argument 'cmake_target' from command line to 'None'
[2.435s] Level 5:colcon.colcon_core.verb:set package 'serial' build argument 'cmake_target_skip_unavailable' from command line to 'False'
[2.435s] Level 5:colcon.colcon_core.verb:set package 'serial' build argument 'cmake_clean_cache' from command line to 'False'
[2.435s] Level 5:colcon.colcon_core.verb:set package 'serial' build argument 'cmake_clean_first' from command line to 'False'
[2.436s] Level 5:colcon.colcon_core.verb:set package 'serial' build argument 'cmake_force_configure' from command line to 'False'
[2.436s] Level 5:colcon.colcon_core.verb:set package 'serial' build argument 'ament_cmake_args' from command line to 'None'
[2.436s] Level 5:colcon.colcon_core.verb:set package 'serial' build argument 'catkin_cmake_args' from command line to 'None'
[2.436s] Level 5:colcon.colcon_core.verb:set package 'serial' build argument 'catkin_skip_building_tests' from command line to 'False'
[2.436s] DEBUG:colcon.colcon_core.verb:Building package 'serial' with the following arguments: {'ament_cmake_args': None, 'build_base': '/home/jabari2/jabari/build/serial', 'catkin_cmake_args': None, 'catkin_skip_building_tests': False, 'cmake_args': None, 'cmake_clean_cache': False, 'cmake_clean_first': False, 'cmake_force_configure': False, 'cmake_target': None, 'cmake_target_skip_unavailable': False, 'install_base': '/home/jabari2/jabari/install/serial', 'merge_install': False, 'path': '/home/jabari2/jabari/serial', 'symlink_install': False, 'test_result_base': None}
[2.437s] Level 5:colcon.colcon_core.verb:set package 'diffdrive_arduino' build argument 'cmake_args' from command line to 'None'
[2.438s] Level 5:colcon.colcon_core.verb:set package 'diffdrive_arduino' build argument 'cmake_target' from command line to 'None'
[2.438s] Level 5:colcon.colcon_core.verb:set package 'diffdrive_arduino' build argument 'cmake_target_skip_unavailable' from command line to 'False'
[2.438s] Level 5:colcon.colcon_core.verb:set package 'diffdrive_arduino' build argument 'cmake_clean_cache' from command line to 'False'
[2.438s] Level 5:colcon.colcon_core.verb:set package 'diffdrive_arduino' build argument 'cmake_clean_first' from command line to 'False'
[2.438s] Level 5:colcon.colcon_core.verb:set package 'diffdrive_arduino' build argument 'cmake_force_configure' from command line to 'False'
[2.438s] Level 5:colcon.colcon_core.verb:set package 'diffdrive_arduino' build argument 'ament_cmake_args' from command line to 'None'
[2.438s] Level 5:colcon.colcon_core.verb:set package 'diffdrive_arduino' build argument 'catkin_cmake_args' from command line to 'None'
[2.438s] Level 5:colcon.colcon_core.verb:set package 'diffdrive_arduino' build argument 'catkin_skip_building_tests' from command line to 'False'
[2.438s] DEBUG:colcon.colcon_core.verb:Building package 'diffdrive_arduino' with the following arguments: {'ament_cmake_args': None, 'build_base': '/home/jabari2/jabari/build/diffdrive_arduino', 'catkin_cmake_args': None, 'catkin_skip_building_tests': False, 'cmake_args': None, 'cmake_clean_cache': False, 'cmake_clean_first': False, 'cmake_force_configure': False, 'cmake_target': None, 'cmake_target_skip_unavailable': False, 'install_base': '/home/jabari2/jabari/install/diffdrive_arduino', 'merge_install': False, 'path': '/home/jabari2/jabari/diffdrive_arduino', 'symlink_install': False, 'test_result_base': None}
[2.439s] INFO:colcon.colcon_core.executor:Executing jobs using 'parallel' executor
[2.442s] DEBUG:colcon.colcon_parallel_executor.executor.parallel:run_until_complete
[2.443s] INFO:colcon.colcon_ros.task.ament_cmake.build:Building ROS package in '/home/jabari2/jabari/serial' with build type 'ament_cmake'
[2.444s] INFO:colcon.colcon_cmake.task.cmake.build:Building CMake package in '/home/jabari2/jabari/serial'
[2.462s] INFO:colcon.colcon_core.plugin_system:Skipping extension 'colcon_core.shell.bat': Not used on non-Windows systems
[2.463s] INFO:colcon.colcon_core.shell:Skip shell extension 'powershell' for command environment: Not usable outside of PowerShell
[2.464s] DEBUG:colcon.colcon_core.shell:Skip shell extension 'dsv' for command environment
[2.491s] INFO:colcon.colcon_ros.task.ament_cmake.build:Building ROS package in '/home/jabari2/jabari/articubot_one' with build type 'ament_cmake'
[2.491s] INFO:colcon.colcon_cmake.task.cmake.build:Building CMake package in '/home/jabari2/jabari/articubot_one'
[2.492s] INFO:colcon.colcon_core.shell:Skip shell extension 'powershell' for command environment: Not usable outside of PowerShell
[2.493s] DEBUG:colcon.colcon_core.shell:Skip shell extension 'dsv' for command environment
[2.535s] DEBUG:colcon.colcon_core.event_handler.log_command:Invoking command in '/home/jabari2/jabari/build/serial': CMAKE_PREFIX_PATH=/home/jabari2/ros2_ws/install/serial_motor_demo_msgs:/home/jabari2/ros2_ws/install/yolo_image_processor:/home/jabari2/ros2_ws/install/serial_motor_demo:/home/jabari2/ros2_ws/install/motor_control_pkg:/home/jabari2/ros2_ws/install/manual_control:/home/jabari2/ros2_ws/install/jabari_rover_bringup:/home/jabari2/ros2_ws/install/jabari_pan_tilt_control_pkg:/home/jabari2/ros2_ws/install/jabari_dht11_control_pkg:/home/jabari2/ros2_ws/install/diff_drive_controller:/home/jabari2/ros2_ws/install/camera_publisher_pkg:/opt/ros/humble:/home/jabari2/ros2_ws/install/rplidar_ros /usr/bin/cmake --build /home/jabari2/jabari/build/serial -- -j4 -l4
[2.570s] DEBUG:colcon.colcon_core.event_handler.log_command:Invoking command in '/home/jabari2/jabari/build/articubot_one': CMAKE_PREFIX_PATH=/home/jabari2/ros2_ws/install/serial_motor_demo_msgs:/home/jabari2/ros2_ws/install/yolo_image_processor:/home/jabari2/ros2_ws/install/serial_motor_demo:/home/jabari2/ros2_ws/install/motor_control_pkg:/home/jabari2/ros2_ws/install/manual_control:/home/jabari2/ros2_ws/install/jabari_rover_bringup:/home/jabari2/ros2_ws/install/jabari_pan_tilt_control_pkg:/home/jabari2/ros2_ws/install/jabari_dht11_control_pkg:/home/jabari2/ros2_ws/install/diff_drive_controller:/home/jabari2/ros2_ws/install/camera_publisher_pkg:/opt/ros/humble:/home/jabari2/ros2_ws/install/rplidar_ros /usr/bin/cmake --build /home/jabari2/jabari/build/articubot_one -- -j4 -l4
[3.054s] DEBUG:colcon.colcon_core.event_handler.log_command:Invoked command in '/home/jabari2/jabari/build/articubot_one' returned '0': CMAKE_PREFIX_PATH=/home/jabari2/ros2_ws/install/serial_motor_demo_msgs:/home/jabari2/ros2_ws/install/yolo_image_processor:/home/jabari2/ros2_ws/install/serial_motor_demo:/home/jabari2/ros2_ws/install/motor_control_pkg:/home/jabari2/ros2_ws/install/manual_control:/home/jabari2/ros2_ws/install/jabari_rover_bringup:/home/jabari2/ros2_ws/install/jabari_pan_tilt_control_pkg:/home/jabari2/ros2_ws/install/jabari_dht11_control_pkg:/home/jabari2/ros2_ws/install/diff_drive_controller:/home/jabari2/ros2_ws/install/camera_publisher_pkg:/opt/ros/humble:/home/jabari2/ros2_ws/install/rplidar_ros /usr/bin/cmake --build /home/jabari2/jabari/build/articubot_one -- -j4 -l4
[3.107s] DEBUG:colcon.colcon_core.event_handler.log_command:Invoking command in '/home/jabari2/jabari/build/articubot_one': CMAKE_PREFIX_PATH=/home/jabari2/ros2_ws/install/serial_motor_demo_msgs:/home/jabari2/ros2_ws/install/yolo_image_processor:/home/jabari2/ros2_ws/install/serial_motor_demo:/home/jabari2/ros2_ws/install/motor_control_pkg:/home/jabari2/ros2_ws/install/manual_control:/home/jabari2/ros2_ws/install/jabari_rover_bringup:/home/jabari2/ros2_ws/install/jabari_pan_tilt_control_pkg:/home/jabari2/ros2_ws/install/jabari_dht11_control_pkg:/home/jabari2/ros2_ws/install/diff_drive_controller:/home/jabari2/ros2_ws/install/camera_publisher_pkg:/opt/ros/humble:/home/jabari2/ros2_ws/install/rplidar_ros /usr/bin/cmake --install /home/jabari2/jabari/build/articubot_one
[3.207s] Level 1:colcon.colcon_core.environment:create_environment_scripts_only(articubot_one)
[3.209s] DEBUG:colcon.colcon_core.event_handler.log_command:Invoked command in '/home/jabari2/jabari/build/articubot_one' returned '0': CMAKE_PREFIX_PATH=/home/jabari2/ros2_ws/install/serial_motor_demo_msgs:/home/jabari2/ros2_ws/install/yolo_image_processor:/home/jabari2/ros2_ws/install/serial_motor_demo:/home/jabari2/ros2_ws/install/motor_control_pkg:/home/jabari2/ros2_ws/install/manual_control:/home/jabari2/ros2_ws/install/jabari_rover_bringup:/home/jabari2/ros2_ws/install/jabari_pan_tilt_control_pkg:/home/jabari2/ros2_ws/install/jabari_dht11_control_pkg:/home/jabari2/ros2_ws/install/diff_drive_controller:/home/jabari2/ros2_ws/install/camera_publisher_pkg:/opt/ros/humble:/home/jabari2/ros2_ws/install/rplidar_ros /usr/bin/cmake --install /home/jabari2/jabari/build/articubot_one
[3.241s] Level 1:colcon.colcon_core.environment:checking '/home/jabari2/jabari/install/articubot_one' for CMake module files
[3.245s] Level 1:colcon.colcon_core.environment:checking '/home/jabari2/jabari/install/articubot_one' for CMake config files
[3.247s] Level 1:colcon.colcon_core.shell:create_environment_hook('articubot_one', 'cmake_prefix_path')
[3.250s] INFO:colcon.colcon_core.shell:Creating environment hook '/home/jabari2/jabari/install/articubot_one/share/articubot_one/hook/cmake_prefix_path.ps1'
[3.256s] INFO:colcon.colcon_core.shell:Creating environment descriptor '/home/jabari2/jabari/install/articubot_one/share/articubot_one/hook/cmake_prefix_path.dsv'
[3.261s] INFO:colcon.colcon_core.shell:Creating environment hook '/home/jabari2/jabari/install/articubot_one/share/articubot_one/hook/cmake_prefix_path.sh'
[3.266s] Level 1:colcon.colcon_core.environment:checking '/home/jabari2/jabari/install/articubot_one/bin'
[3.267s] Level 1:colcon.colcon_core.environment:checking '/home/jabari2/jabari/install/articubot_one/lib/pkgconfig/articubot_one.pc'
[3.268s] Level 1:colcon.colcon_core.environment:checking '/home/jabari2/jabari/install/articubot_one/lib/python3.10/site-packages'
[3.269s] Level 1:colcon.colcon_core.environment:checking '/home/jabari2/jabari/install/articubot_one/bin'
[3.271s] INFO:colcon.colcon_core.shell:Creating package script '/home/jabari2/jabari/install/articubot_one/share/articubot_one/package.ps1'
[3.277s] INFO:colcon.colcon_core.shell:Creating package descriptor '/home/jabari2/jabari/install/articubot_one/share/articubot_one/package.dsv'
[3.281s] INFO:colcon.colcon_core.shell:Creating package script '/home/jabari2/jabari/install/articubot_one/share/articubot_one/package.sh'
[3.294s] INFO:colcon.colcon_core.shell:Creating package script '/home/jabari2/jabari/install/articubot_one/share/articubot_one/package.bash'
[3.305s] INFO:colcon.colcon_core.shell:Creating package script '/home/jabari2/jabari/install/articubot_one/share/articubot_one/package.zsh'
[3.312s] Level 1:colcon.colcon_core.environment:create_file_with_runtime_dependencies(/home/jabari2/jabari/install/articubot_one/share/colcon-core/packages/articubot_one)
[3.315s] Level 1:colcon.colcon_core.environment:create_environment_scripts_only(articubot_one)
[3.317s] Level 1:colcon.colcon_core.environment:checking '/home/jabari2/jabari/install/articubot_one' for CMake module files
[3.321s] Level 1:colcon.colcon_core.environment:checking '/home/jabari2/jabari/install/articubot_one' for CMake config files
[3.322s] Level 1:colcon.colcon_core.shell:create_environment_hook('articubot_one', 'cmake_prefix_path')
[3.323s] INFO:colcon.colcon_core.shell:Creating environment hook '/home/jabari2/jabari/install/articubot_one/share/articubot_one/hook/cmake_prefix_path.ps1'
[3.326s] INFO:colcon.colcon_core.shell:Creating environment descriptor '/home/jabari2/jabari/install/articubot_one/share/articubot_one/hook/cmake_prefix_path.dsv'
[3.328s] INFO:colcon.colcon_core.shell:Creating environment hook '/home/jabari2/jabari/install/articubot_one/share/articubot_one/hook/cmake_prefix_path.sh'
[3.331s] Level 1:colcon.colcon_core.environment:checking '/home/jabari2/jabari/install/articubot_one/bin'
[3.331s] Level 1:colcon.colcon_core.environment:checking '/home/jabari2/jabari/install/articubot_one/lib/pkgconfig/articubot_one.pc'
[3.332s] Level 1:colcon.colcon_core.environment:checking '/home/jabari2/jabari/install/articubot_one/lib/python3.10/site-packages'
[3.333s] Level 1:colcon.colcon_core.environment:checking '/home/jabari2/jabari/install/articubot_one/bin'
[3.334s] INFO:colcon.colcon_core.shell:Creating package script '/home/jabari2/jabari/install/articubot_one/share/articubot_one/package.ps1'
[3.337s] INFO:colcon.colcon_core.shell:Creating package descriptor '/home/jabari2/jabari/install/articubot_one/share/articubot_one/package.dsv'
[3.340s] INFO:colcon.colcon_core.shell:Creating package script '/home/jabari2/jabari/install/articubot_one/share/articubot_one/package.sh'
[3.342s] INFO:colcon.colcon_core.shell:Creating package script '/home/jabari2/jabari/install/articubot_one/share/articubot_one/package.bash'
[3.345s] INFO:colcon.colcon_core.shell:Creating package script '/home/jabari2/jabari/install/articubot_one/share/articubot_one/package.zsh'
[3.348s] Level 1:colcon.colcon_core.environment:create_file_with_runtime_dependencies(/home/jabari2/jabari/install/articubot_one/share/colcon-core/packages/articubot_one)
[3.392s] DEBUG:colcon.colcon_core.event_handler.log_command:Invoked command in '/home/jabari2/jabari/build/serial' returned '0': CMAKE_PREFIX_PATH=/home/jabari2/ros2_ws/install/serial_motor_demo_msgs:/home/jabari2/ros2_ws/install/yolo_image_processor:/home/jabari2/ros2_ws/install/serial_motor_demo:/home/jabari2/ros2_ws/install/motor_control_pkg:/home/jabari2/ros2_ws/install/manual_control:/home/jabari2/ros2_ws/install/jabari_rover_bringup:/home/jabari2/ros2_ws/install/jabari_pan_tilt_control_pkg:/home/jabari2/ros2_ws/install/jabari_dht11_control_pkg:/home/jabari2/ros2_ws/install/diff_drive_controller:/home/jabari2/ros2_ws/install/camera_publisher_pkg:/opt/ros/humble:/home/jabari2/ros2_ws/install/rplidar_ros /usr/bin/cmake --build /home/jabari2/jabari/build/serial -- -j4 -l4
[3.406s] DEBUG:colcon.colcon_core.event_handler.log_command:Invoking command in '/home/jabari2/jabari/build/serial': CMAKE_PREFIX_PATH=/home/jabari2/ros2_ws/install/serial_motor_demo_msgs:/home/jabari2/ros2_ws/install/yolo_image_processor:/home/jabari2/ros2_ws/install/serial_motor_demo:/home/jabari2/ros2_ws/install/motor_control_pkg:/home/jabari2/ros2_ws/install/manual_control:/home/jabari2/ros2_ws/install/jabari_rover_bringup:/home/jabari2/ros2_ws/install/jabari_pan_tilt_control_pkg:/home/jabari2/ros2_ws/install/jabari_dht11_control_pkg:/home/jabari2/ros2_ws/install/diff_drive_controller:/home/jabari2/ros2_ws/install/camera_publisher_pkg:/opt/ros/humble:/home/jabari2/ros2_ws/install/rplidar_ros /usr/bin/cmake --install /home/jabari2/jabari/build/serial
[3.454s] Level 1:colcon.colcon_core.environment:create_environment_scripts_only(serial)
[3.455s] Level 1:colcon.colcon_core.environment:checking '/home/jabari2/jabari/install/serial' for CMake module files
[3.457s] DEBUG:colcon.colcon_core.event_handler.log_command:Invoked command in '/home/jabari2/jabari/build/serial' returned '0': CMAKE_PREFIX_PATH=/home/jabari2/ros2_ws/install/serial_motor_demo_msgs:/home/jabari2/ros2_ws/install/yolo_image_processor:/home/jabari2/ros2_ws/install/serial_motor_demo:/home/jabari2/ros2_ws/install/motor_control_pkg:/home/jabari2/ros2_ws/install/manual_control:/home/jabari2/ros2_ws/install/jabari_rover_bringup:/home/jabari2/ros2_ws/install/jabari_pan_tilt_control_pkg:/home/jabari2/ros2_ws/install/jabari_dht11_control_pkg:/home/jabari2/ros2_ws/install/diff_drive_controller:/home/jabari2/ros2_ws/install/camera_publisher_pkg:/opt/ros/humble:/home/jabari2/ros2_ws/install/rplidar_ros /usr/bin/cmake --install /home/jabari2/jabari/build/serial
[3.459s] Level 1:colcon.colcon_core.environment:checking '/home/jabari2/jabari/install/serial' for CMake config files
[3.460s] Level 1:colcon.colcon_core.shell:create_environment_hook('serial', 'cmake_prefix_path')
[3.462s] INFO:colcon.colcon_core.shell:Creating environment hook '/home/jabari2/jabari/install/serial/share/serial/hook/cmake_prefix_path.ps1'
[3.464s] INFO:colcon.colcon_core.shell:Creating environment descriptor '/home/jabari2/jabari/install/serial/share/serial/hook/cmake_prefix_path.dsv'
[3.466s] INFO:colcon.colcon_core.shell:Creating environment hook '/home/jabari2/jabari/install/serial/share/serial/hook/cmake_prefix_path.sh'
[3.469s] Level 1:colcon.colcon_core.environment:checking '/home/jabari2/jabari/install/serial/lib'
[3.470s] Level 1:colcon.colcon_core.environment:checking '/home/jabari2/jabari/install/serial/bin'
[3.471s] Level 1:colcon.colcon_core.environment:checking '/home/jabari2/jabari/install/serial/lib/pkgconfig/serial.pc'
[3.472s] Level 1:colcon.colcon_core.environment:checking '/home/jabari2/jabari/install/serial/lib/python3.10/site-packages'
[3.473s] Level 1:colcon.colcon_core.environment:checking '/home/jabari2/jabari/install/serial/bin'
[3.474s] INFO:colcon.colcon_core.shell:Creating package script '/home/jabari2/jabari/install/serial/share/serial/package.ps1'
[3.476s] INFO:colcon.colcon_core.shell:Creating package descriptor '/home/jabari2/jabari/install/serial/share/serial/package.dsv'
[3.478s] INFO:colcon.colcon_core.shell:Creating package script '/home/jabari2/jabari/install/serial/share/serial/package.sh'
[3.480s] INFO:colcon.colcon_core.shell:Creating package script '/home/jabari2/jabari/install/serial/share/serial/package.bash'
[3.482s] INFO:colcon.colcon_core.shell:Creating package script '/home/jabari2/jabari/install/serial/share/serial/package.zsh'
[3.484s] Level 1:colcon.colcon_core.environment:create_file_with_runtime_dependencies(/home/jabari2/jabari/install/serial/share/colcon-core/packages/serial)
[3.486s] Level 1:colcon.colcon_core.environment:create_environment_scripts_only(serial)
[3.487s] Level 1:colcon.colcon_core.environment:checking '/home/jabari2/jabari/install/serial' for CMake module files
[3.489s] Level 1:colcon.colcon_core.environment:checking '/home/jabari2/jabari/install/serial' for CMake config files
[3.490s] Level 1:colcon.colcon_core.shell:create_environment_hook('serial', 'cmake_prefix_path')
[3.491s] INFO:colcon.colcon_core.shell:Creating environment hook '/home/jabari2/jabari/install/serial/share/serial/hook/cmake_prefix_path.ps1'
[3.493s] INFO:colcon.colcon_core.shell:Creating environment descriptor '/home/jabari2/jabari/install/serial/share/serial/hook/cmake_prefix_path.dsv'
[3.495s] INFO:colcon.colcon_core.shell:Creating environment hook '/home/jabari2/jabari/install/serial/share/serial/hook/cmake_prefix_path.sh'
[3.497s] Level 1:colcon.colcon_core.environment:checking '/home/jabari2/jabari/install/serial/lib'
[3.498s] Level 1:colcon.colcon_core.environment:checking '/home/jabari2/jabari/install/serial/bin'
[3.498s] Level 1:colcon.colcon_core.environment:checking '/home/jabari2/jabari/install/serial/lib/pkgconfig/serial.pc'
[3.499s] Level 1:colcon.colcon_core.environment:checking '/home/jabari2/jabari/install/serial/lib/python3.10/site-packages'
[3.499s] Level 1:colcon.colcon_core.environment:checking '/home/jabari2/jabari/install/serial/bin'
[3.501s] INFO:colcon.colcon_core.shell:Creating package script '/home/jabari2/jabari/install/serial/share/serial/package.ps1'
[3.503s] INFO:colcon.colcon_core.shell:Creating package descriptor '/home/jabari2/jabari/install/serial/share/serial/package.dsv'
[3.505s] INFO:colcon.colcon_core.shell:Creating package script '/home/jabari2/jabari/install/serial/share/serial/package.sh'
[3.507s] INFO:colcon.colcon_core.shell:Creating package script '/home/jabari2/jabari/install/serial/share/serial/package.bash'
[3.509s] INFO:colcon.colcon_core.shell:Creating package script '/home/jabari2/jabari/install/serial/share/serial/package.zsh'
[3.511s] Level 1:colcon.colcon_core.environment:create_file_with_runtime_dependencies(/home/jabari2/jabari/install/serial/share/colcon-core/packages/serial)
[3.512s] INFO:colcon.colcon_ros.task.ament_cmake.build:Building ROS package in '/home/jabari2/jabari/diffdrive_arduino' with build type 'ament_cmake'
[3.513s] INFO:colcon.colcon_cmake.task.cmake.build:Building CMake package in '/home/jabari2/jabari/diffdrive_arduino'
[3.514s] INFO:colcon.colcon_core.shell:Skip shell extension 'powershell' for command environment: Not usable outside of PowerShell
[3.514s] DEBUG:colcon.colcon_core.shell:Skip shell extension 'dsv' for command environment
[3.579s] DEBUG:colcon.colcon_core.event_handler.log_command:Invoking command in '/home/jabari2/jabari/build/diffdrive_arduino': AMENT_PREFIX_PATH=/home/jabari2/jabari/install/serial:${AMENT_PREFIX_PATH} CMAKE_PREFIX_PATH=/home/jabari2/jabari/install/serial:/home/jabari2/ros2_ws/install/serial_motor_demo_msgs:/home/jabari2/ros2_ws/install/yolo_image_processor:/home/jabari2/ros2_ws/install/serial_motor_demo:/home/jabari2/ros2_ws/install/motor_control_pkg:/home/jabari2/ros2_ws/install/manual_control:/home/jabari2/ros2_ws/install/jabari_rover_bringup:/home/jabari2/ros2_ws/install/jabari_pan_tilt_control_pkg:/home/jabari2/ros2_ws/install/jabari_dht11_control_pkg:/home/jabari2/ros2_ws/install/diff_drive_controller:/home/jabari2/ros2_ws/install/camera_publisher_pkg:/opt/ros/humble:/home/jabari2/ros2_ws/install/rplidar_ros LD_LIBRARY_PATH=/home/jabari2/jabari/install/serial/lib:${LD_LIBRARY_PATH} /usr/bin/cmake --build /home/jabari2/jabari/build/diffdrive_arduino -- -j4 -l4
[4.031s] DEBUG:colcon.colcon_core.event_handler.log_command:Invoked command in '/home/jabari2/jabari/build/diffdrive_arduino' returned '0': AMENT_PREFIX_PATH=/home/jabari2/jabari/install/serial:${AMENT_PREFIX_PATH} CMAKE_PREFIX_PATH=/home/jabari2/jabari/install/serial:/home/jabari2/ros2_ws/install/serial_motor_demo_msgs:/home/jabari2/ros2_ws/install/yolo_image_processor:/home/jabari2/ros2_ws/install/serial_motor_demo:/home/jabari2/ros2_ws/install/motor_control_pkg:/home/jabari2/ros2_ws/install/manual_control:/home/jabari2/ros2_ws/install/jabari_rover_bringup:/home/jabari2/ros2_ws/install/jabari_pan_tilt_control_pkg:/home/jabari2/ros2_ws/install/jabari_dht11_control_pkg:/home/jabari2/ros2_ws/install/diff_drive_controller:/home/jabari2/ros2_ws/install/camera_publisher_pkg:/opt/ros/humble:/home/jabari2/ros2_ws/install/rplidar_ros LD_LIBRARY_PATH=/home/jabari2/jabari/install/serial/lib:${LD_LIBRARY_PATH} /usr/bin/cmake --build /home/jabari2/jabari/build/diffdrive_arduino -- -j4 -l4
[4.044s] DEBUG:colcon.colcon_core.event_handler.log_command:Invoking command in '/home/jabari2/jabari/build/diffdrive_arduino': AMENT_PREFIX_PATH=/home/jabari2/jabari/install/serial:${AMENT_PREFIX_PATH} CMAKE_PREFIX_PATH=/home/jabari2/jabari/install/serial:/home/jabari2/ros2_ws/install/serial_motor_demo_msgs:/home/jabari2/ros2_ws/install/yolo_image_processor:/home/jabari2/ros2_ws/install/serial_motor_demo:/home/jabari2/ros2_ws/install/motor_control_pkg:/home/jabari2/ros2_ws/install/manual_control:/home/jabari2/ros2_ws/install/jabari_rover_bringup:/home/jabari2/ros2_ws/install/jabari_pan_tilt_control_pkg:/home/jabari2/ros2_ws/install/jabari_dht11_control_pkg:/home/jabari2/ros2_ws/install/diff_drive_controller:/home/jabari2/ros2_ws/install/camera_publisher_pkg:/opt/ros/humble:/home/jabari2/ros2_ws/install/rplidar_ros LD_LIBRARY_PATH=/home/jabari2/jabari/install/serial/lib:${LD_LIBRARY_PATH} /usr/bin/cmake --install /home/jabari2/jabari/build/diffdrive_arduino
[4.106s] Level 1:colcon.colcon_core.environment:create_environment_scripts_only(diffdrive_arduino)
[4.107s] Level 1:colcon.colcon_core.environment:checking '/home/jabari2/jabari/install/diffdrive_arduino' for CMake module files
[4.109s] DEBUG:colcon.colcon_core.event_handler.log_command:Invoked command in '/home/jabari2/jabari/build/diffdrive_arduino' returned '0': AMENT_PREFIX_PATH=/home/jabari2/jabari/install/serial:${AMENT_PREFIX_PATH} CMAKE_PREFIX_PATH=/home/jabari2/jabari/install/serial:/home/jabari2/ros2_ws/install/serial_motor_demo_msgs:/home/jabari2/ros2_ws/install/yolo_image_processor:/home/jabari2/ros2_ws/install/serial_motor_demo:/home/jabari2/ros2_ws/install/motor_control_pkg:/home/jabari2/ros2_ws/install/manual_control:/home/jabari2/ros2_ws/install/jabari_rover_bringup:/home/jabari2/ros2_ws/install/jabari_pan_tilt_control_pkg:/home/jabari2/ros2_ws/install/jabari_dht11_control_pkg:/home/jabari2/ros2_ws/install/diff_drive_controller:/home/jabari2/ros2_ws/install/camera_publisher_pkg:/opt/ros/humble:/home/jabari2/ros2_ws/install/rplidar_ros LD_LIBRARY_PATH=/home/jabari2/jabari/install/serial/lib:${LD_LIBRARY_PATH} /usr/bin/cmake --install /home/jabari2/jabari/build/diffdrive_arduino
[4.112s] Level 1:colcon.colcon_core.environment:checking '/home/jabari2/jabari/install/diffdrive_arduino' for CMake config files
[4.113s] Level 1:colcon.colcon_core.shell:create_environment_hook('diffdrive_arduino', 'cmake_prefix_path')
[4.114s] INFO:colcon.colcon_core.shell:Creating environment hook '/home/jabari2/jabari/install/diffdrive_arduino/share/diffdrive_arduino/hook/cmake_prefix_path.ps1'
[4.116s] INFO:colcon.colcon_core.shell:Creating environment descriptor '/home/jabari2/jabari/install/diffdrive_arduino/share/diffdrive_arduino/hook/cmake_prefix_path.dsv'
[4.118s] INFO:colcon.colcon_core.shell:Creating environment hook '/home/jabari2/jabari/install/diffdrive_arduino/share/diffdrive_arduino/hook/cmake_prefix_path.sh'
[4.121s] Level 1:colcon.colcon_core.environment:checking '/home/jabari2/jabari/install/diffdrive_arduino/lib'
[4.122s] Level 1:colcon.colcon_core.shell:create_environment_hook('diffdrive_arduino', 'ld_library_path_lib')
[4.122s] INFO:colcon.colcon_core.shell:Creating environment hook '/home/jabari2/jabari/install/diffdrive_arduino/share/diffdrive_arduino/hook/ld_library_path_lib.ps1'
[4.124s] INFO:colcon.colcon_core.shell:Creating environment descriptor '/home/jabari2/jabari/install/diffdrive_arduino/share/diffdrive_arduino/hook/ld_library_path_lib.dsv'
[4.126s] INFO:colcon.colcon_core.shell:Creating environment hook '/home/jabari2/jabari/install/diffdrive_arduino/share/diffdrive_arduino/hook/ld_library_path_lib.sh'
[4.128s] Level 1:colcon.colcon_core.environment:checking '/home/jabari2/jabari/install/diffdrive_arduino/bin'
[4.129s] Level 1:colcon.colcon_core.environment:checking '/home/jabari2/jabari/install/diffdrive_arduino/lib/pkgconfig/diffdrive_arduino.pc'
[4.130s] Level 1:colcon.colcon_core.environment:checking '/home/jabari2/jabari/install/diffdrive_arduino/lib/python3.10/site-packages'
[4.131s] Level 1:colcon.colcon_core.environment:checking '/home/jabari2/jabari/install/diffdrive_arduino/bin'
[4.132s] INFO:colcon.colcon_core.shell:Creating package script '/home/jabari2/jabari/install/diffdrive_arduino/share/diffdrive_arduino/package.ps1'
[4.134s] INFO:colcon.colcon_core.shell:Creating package descriptor '/home/jabari2/jabari/install/diffdrive_arduino/share/diffdrive_arduino/package.dsv'
[4.136s] INFO:colcon.colcon_core.shell:Creating package script '/home/jabari2/jabari/install/diffdrive_arduino/share/diffdrive_arduino/package.sh'
[4.138s] INFO:colcon.colcon_core.shell:Creating package script '/home/jabari2/jabari/install/diffdrive_arduino/share/diffdrive_arduino/package.bash'
[4.140s] INFO:colcon.colcon_core.shell:Creating package script '/home/jabari2/jabari/install/diffdrive_arduino/share/diffdrive_arduino/package.zsh'
[4.142s] Level 1:colcon.colcon_core.environment:create_file_with_runtime_dependencies(/home/jabari2/jabari/install/diffdrive_arduino/share/colcon-core/packages/diffdrive_arduino)
[4.144s] Level 1:colcon.colcon_core.environment:create_environment_scripts_only(diffdrive_arduino)
[4.145s] Level 1:colcon.colcon_core.environment:checking '/home/jabari2/jabari/install/diffdrive_arduino' for CMake module files
[4.148s] Level 1:colcon.colcon_core.environment:checking '/home/jabari2/jabari/install/diffdrive_arduino' for CMake config files
[4.149s] Level 1:colcon.colcon_core.shell:create_environment_hook('diffdrive_arduino', 'cmake_prefix_path')
[4.150s] INFO:colcon.colcon_core.shell:Creating environment hook '/home/jabari2/jabari/install/diffdrive_arduino/share/diffdrive_arduino/hook/cmake_prefix_path.ps1'
[4.152s] INFO:colcon.colcon_core.shell:Creating environment descriptor '/home/jabari2/jabari/install/diffdrive_arduino/share/diffdrive_arduino/hook/cmake_prefix_path.dsv'
[4.154s] INFO:colcon.colcon_core.shell:Creating environment hook '/home/jabari2/jabari/install/diffdrive_arduino/share/diffdrive_arduino/hook/cmake_prefix_path.sh'
[4.157s] Level 1:colcon.colcon_core.environment:checking '/home/jabari2/jabari/install/diffdrive_arduino/lib'
[4.157s] Level 1:colcon.colcon_core.shell:create_environment_hook('diffdrive_arduino', 'ld_library_path_lib')
[4.158s] INFO:colcon.colcon_core.shell:Creating environment hook '/home/jabari2/jabari/install/diffdrive_arduino/share/diffdrive_arduino/hook/ld_library_path_lib.ps1'
[4.160s] INFO:colcon.colcon_core.shell:Creating environment descriptor '/home/jabari2/jabari/install/diffdrive_arduino/share/diffdrive_arduino/hook/ld_library_path_lib.dsv'
[4.162s] INFO:colcon.colcon_core.shell:Creating environment hook '/home/jabari2/jabari/install/diffdrive_arduino/share/diffdrive_arduino/hook/ld_library_path_lib.sh'
[4.164s] Level 1:colcon.colcon_core.environment:checking '/home/jabari2/jabari/install/diffdrive_arduino/bin'
[4.164s] Level 1:colcon.colcon_core.environment:checking '/home/jabari2/jabari/install/diffdrive_arduino/lib/pkgconfig/diffdrive_arduino.pc'
[4.165s] Level 1:colcon.colcon_core.environment:checking '/home/jabari2/jabari/install/diffdrive_arduino/lib/python3.10/site-packages'
[4.166s] Level 1:colcon.colcon_core.environment:checking '/home/jabari2/jabari/install/diffdrive_arduino/bin'
[4.167s] INFO:colcon.colcon_core.shell:Creating package script '/home/jabari2/jabari/install/diffdrive_arduino/share/diffdrive_arduino/package.ps1'
[4.170s] INFO:colcon.colcon_core.shell:Creating package descriptor '/home/jabari2/jabari/install/diffdrive_arduino/share/diffdrive_arduino/package.dsv'
[4.172s] INFO:colcon.colcon_core.shell:Creating package script '/home/jabari2/jabari/install/diffdrive_arduino/share/diffdrive_arduino/package.sh'
[4.174s] INFO:colcon.colcon_core.shell:Creating package script '/home/jabari2/jabari/install/diffdrive_arduino/share/diffdrive_arduino/package.bash'
[4.176s] INFO:colcon.colcon_core.shell:Creating package script '/home/jabari2/jabari/install/diffdrive_arduino/share/diffdrive_arduino/package.zsh'
[4.178s] Level 1:colcon.colcon_core.environment:create_file_with_runtime_dependencies(/home/jabari2/jabari/install/diffdrive_arduino/share/colcon-core/packages/diffdrive_arduino)
[4.179s] DEBUG:colcon.colcon_parallel_executor.executor.parallel:closing loop
[4.181s] DEBUG:colcon.colcon_parallel_executor.executor.parallel:loop closed
[4.181s] DEBUG:colcon.colcon_parallel_executor.executor.parallel:run_until_complete finished with '0'
[4.182s] DEBUG:colcon.colcon_core.event_reactor:joining thread
[4.209s] INFO:colcon.colcon_core.plugin_system:Skipping extension 'colcon_notification.desktop_notification.notify_send': Could not find 'notify-send'
[4.209s] INFO:colcon.colcon_core.plugin_system:Skipping extension 'colcon_notification.desktop_notification.terminal_notifier': Not used on non-Darwin systems
[4.209s] INFO:colcon.colcon_core.plugin_system:Skipping extension 'colcon_notification.desktop_notification.win32': Not used on non-Windows systems
[4.210s] INFO:colcon.colcon_notification.desktop_notification:Sending desktop notification using 'notify2'
[4.310s] DEBUG:colcon.colcon_notification.desktop_notification.notify2:Failed to initialize notify2: org.freedesktop.DBus.Error.ServiceUnknown: The name org.freedesktop.Notifications was not provided by any .service files
[4.311s] DEBUG:colcon.colcon_core.event_reactor:joined thread
[4.312s] INFO:colcon.colcon_core.shell:Creating prefix script '/home/jabari2/jabari/install/local_setup.ps1'
[4.318s] INFO:colcon.colcon_core.shell:Creating prefix util module '/home/jabari2/jabari/install/_local_setup_util_ps1.py'
[4.326s] INFO:colcon.colcon_core.shell:Creating prefix chain script '/home/jabari2/jabari/install/setup.ps1'
[4.336s] INFO:colcon.colcon_core.shell:Creating prefix script '/home/jabari2/jabari/install/local_setup.sh'
[4.339s] INFO:colcon.colcon_core.shell:Creating prefix util module '/home/jabari2/jabari/install/_local_setup_util_sh.py'
[4.342s] INFO:colcon.colcon_core.shell:Creating prefix chain script '/home/jabari2/jabari/install/setup.sh'
[4.350s] INFO:colcon.colcon_core.shell:Creating prefix script '/home/jabari2/jabari/install/local_setup.bash'
[4.354s] INFO:colcon.colcon_core.shell:Creating prefix chain script '/home/jabari2/jabari/install/setup.bash'
[4.362s] INFO:colcon.colcon_core.shell:Creating prefix script '/home/jabari2/jabari/install/local_setup.zsh'
[4.366s] INFO:colcon.colcon_core.shell:Creating prefix chain script '/home/jabari2/jabari/install/setup.zsh'
