[0.066s] Invoking command in '/home/jabari2/jabari/build/articubot_one': CMAKE_PREFIX_PATH=/home/jabari2/ros2_ws/install/serial_motor_demo_msgs:/home/jabari2/ros2_ws/install/yolo_image_processor:/home/jabari2/ros2_ws/install/serial_motor_demo:/home/jabari2/ros2_ws/install/motor_control_pkg:/home/jabari2/ros2_ws/install/manual_control:/home/jabari2/ros2_ws/install/jabari_rover_bringup:/home/jabari2/ros2_ws/install/jabari_pan_tilt_control_pkg:/home/jabari2/ros2_ws/install/jabari_dht11_control_pkg:/home/jabari2/ros2_ws/install/diff_drive_controller:/home/jabari2/ros2_ws/install/camera_publisher_pkg:/opt/ros/humble:/home/jabari2/ros2_ws/install/rplidar_ros /usr/bin/cmake --build /home/jabari2/jabari/build/articubot_one -- -j4 -l4
[0.224s] Invoked command in '/home/jabari2/jabari/build/articubot_one' returned '0': CMAKE_PREFIX_PATH=/home/jabari2/ros2_ws/install/serial_motor_demo_msgs:/home/jabari2/ros2_ws/install/yolo_image_processor:/home/jabari2/ros2_ws/install/serial_motor_demo:/home/jabari2/ros2_ws/install/motor_control_pkg:/home/jabari2/ros2_ws/install/manual_control:/home/jabari2/ros2_ws/install/jabari_rover_bringup:/home/jabari2/ros2_ws/install/jabari_pan_tilt_control_pkg:/home/jabari2/ros2_ws/install/jabari_dht11_control_pkg:/home/jabari2/ros2_ws/install/diff_drive_controller:/home/jabari2/ros2_ws/install/camera_publisher_pkg:/opt/ros/humble:/home/jabari2/ros2_ws/install/rplidar_ros /usr/bin/cmake --build /home/jabari2/jabari/build/articubot_one -- -j4 -l4
[0.266s] Invoking command in '/home/jabari2/jabari/build/articubot_one': CMAKE_PREFIX_PATH=/home/jabari2/ros2_ws/install/serial_motor_demo_msgs:/home/jabari2/ros2_ws/install/yolo_image_processor:/home/jabari2/ros2_ws/install/serial_motor_demo:/home/jabari2/ros2_ws/install/motor_control_pkg:/home/jabari2/ros2_ws/install/manual_control:/home/jabari2/ros2_ws/install/jabari_rover_bringup:/home/jabari2/ros2_ws/install/jabari_pan_tilt_control_pkg:/home/jabari2/ros2_ws/install/jabari_dht11_control_pkg:/home/jabari2/ros2_ws/install/diff_drive_controller:/home/jabari2/ros2_ws/install/camera_publisher_pkg:/opt/ros/humble:/home/jabari2/ros2_ws/install/rplidar_ros /usr/bin/cmake --install /home/jabari2/jabari/build/articubot_one
[0.307s] -- Install configuration: ""
[0.308s] -- Up-to-date: /home/jabari2/jabari/install/articubot_one/share/articubot_one/config
[0.309s] -- Up-to-date: /home/jabari2/jabari/install/articubot_one/share/articubot_one/config/gazebo_params.yaml
[0.310s] -- Up-to-date: /home/jabari2/jabari/install/articubot_one/share/articubot_one/config/gaz_ros2_ctl_use_sim.yaml
[0.310s] -- Up-to-date: /home/jabari2/jabari/install/articubot_one/share/articubot_one/config/mapper_params_online_async.yaml
[0.311s] -- Up-to-date: /home/jabari2/jabari/install/articubot_one/share/articubot_one/config/view_bot.rviz
[0.312s] -- Up-to-date: /home/jabari2/jabari/install/articubot_one/share/articubot_one/config/joystick.yaml
[0.313s] -- Up-to-date: /home/jabari2/jabari/install/articubot_one/share/articubot_one/config/twist_mux.yaml
[0.314s] -- Up-to-date: /home/jabari2/jabari/install/articubot_one/share/articubot_one/config/nav2_params.yaml
[0.315s] -- Up-to-date: /home/jabari2/jabari/install/articubot_one/share/articubot_one/config/main.rviz
[0.316s] -- Up-to-date: /home/jabari2/jabari/install/articubot_one/share/articubot_one/config/my_controllers.yaml
[0.318s] -- Up-to-date: /home/jabari2/jabari/install/articubot_one/share/articubot_one/config/ball_tracker_params_robot.yaml
[0.319s] -- Up-to-date: /home/jabari2/jabari/install/articubot_one/share/articubot_one/config/map.rviz
[0.320s] -- Up-to-date: /home/jabari2/jabari/install/articubot_one/share/articubot_one/config/empty.yaml
[0.344s] -- Up-to-date: /home/jabari2/jabari/install/articubot_one/share/articubot_one/config/ball_tracker_params_sim.yaml
[0.344s] -- Up-to-date: /home/jabari2/jabari/install/articubot_one/share/articubot_one/config/drive_bot.rviz
[0.345s] -- Up-to-date: /home/jabari2/jabari/install/articubot_one/share/articubot_one/description
[0.346s] -- Up-to-date: /home/jabari2/jabari/install/articubot_one/share/articubot_one/description/inertial_macros.xacro
[0.346s] -- Up-to-date: /home/jabari2/jabari/install/articubot_one/share/articubot_one/description/depth_camera.xacro
[0.346s] -- Up-to-date: /home/jabari2/jabari/install/articubot_one/share/articubot_one/description/camera.xacro
[0.347s] -- Up-to-date: /home/jabari2/jabari/install/articubot_one/share/articubot_one/description/face.xacro
[0.347s] -- Up-to-date: /home/jabari2/jabari/install/articubot_one/share/articubot_one/description/ros2_control.xacro
[0.348s] -- Up-to-date: /home/jabari2/jabari/install/articubot_one/share/articubot_one/description/robot.urdf.xacro
[0.348s] -- Up-to-date: /home/jabari2/jabari/install/articubot_one/share/articubot_one/description/lidar.xacro
[0.348s] -- Up-to-date: /home/jabari2/jabari/install/articubot_one/share/articubot_one/description/robot_core.xacro
[0.349s] -- Up-to-date: /home/jabari2/jabari/install/articubot_one/share/articubot_one/description/gazebo_control.xacro
[0.349s] -- Up-to-date: /home/jabari2/jabari/install/articubot_one/share/articubot_one/launch
[0.350s] -- Up-to-date: /home/jabari2/jabari/install/articubot_one/share/articubot_one/launch/joystick.launch.py
[0.350s] -- Up-to-date: /home/jabari2/jabari/install/articubot_one/share/articubot_one/launch/rsp.launch.py
[0.350s] -- Up-to-date: /home/jabari2/jabari/install/articubot_one/share/articubot_one/launch/launch_robot.launch.py
[0.350s] -- Up-to-date: /home/jabari2/jabari/install/articubot_one/share/articubot_one/launch/localization_launch.py
[0.351s] -- Up-to-date: /home/jabari2/jabari/install/articubot_one/share/articubot_one/launch/ball_tracker.launch.py
[0.351s] -- Up-to-date: /home/jabari2/jabari/install/articubot_one/share/articubot_one/launch/launch_sim.launch.py
[0.351s] -- Up-to-date: /home/jabari2/jabari/install/articubot_one/share/articubot_one/launch/online_async_launch.py
[0.351s] -- Up-to-date: /home/jabari2/jabari/install/articubot_one/share/articubot_one/launch/navigation_launch.py
[0.352s] -- Up-to-date: /home/jabari2/jabari/install/articubot_one/share/articubot_one/launch/camera.launch.py
[0.352s] -- Up-to-date: /home/jabari2/jabari/install/articubot_one/share/articubot_one/launch/rplidar.launch.py
[0.352s] -- Up-to-date: /home/jabari2/jabari/install/articubot_one/share/articubot_one/worlds
[0.353s] -- Up-to-date: /home/jabari2/jabari/install/articubot_one/share/articubot_one/worlds/obstacles.world
[0.353s] -- Up-to-date: /home/jabari2/jabari/install/articubot_one/share/articubot_one/worlds/empty.world
[0.353s] -- Up-to-date: /home/jabari2/jabari/install/articubot_one/share/ament_index/resource_index/package_run_dependencies/articubot_one
[0.353s] -- Up-to-date: /home/jabari2/jabari/install/articubot_one/share/ament_index/resource_index/parent_prefix_path/articubot_one
[0.354s] -- Up-to-date: /home/jabari2/jabari/install/articubot_one/share/articubot_one/environment/ament_prefix_path.sh
[0.354s] -- Up-to-date: /home/jabari2/jabari/install/articubot_one/share/articubot_one/environment/ament_prefix_path.dsv
[0.354s] -- Up-to-date: /home/jabari2/jabari/install/articubot_one/share/articubot_one/environment/path.sh
[0.354s] -- Up-to-date: /home/jabari2/jabari/install/articubot_one/share/articubot_one/environment/path.dsv
[0.355s] -- Up-to-date: /home/jabari2/jabari/install/articubot_one/share/articubot_one/local_setup.bash
[0.355s] -- Up-to-date: /home/jabari2/jabari/install/articubot_one/share/articubot_one/local_setup.sh
[0.355s] -- Up-to-date: /home/jabari2/jabari/install/articubot_one/share/articubot_one/local_setup.zsh
[0.356s] -- Up-to-date: /home/jabari2/jabari/install/articubot_one/share/articubot_one/local_setup.dsv
[0.356s] -- Up-to-date: /home/jabari2/jabari/install/articubot_one/share/articubot_one/package.dsv
[0.356s] -- Up-to-date: /home/jabari2/jabari/install/articubot_one/share/ament_index/resource_index/packages/articubot_one
[0.356s] -- Up-to-date: /home/jabari2/jabari/install/articubot_one/share/articubot_one/cmake/articubot_oneConfig.cmake
[0.357s] -- Up-to-date: /home/jabari2/jabari/install/articubot_one/share/articubot_one/cmake/articubot_oneConfig-version.cmake
[0.357s] -- Up-to-date: /home/jabari2/jabari/install/articubot_one/share/articubot_one/package.xml
[0.358s] Invoked command in '/home/jabari2/jabari/build/articubot_one' returned '0': CMAKE_PREFIX_PATH=/home/jabari2/ros2_ws/install/serial_motor_demo_msgs:/home/jabari2/ros2_ws/install/yolo_image_processor:/home/jabari2/ros2_ws/install/serial_motor_demo:/home/jabari2/ros2_ws/install/motor_control_pkg:/home/jabari2/ros2_ws/install/manual_control:/home/jabari2/ros2_ws/install/jabari_rover_bringup:/home/jabari2/ros2_ws/install/jabari_pan_tilt_control_pkg:/home/jabari2/ros2_ws/install/jabari_dht11_control_pkg:/home/jabari2/ros2_ws/install/diff_drive_controller:/home/jabari2/ros2_ws/install/camera_publisher_pkg:/opt/ros/humble:/home/jabari2/ros2_ws/install/rplidar_ros /usr/bin/cmake --install /home/jabari2/jabari/build/articubot_one
