[0.481s] DEBUG:colcon:Command line arguments: ['/usr/bin/colcon', 'build']
[0.482s] DEBUG:colcon:Parsed command line arguments: Namespace(log_base=None, log_level=None, verb_name='build', build_base='build', install_base='install', merge_install=False, symlink_install=False, test_result_base=None, continue_on_error=False, executor='parallel', parallel_workers=4, event_handlers=None, ignore_user_meta=False, metas=['./colcon.meta'], base_paths=['.'], packages_ignore=None, packages_ignore_regex=None, paths=None, packages_up_to=None, packages_up_to_regex=None, packages_above=None, packages_above_and_dependencies=None, packages_above_depth=None, packages_select_by_dep=None, packages_skip_by_dep=None, packages_skip_up_to=None, packages_select_build_failed=False, packages_skip_build_finished=False, packages_select_test_failures=False, packages_skip_test_passed=False, packages_select=None, packages_skip=None, packages_select_regex=None, packages_skip_regex=None, packages_start=None, packages_end=None, allow_overriding=[], cmake_args=None, cmake_target=None, cmake_target_skip_unavailable=False, cmake_clean_cache=False, cmake_clean_first=False, cmake_force_configure=False, ament_cmake_args=None, catkin_cmake_args=None, catkin_skip_building_tests=False, mixin_files=None, mixin=None, verb_parser=<colcon_mixin.mixin.mixin_argument.MixinArgumentDecorator object at 0xffffaecdcac0>, verb_extension=<colcon_core.verb.build.BuildVerb object at 0xffffaee959c0>, main=<bound method BuildVerb.main of <colcon_core.verb.build.BuildVerb object at 0xffffaee959c0>>, mixin_verb=('build',))
[1.341s] Level 1:colcon.colcon_core.package_discovery:discover_packages(colcon_meta) check parameters
[1.341s] Level 1:colcon.colcon_core.package_discovery:discover_packages(recursive) check parameters
[1.341s] Level 1:colcon.colcon_core.package_discovery:discover_packages(ignore) check parameters
[1.341s] Level 1:colcon.colcon_core.package_discovery:discover_packages(path) check parameters
[1.341s] Level 1:colcon.colcon_core.package_discovery:discover_packages(colcon_meta) discover
[1.342s] Level 1:colcon.colcon_core.package_discovery:discover_packages(recursive) discover
[1.342s] INFO:colcon.colcon_core.package_discovery:Crawling recursively for packages in '/home/jabari2/jabari'
[1.342s] Level 1:colcon.colcon_core.package_identification:_identify(.) by extensions ['ignore', 'ignore_ament_install']
[1.343s] Level 1:colcon.colcon_core.package_identification:_identify(.) by extension 'ignore'
[1.343s] Level 1:colcon.colcon_core.package_identification:_identify(.) by extension 'ignore_ament_install'
[1.343s] Level 1:colcon.colcon_core.package_identification:_identify(.) by extensions ['colcon_pkg']
[1.343s] Level 1:colcon.colcon_core.package_identification:_identify(.) by extension 'colcon_pkg'
[1.343s] Level 1:colcon.colcon_core.package_identification:_identify(.) by extensions ['colcon_meta']
[1.343s] Level 1:colcon.colcon_core.package_identification:_identify(.) by extension 'colcon_meta'
[1.343s] Level 1:colcon.colcon_core.package_identification:_identify(.) by extensions ['ros']
[1.344s] Level 1:colcon.colcon_core.package_identification:_identify(.) by extension 'ros'
[1.387s] Level 1:colcon.colcon_core.package_identification:_identify(.) by extensions ['cmake', 'python']
[1.387s] Level 1:colcon.colcon_core.package_identification:_identify(.) by extension 'cmake'
[1.387s] Level 1:colcon.colcon_core.package_identification:_identify(.) by extension 'python'
[1.387s] Level 1:colcon.colcon_core.package_identification:_identify(.) by extensions ['python_setup_py']
[1.387s] Level 1:colcon.colcon_core.package_identification:_identify(.) by extension 'python_setup_py'
[1.388s] Level 1:colcon.colcon_core.package_identification:_identify(articubot_one) by extensions ['ignore', 'ignore_ament_install']
[1.388s] Level 1:colcon.colcon_core.package_identification:_identify(articubot_one) by extension 'ignore'
[1.388s] Level 1:colcon.colcon_core.package_identification:_identify(articubot_one) by extension 'ignore_ament_install'
[1.389s] Level 1:colcon.colcon_core.package_identification:_identify(articubot_one) by extensions ['colcon_pkg']
[1.389s] Level 1:colcon.colcon_core.package_identification:_identify(articubot_one) by extension 'colcon_pkg'
[1.389s] Level 1:colcon.colcon_core.package_identification:_identify(articubot_one) by extensions ['colcon_meta']
[1.389s] Level 1:colcon.colcon_core.package_identification:_identify(articubot_one) by extension 'colcon_meta'
[1.389s] Level 1:colcon.colcon_core.package_identification:_identify(articubot_one) by extensions ['ros']
[1.389s] Level 1:colcon.colcon_core.package_identification:_identify(articubot_one) by extension 'ros'
[1.398s] DEBUG:colcon.colcon_core.package_identification:Package 'articubot_one' with type 'ros.ament_cmake' and name 'articubot_one'
[1.398s] Level 1:colcon.colcon_core.package_identification:_identify(build) by extensions ['ignore', 'ignore_ament_install']
[1.399s] Level 1:colcon.colcon_core.package_identification:_identify(build) by extension 'ignore'
[1.399s] Level 1:colcon.colcon_core.package_identification:_identify(build) ignored
[1.399s] Level 1:colcon.colcon_core.package_identification:_identify(diffdrive_arduino) by extensions ['ignore', 'ignore_ament_install']
[1.400s] Level 1:colcon.colcon_core.package_identification:_identify(diffdrive_arduino) by extension 'ignore'
[1.400s] Level 1:colcon.colcon_core.package_identification:_identify(diffdrive_arduino) by extension 'ignore_ament_install'
[1.400s] Level 1:colcon.colcon_core.package_identification:_identify(diffdrive_arduino) by extensions ['colcon_pkg']
[1.400s] Level 1:colcon.colcon_core.package_identification:_identify(diffdrive_arduino) by extension 'colcon_pkg'
[1.400s] Level 1:colcon.colcon_core.package_identification:_identify(diffdrive_arduino) by extensions ['colcon_meta']
[1.401s] Level 1:colcon.colcon_core.package_identification:_identify(diffdrive_arduino) by extension 'colcon_meta'
[1.401s] Level 1:colcon.colcon_core.package_identification:_identify(diffdrive_arduino) by extensions ['ros']
[1.401s] Level 1:colcon.colcon_core.package_identification:_identify(diffdrive_arduino) by extension 'ros'
[1.405s] DEBUG:colcon.colcon_core.package_identification:Package 'diffdrive_arduino' with type 'ros.ament_cmake' and name 'diffdrive_arduino'
[1.405s] Level 1:colcon.colcon_core.package_identification:_identify(install) by extensions ['ignore', 'ignore_ament_install']
[1.406s] Level 1:colcon.colcon_core.package_identification:_identify(install) by extension 'ignore'
[1.406s] Level 1:colcon.colcon_core.package_identification:_identify(install) ignored
[1.406s] Level 1:colcon.colcon_core.package_identification:_identify(log) by extensions ['ignore', 'ignore_ament_install']
[1.407s] Level 1:colcon.colcon_core.package_identification:_identify(log) by extension 'ignore'
[1.407s] Level 1:colcon.colcon_core.package_identification:_identify(log) ignored
[1.407s] Level 1:colcon.colcon_core.package_identification:_identify(serial) by extensions ['ignore', 'ignore_ament_install']
[1.408s] Level 1:colcon.colcon_core.package_identification:_identify(serial) by extension 'ignore'
[1.408s] Level 1:colcon.colcon_core.package_identification:_identify(serial) by extension 'ignore_ament_install'
[1.408s] Level 1:colcon.colcon_core.package_identification:_identify(serial) by extensions ['colcon_pkg']
[1.408s] Level 1:colcon.colcon_core.package_identification:_identify(serial) by extension 'colcon_pkg'
[1.408s] Level 1:colcon.colcon_core.package_identification:_identify(serial) by extensions ['colcon_meta']
[1.408s] Level 1:colcon.colcon_core.package_identification:_identify(serial) by extension 'colcon_meta'
[1.409s] Level 1:colcon.colcon_core.package_identification:_identify(serial) by extensions ['ros']
[1.409s] Level 1:colcon.colcon_core.package_identification:_identify(serial) by extension 'ros'
[1.411s] DEBUG:colcon.colcon_core.package_identification:Package 'serial' with type 'ros.ament_cmake' and name 'serial'
[1.411s] Level 1:colcon.colcon_core.package_discovery:discover_packages(recursive) using defaults
[1.411s] Level 1:colcon.colcon_core.package_discovery:discover_packages(ignore) discover
[1.411s] Level 1:colcon.colcon_core.package_discovery:discover_packages(ignore) using defaults
[1.412s] Level 1:colcon.colcon_core.package_discovery:discover_packages(path) discover
[1.412s] Level 1:colcon.colcon_core.package_discovery:discover_packages(path) using defaults
[1.534s] Level 1:colcon.colcon_core.package_discovery:discover_packages(prefix_path) check parameters
[1.534s] Level 1:colcon.colcon_core.package_discovery:discover_packages(prefix_path) discover
[1.545s] DEBUG:colcon.colcon_installed_package_information.package_discovery:Found 3 installed packages in /home/jabari2/jabari/install
[1.549s] DEBUG:colcon.colcon_installed_package_information.package_discovery:Found 11 installed packages in /home/jabari2/ros2_ws/install
[1.560s] DEBUG:colcon.colcon_installed_package_information.package_discovery:Found 362 installed packages in /opt/ros/humble
[1.569s] Level 1:colcon.colcon_core.package_discovery:discover_packages(prefix_path) using defaults
[1.773s] Level 5:colcon.colcon_core.verb:set package 'articubot_one' build argument 'cmake_args' from command line to 'None'
[1.773s] Level 5:colcon.colcon_core.verb:set package 'articubot_one' build argument 'cmake_target' from command line to 'None'
[1.773s] Level 5:colcon.colcon_core.verb:set package 'articubot_one' build argument 'cmake_target_skip_unavailable' from command line to 'False'
[1.773s] Level 5:colcon.colcon_core.verb:set package 'articubot_one' build argument 'cmake_clean_cache' from command line to 'False'
[1.773s] Level 5:colcon.colcon_core.verb:set package 'articubot_one' build argument 'cmake_clean_first' from command line to 'False'
[1.773s] Level 5:colcon.colcon_core.verb:set package 'articubot_one' build argument 'cmake_force_configure' from command line to 'False'
[1.773s] Level 5:colcon.colcon_core.verb:set package 'articubot_one' build argument 'ament_cmake_args' from command line to 'None'
[1.773s] Level 5:colcon.colcon_core.verb:set package 'articubot_one' build argument 'catkin_cmake_args' from command line to 'None'
[1.773s] Level 5:colcon.colcon_core.verb:set package 'articubot_one' build argument 'catkin_skip_building_tests' from command line to 'False'
[1.774s] DEBUG:colcon.colcon_core.verb:Building package 'articubot_one' with the following arguments: {'ament_cmake_args': None, 'build_base': '/home/jabari2/jabari/build/articubot_one', 'catkin_cmake_args': None, 'catkin_skip_building_tests': False, 'cmake_args': None, 'cmake_clean_cache': False, 'cmake_clean_first': False, 'cmake_force_configure': False, 'cmake_target': None, 'cmake_target_skip_unavailable': False, 'install_base': '/home/jabari2/jabari/install/articubot_one', 'merge_install': False, 'path': '/home/jabari2/jabari/articubot_one', 'symlink_install': False, 'test_result_base': None}
[1.775s] Level 5:colcon.colcon_core.verb:set package 'serial' build argument 'cmake_args' from command line to 'None'
[1.775s] Level 5:colcon.colcon_core.verb:set package 'serial' build argument 'cmake_target' from command line to 'None'
[1.775s] Level 5:colcon.colcon_core.verb:set package 'serial' build argument 'cmake_target_skip_unavailable' from command line to 'False'
[1.776s] Level 5:colcon.colcon_core.verb:set package 'serial' build argument 'cmake_clean_cache' from command line to 'False'
[1.776s] Level 5:colcon.colcon_core.verb:set package 'serial' build argument 'cmake_clean_first' from command line to 'False'
[1.776s] Level 5:colcon.colcon_core.verb:set package 'serial' build argument 'cmake_force_configure' from command line to 'False'
[1.776s] Level 5:colcon.colcon_core.verb:set package 'serial' build argument 'ament_cmake_args' from command line to 'None'
[1.776s] Level 5:colcon.colcon_core.verb:set package 'serial' build argument 'catkin_cmake_args' from command line to 'None'
[1.776s] Level 5:colcon.colcon_core.verb:set package 'serial' build argument 'catkin_skip_building_tests' from command line to 'False'
[1.776s] DEBUG:colcon.colcon_core.verb:Building package 'serial' with the following arguments: {'ament_cmake_args': None, 'build_base': '/home/jabari2/jabari/build/serial', 'catkin_cmake_args': None, 'catkin_skip_building_tests': False, 'cmake_args': None, 'cmake_clean_cache': False, 'cmake_clean_first': False, 'cmake_force_configure': False, 'cmake_target': None, 'cmake_target_skip_unavailable': False, 'install_base': '/home/jabari2/jabari/install/serial', 'merge_install': False, 'path': '/home/jabari2/jabari/serial', 'symlink_install': False, 'test_result_base': None}
[1.778s] Level 5:colcon.colcon_core.verb:set package 'diffdrive_arduino' build argument 'cmake_args' from command line to 'None'
[1.778s] Level 5:colcon.colcon_core.verb:set package 'diffdrive_arduino' build argument 'cmake_target' from command line to 'None'
[1.778s] Level 5:colcon.colcon_core.verb:set package 'diffdrive_arduino' build argument 'cmake_target_skip_unavailable' from command line to 'False'
[1.778s] Level 5:colcon.colcon_core.verb:set package 'diffdrive_arduino' build argument 'cmake_clean_cache' from command line to 'False'
[1.778s] Level 5:colcon.colcon_core.verb:set package 'diffdrive_arduino' build argument 'cmake_clean_first' from command line to 'False'
[1.778s] Level 5:colcon.colcon_core.verb:set package 'diffdrive_arduino' build argument 'cmake_force_configure' from command line to 'False'
[1.778s] Level 5:colcon.colcon_core.verb:set package 'diffdrive_arduino' build argument 'ament_cmake_args' from command line to 'None'
[1.778s] Level 5:colcon.colcon_core.verb:set package 'diffdrive_arduino' build argument 'catkin_cmake_args' from command line to 'None'
[1.778s] Level 5:colcon.colcon_core.verb:set package 'diffdrive_arduino' build argument 'catkin_skip_building_tests' from command line to 'False'
[1.779s] DEBUG:colcon.colcon_core.verb:Building package 'diffdrive_arduino' with the following arguments: {'ament_cmake_args': None, 'build_base': '/home/jabari2/jabari/build/diffdrive_arduino', 'catkin_cmake_args': None, 'catkin_skip_building_tests': False, 'cmake_args': None, 'cmake_clean_cache': False, 'cmake_clean_first': False, 'cmake_force_configure': False, 'cmake_target': None, 'cmake_target_skip_unavailable': False, 'install_base': '/home/jabari2/jabari/install/diffdrive_arduino', 'merge_install': False, 'path': '/home/jabari2/jabari/diffdrive_arduino', 'symlink_install': False, 'test_result_base': None}
[1.779s] INFO:colcon.colcon_core.executor:Executing jobs using 'parallel' executor
[1.782s] DEBUG:colcon.colcon_parallel_executor.executor.parallel:run_until_complete
[1.783s] INFO:colcon.colcon_ros.task.ament_cmake.build:Building ROS package in '/home/jabari2/jabari/serial' with build type 'ament_cmake'
[1.783s] INFO:colcon.colcon_cmake.task.cmake.build:Building CMake package in '/home/jabari2/jabari/serial'
[1.793s] INFO:colcon.colcon_core.plugin_system:Skipping extension 'colcon_core.shell.bat': Not used on non-Windows systems
[1.794s] INFO:colcon.colcon_core.shell:Skip shell extension 'powershell' for command environment: Not usable outside of PowerShell
[1.794s] DEBUG:colcon.colcon_core.shell:Skip shell extension 'dsv' for command environment
[1.822s] INFO:colcon.colcon_ros.task.ament_cmake.build:Building ROS package in '/home/jabari2/jabari/articubot_one' with build type 'ament_cmake'
[1.822s] INFO:colcon.colcon_cmake.task.cmake.build:Building CMake package in '/home/jabari2/jabari/articubot_one'
[1.823s] INFO:colcon.colcon_core.shell:Skip shell extension 'powershell' for command environment: Not usable outside of PowerShell
[1.824s] DEBUG:colcon.colcon_core.shell:Skip shell extension 'dsv' for command environment
[1.864s] DEBUG:colcon.colcon_core.event_handler.log_command:Invoking command in '/home/jabari2/jabari/build/serial': CMAKE_PREFIX_PATH=/home/jabari2/jabari/install/diffdrive_arduino:/home/jabari2/jabari/install/serial:/home/jabari2/jabari/install/articubot_one:/home/jabari2/ros2_ws/install/serial_motor_demo_msgs:/home/jabari2/ros2_ws/install/yolo_image_processor:/home/jabari2/ros2_ws/install/serial_motor_demo:/home/jabari2/ros2_ws/install/motor_control_pkg:/home/jabari2/ros2_ws/install/manual_control:/home/jabari2/ros2_ws/install/jabari_rover_bringup:/home/jabari2/ros2_ws/install/jabari_pan_tilt_control_pkg:/home/jabari2/ros2_ws/install/jabari_dht11_control_pkg:/home/jabari2/ros2_ws/install/diff_drive_controller:/home/jabari2/ros2_ws/install/camera_publisher_pkg:/opt/ros/humble:/home/jabari2/ros2_ws/install/rplidar_ros /usr/bin/cmake --build /home/jabari2/jabari/build/serial -- -j4 -l4
[1.892s] DEBUG:colcon.colcon_core.event_handler.log_command:Invoking command in '/home/jabari2/jabari/build/articubot_one': CMAKE_PREFIX_PATH=/home/jabari2/jabari/install/diffdrive_arduino:/home/jabari2/jabari/install/serial:/home/jabari2/jabari/install/articubot_one:/home/jabari2/ros2_ws/install/serial_motor_demo_msgs:/home/jabari2/ros2_ws/install/yolo_image_processor:/home/jabari2/ros2_ws/install/serial_motor_demo:/home/jabari2/ros2_ws/install/motor_control_pkg:/home/jabari2/ros2_ws/install/manual_control:/home/jabari2/ros2_ws/install/jabari_rover_bringup:/home/jabari2/ros2_ws/install/jabari_pan_tilt_control_pkg:/home/jabari2/ros2_ws/install/jabari_dht11_control_pkg:/home/jabari2/ros2_ws/install/diff_drive_controller:/home/jabari2/ros2_ws/install/camera_publisher_pkg:/opt/ros/humble:/home/jabari2/ros2_ws/install/rplidar_ros /usr/bin/cmake --build /home/jabari2/jabari/build/articubot_one -- -j4 -l4
[2.058s] DEBUG:colcon.colcon_core.event_handler.log_command:Invoked command in '/home/jabari2/jabari/build/articubot_one' returned '0': CMAKE_PREFIX_PATH=/home/jabari2/jabari/install/diffdrive_arduino:/home/jabari2/jabari/install/serial:/home/jabari2/jabari/install/articubot_one:/home/jabari2/ros2_ws/install/serial_motor_demo_msgs:/home/jabari2/ros2_ws/install/yolo_image_processor:/home/jabari2/ros2_ws/install/serial_motor_demo:/home/jabari2/ros2_ws/install/motor_control_pkg:/home/jabari2/ros2_ws/install/manual_control:/home/jabari2/ros2_ws/install/jabari_rover_bringup:/home/jabari2/ros2_ws/install/jabari_pan_tilt_control_pkg:/home/jabari2/ros2_ws/install/jabari_dht11_control_pkg:/home/jabari2/ros2_ws/install/diff_drive_controller:/home/jabari2/ros2_ws/install/camera_publisher_pkg:/opt/ros/humble:/home/jabari2/ros2_ws/install/rplidar_ros /usr/bin/cmake --build /home/jabari2/jabari/build/articubot_one -- -j4 -l4
[2.105s] DEBUG:colcon.colcon_core.event_handler.log_command:Invoking command in '/home/jabari2/jabari/build/articubot_one': CMAKE_PREFIX_PATH=/home/jabari2/jabari/install/diffdrive_arduino:/home/jabari2/jabari/install/serial:/home/jabari2/jabari/install/articubot_one:/home/jabari2/ros2_ws/install/serial_motor_demo_msgs:/home/jabari2/ros2_ws/install/yolo_image_processor:/home/jabari2/ros2_ws/install/serial_motor_demo:/home/jabari2/ros2_ws/install/motor_control_pkg:/home/jabari2/ros2_ws/install/manual_control:/home/jabari2/ros2_ws/install/jabari_rover_bringup:/home/jabari2/ros2_ws/install/jabari_pan_tilt_control_pkg:/home/jabari2/ros2_ws/install/jabari_dht11_control_pkg:/home/jabari2/ros2_ws/install/diff_drive_controller:/home/jabari2/ros2_ws/install/camera_publisher_pkg:/opt/ros/humble:/home/jabari2/ros2_ws/install/rplidar_ros /usr/bin/cmake --install /home/jabari2/jabari/build/articubot_one
[2.169s] Level 1:colcon.colcon_core.environment:create_environment_scripts_only(articubot_one)
[2.188s] Level 1:colcon.colcon_core.environment:checking '/home/jabari2/jabari/install/articubot_one' for CMake module files
[2.192s] Level 1:colcon.colcon_core.environment:checking '/home/jabari2/jabari/install/articubot_one' for CMake config files
[2.203s] Level 1:colcon.colcon_core.shell:create_environment_hook('articubot_one', 'cmake_prefix_path')
[2.204s] INFO:colcon.colcon_core.shell:Creating environment hook '/home/jabari2/jabari/install/articubot_one/share/articubot_one/hook/cmake_prefix_path.ps1'
[2.209s] DEBUG:colcon.colcon_core.event_handler.log_command:Invoked command in '/home/jabari2/jabari/build/articubot_one' returned '0': CMAKE_PREFIX_PATH=/home/jabari2/jabari/install/diffdrive_arduino:/home/jabari2/jabari/install/serial:/home/jabari2/jabari/install/articubot_one:/home/jabari2/ros2_ws/install/serial_motor_demo_msgs:/home/jabari2/ros2_ws/install/yolo_image_processor:/home/jabari2/ros2_ws/install/serial_motor_demo:/home/jabari2/ros2_ws/install/motor_control_pkg:/home/jabari2/ros2_ws/install/manual_control:/home/jabari2/ros2_ws/install/jabari_rover_bringup:/home/jabari2/ros2_ws/install/jabari_pan_tilt_control_pkg:/home/jabari2/ros2_ws/install/jabari_dht11_control_pkg:/home/jabari2/ros2_ws/install/diff_drive_controller:/home/jabari2/ros2_ws/install/camera_publisher_pkg:/opt/ros/humble:/home/jabari2/ros2_ws/install/rplidar_ros /usr/bin/cmake --install /home/jabari2/jabari/build/articubot_one
[2.213s] INFO:colcon.colcon_core.shell:Creating environment descriptor '/home/jabari2/jabari/install/articubot_one/share/articubot_one/hook/cmake_prefix_path.dsv'
[2.216s] INFO:colcon.colcon_core.shell:Creating environment hook '/home/jabari2/jabari/install/articubot_one/share/articubot_one/hook/cmake_prefix_path.sh'
[2.222s] Level 1:colcon.colcon_core.environment:checking '/home/jabari2/jabari/install/articubot_one/bin'
[2.222s] Level 1:colcon.colcon_core.environment:checking '/home/jabari2/jabari/install/articubot_one/lib/pkgconfig/articubot_one.pc'
[2.226s] Level 1:colcon.colcon_core.environment:checking '/home/jabari2/jabari/install/articubot_one/lib/python3.10/site-packages'
[2.228s] Level 1:colcon.colcon_core.environment:checking '/home/jabari2/jabari/install/articubot_one/bin'
[2.229s] INFO:colcon.colcon_core.shell:Creating package script '/home/jabari2/jabari/install/articubot_one/share/articubot_one/package.ps1'
[2.234s] INFO:colcon.colcon_core.shell:Creating package descriptor '/home/jabari2/jabari/install/articubot_one/share/articubot_one/package.dsv'
[2.237s] INFO:colcon.colcon_core.shell:Creating package script '/home/jabari2/jabari/install/articubot_one/share/articubot_one/package.sh'
[2.242s] INFO:colcon.colcon_core.shell:Creating package script '/home/jabari2/jabari/install/articubot_one/share/articubot_one/package.bash'
[2.248s] INFO:colcon.colcon_core.shell:Creating package script '/home/jabari2/jabari/install/articubot_one/share/articubot_one/package.zsh'
[2.252s] Level 1:colcon.colcon_core.environment:create_file_with_runtime_dependencies(/home/jabari2/jabari/install/articubot_one/share/colcon-core/packages/articubot_one)
[2.254s] Level 1:colcon.colcon_core.environment:create_environment_scripts_only(articubot_one)
[2.256s] Level 1:colcon.colcon_core.environment:checking '/home/jabari2/jabari/install/articubot_one' for CMake module files
[2.260s] Level 1:colcon.colcon_core.environment:checking '/home/jabari2/jabari/install/articubot_one' for CMake config files
[2.262s] Level 1:colcon.colcon_core.shell:create_environment_hook('articubot_one', 'cmake_prefix_path')
[2.263s] INFO:colcon.colcon_core.shell:Creating environment hook '/home/jabari2/jabari/install/articubot_one/share/articubot_one/hook/cmake_prefix_path.ps1'
[2.265s] INFO:colcon.colcon_core.shell:Creating environment descriptor '/home/jabari2/jabari/install/articubot_one/share/articubot_one/hook/cmake_prefix_path.dsv'
[2.268s] INFO:colcon.colcon_core.shell:Creating environment hook '/home/jabari2/jabari/install/articubot_one/share/articubot_one/hook/cmake_prefix_path.sh'
[2.271s] Level 1:colcon.colcon_core.environment:checking '/home/jabari2/jabari/install/articubot_one/bin'
[2.271s] Level 1:colcon.colcon_core.environment:checking '/home/jabari2/jabari/install/articubot_one/lib/pkgconfig/articubot_one.pc'
[2.272s] Level 1:colcon.colcon_core.environment:checking '/home/jabari2/jabari/install/articubot_one/lib/python3.10/site-packages'
[2.273s] Level 1:colcon.colcon_core.environment:checking '/home/jabari2/jabari/install/articubot_one/bin'
[2.275s] INFO:colcon.colcon_core.shell:Creating package script '/home/jabari2/jabari/install/articubot_one/share/articubot_one/package.ps1'
[2.277s] INFO:colcon.colcon_core.shell:Creating package descriptor '/home/jabari2/jabari/install/articubot_one/share/articubot_one/package.dsv'
[2.281s] INFO:colcon.colcon_core.shell:Creating package script '/home/jabari2/jabari/install/articubot_one/share/articubot_one/package.sh'
[2.284s] INFO:colcon.colcon_core.shell:Creating package script '/home/jabari2/jabari/install/articubot_one/share/articubot_one/package.bash'
[2.287s] INFO:colcon.colcon_core.shell:Creating package script '/home/jabari2/jabari/install/articubot_one/share/articubot_one/package.zsh'
[2.290s] Level 1:colcon.colcon_core.environment:create_file_with_runtime_dependencies(/home/jabari2/jabari/install/articubot_one/share/colcon-core/packages/articubot_one)
[2.303s] DEBUG:colcon.colcon_core.event_handler.log_command:Invoked command in '/home/jabari2/jabari/build/serial' returned '0': CMAKE_PREFIX_PATH=/home/jabari2/jabari/install/diffdrive_arduino:/home/jabari2/jabari/install/serial:/home/jabari2/jabari/install/articubot_one:/home/jabari2/ros2_ws/install/serial_motor_demo_msgs:/home/jabari2/ros2_ws/install/yolo_image_processor:/home/jabari2/ros2_ws/install/serial_motor_demo:/home/jabari2/ros2_ws/install/motor_control_pkg:/home/jabari2/ros2_ws/install/manual_control:/home/jabari2/ros2_ws/install/jabari_rover_bringup:/home/jabari2/ros2_ws/install/jabari_pan_tilt_control_pkg:/home/jabari2/ros2_ws/install/jabari_dht11_control_pkg:/home/jabari2/ros2_ws/install/diff_drive_controller:/home/jabari2/ros2_ws/install/camera_publisher_pkg:/opt/ros/humble:/home/jabari2/ros2_ws/install/rplidar_ros /usr/bin/cmake --build /home/jabari2/jabari/build/serial -- -j4 -l4
[2.312s] DEBUG:colcon.colcon_core.event_handler.log_command:Invoking command in '/home/jabari2/jabari/build/serial': CMAKE_PREFIX_PATH=/home/jabari2/jabari/install/diffdrive_arduino:/home/jabari2/jabari/install/serial:/home/jabari2/jabari/install/articubot_one:/home/jabari2/ros2_ws/install/serial_motor_demo_msgs:/home/jabari2/ros2_ws/install/yolo_image_processor:/home/jabari2/ros2_ws/install/serial_motor_demo:/home/jabari2/ros2_ws/install/motor_control_pkg:/home/jabari2/ros2_ws/install/manual_control:/home/jabari2/ros2_ws/install/jabari_rover_bringup:/home/jabari2/ros2_ws/install/jabari_pan_tilt_control_pkg:/home/jabari2/ros2_ws/install/jabari_dht11_control_pkg:/home/jabari2/ros2_ws/install/diff_drive_controller:/home/jabari2/ros2_ws/install/camera_publisher_pkg:/opt/ros/humble:/home/jabari2/ros2_ws/install/rplidar_ros /usr/bin/cmake --install /home/jabari2/jabari/build/serial
[2.354s] Level 1:colcon.colcon_core.environment:create_environment_scripts_only(serial)
[2.355s] Level 1:colcon.colcon_core.environment:checking '/home/jabari2/jabari/install/serial' for CMake module files
[2.357s] DEBUG:colcon.colcon_core.event_handler.log_command:Invoked command in '/home/jabari2/jabari/build/serial' returned '0': CMAKE_PREFIX_PATH=/home/jabari2/jabari/install/diffdrive_arduino:/home/jabari2/jabari/install/serial:/home/jabari2/jabari/install/articubot_one:/home/jabari2/ros2_ws/install/serial_motor_demo_msgs:/home/jabari2/ros2_ws/install/yolo_image_processor:/home/jabari2/ros2_ws/install/serial_motor_demo:/home/jabari2/ros2_ws/install/motor_control_pkg:/home/jabari2/ros2_ws/install/manual_control:/home/jabari2/ros2_ws/install/jabari_rover_bringup:/home/jabari2/ros2_ws/install/jabari_pan_tilt_control_pkg:/home/jabari2/ros2_ws/install/jabari_dht11_control_pkg:/home/jabari2/ros2_ws/install/diff_drive_controller:/home/jabari2/ros2_ws/install/camera_publisher_pkg:/opt/ros/humble:/home/jabari2/ros2_ws/install/rplidar_ros /usr/bin/cmake --install /home/jabari2/jabari/build/serial
[2.359s] Level 1:colcon.colcon_core.environment:checking '/home/jabari2/jabari/install/serial' for CMake config files
[2.360s] Level 1:colcon.colcon_core.shell:create_environment_hook('serial', 'cmake_prefix_path')
[2.361s] INFO:colcon.colcon_core.shell:Creating environment hook '/home/jabari2/jabari/install/serial/share/serial/hook/cmake_prefix_path.ps1'
[2.363s] INFO:colcon.colcon_core.shell:Creating environment descriptor '/home/jabari2/jabari/install/serial/share/serial/hook/cmake_prefix_path.dsv'
[2.365s] INFO:colcon.colcon_core.shell:Creating environment hook '/home/jabari2/jabari/install/serial/share/serial/hook/cmake_prefix_path.sh'
[2.368s] Level 1:colcon.colcon_core.environment:checking '/home/jabari2/jabari/install/serial/lib'
[2.369s] Level 1:colcon.colcon_core.environment:checking '/home/jabari2/jabari/install/serial/bin'
[2.369s] Level 1:colcon.colcon_core.environment:checking '/home/jabari2/jabari/install/serial/lib/pkgconfig/serial.pc'
[2.370s] Level 1:colcon.colcon_core.environment:checking '/home/jabari2/jabari/install/serial/lib/python3.10/site-packages'
[2.371s] Level 1:colcon.colcon_core.environment:checking '/home/jabari2/jabari/install/serial/bin'
[2.372s] INFO:colcon.colcon_core.shell:Creating package script '/home/jabari2/jabari/install/serial/share/serial/package.ps1'
[2.375s] INFO:colcon.colcon_core.shell:Creating package descriptor '/home/jabari2/jabari/install/serial/share/serial/package.dsv'
[2.377s] INFO:colcon.colcon_core.shell:Creating package script '/home/jabari2/jabari/install/serial/share/serial/package.sh'
[2.379s] INFO:colcon.colcon_core.shell:Creating package script '/home/jabari2/jabari/install/serial/share/serial/package.bash'
[2.381s] INFO:colcon.colcon_core.shell:Creating package script '/home/jabari2/jabari/install/serial/share/serial/package.zsh'
[2.383s] Level 1:colcon.colcon_core.environment:create_file_with_runtime_dependencies(/home/jabari2/jabari/install/serial/share/colcon-core/packages/serial)
[2.385s] Level 1:colcon.colcon_core.environment:create_environment_scripts_only(serial)
[2.386s] Level 1:colcon.colcon_core.environment:checking '/home/jabari2/jabari/install/serial' for CMake module files
[2.389s] Level 1:colcon.colcon_core.environment:checking '/home/jabari2/jabari/install/serial' for CMake config files
[2.390s] Level 1:colcon.colcon_core.shell:create_environment_hook('serial', 'cmake_prefix_path')
[2.391s] INFO:colcon.colcon_core.shell:Creating environment hook '/home/jabari2/jabari/install/serial/share/serial/hook/cmake_prefix_path.ps1'
[2.393s] INFO:colcon.colcon_core.shell:Creating environment descriptor '/home/jabari2/jabari/install/serial/share/serial/hook/cmake_prefix_path.dsv'
[2.395s] INFO:colcon.colcon_core.shell:Creating environment hook '/home/jabari2/jabari/install/serial/share/serial/hook/cmake_prefix_path.sh'
[2.397s] Level 1:colcon.colcon_core.environment:checking '/home/jabari2/jabari/install/serial/lib'
[2.398s] Level 1:colcon.colcon_core.environment:checking '/home/jabari2/jabari/install/serial/bin'
[2.398s] Level 1:colcon.colcon_core.environment:checking '/home/jabari2/jabari/install/serial/lib/pkgconfig/serial.pc'
[2.399s] Level 1:colcon.colcon_core.environment:checking '/home/jabari2/jabari/install/serial/lib/python3.10/site-packages'
[2.400s] Level 1:colcon.colcon_core.environment:checking '/home/jabari2/jabari/install/serial/bin'
[2.401s] INFO:colcon.colcon_core.shell:Creating package script '/home/jabari2/jabari/install/serial/share/serial/package.ps1'
[2.403s] INFO:colcon.colcon_core.shell:Creating package descriptor '/home/jabari2/jabari/install/serial/share/serial/package.dsv'
[2.405s] INFO:colcon.colcon_core.shell:Creating package script '/home/jabari2/jabari/install/serial/share/serial/package.sh'
[2.408s] INFO:colcon.colcon_core.shell:Creating package script '/home/jabari2/jabari/install/serial/share/serial/package.bash'
[2.410s] INFO:colcon.colcon_core.shell:Creating package script '/home/jabari2/jabari/install/serial/share/serial/package.zsh'
[2.412s] Level 1:colcon.colcon_core.environment:create_file_with_runtime_dependencies(/home/jabari2/jabari/install/serial/share/colcon-core/packages/serial)
[2.413s] INFO:colcon.colcon_ros.task.ament_cmake.build:Building ROS package in '/home/jabari2/jabari/diffdrive_arduino' with build type 'ament_cmake'
[2.414s] INFO:colcon.colcon_cmake.task.cmake.build:Building CMake package in '/home/jabari2/jabari/diffdrive_arduino'
[2.415s] INFO:colcon.colcon_core.shell:Skip shell extension 'powershell' for command environment: Not usable outside of PowerShell
[2.415s] DEBUG:colcon.colcon_core.shell:Skip shell extension 'dsv' for command environment
[2.477s] DEBUG:colcon.colcon_core.event_handler.log_command:Invoking command in '/home/jabari2/jabari/build/diffdrive_arduino': CMAKE_PREFIX_PATH=/home/jabari2/jabari/install/serial:/home/jabari2/jabari/install/diffdrive_arduino:/home/jabari2/jabari/install/articubot_one:/home/jabari2/ros2_ws/install/serial_motor_demo_msgs:/home/jabari2/ros2_ws/install/yolo_image_processor:/home/jabari2/ros2_ws/install/serial_motor_demo:/home/jabari2/ros2_ws/install/motor_control_pkg:/home/jabari2/ros2_ws/install/manual_control:/home/jabari2/ros2_ws/install/jabari_rover_bringup:/home/jabari2/ros2_ws/install/jabari_pan_tilt_control_pkg:/home/jabari2/ros2_ws/install/jabari_dht11_control_pkg:/home/jabari2/ros2_ws/install/diff_drive_controller:/home/jabari2/ros2_ws/install/camera_publisher_pkg:/opt/ros/humble:/home/jabari2/ros2_ws/install/rplidar_ros /usr/bin/cmake --build /home/jabari2/jabari/build/diffdrive_arduino -- -j4 -l4
[19.376s] DEBUG:colcon.colcon_core.event_handler.log_command:Invoked command in '/home/jabari2/jabari/build/diffdrive_arduino' returned '0': CMAKE_PREFIX_PATH=/home/jabari2/jabari/install/serial:/home/jabari2/jabari/install/diffdrive_arduino:/home/jabari2/jabari/install/articubot_one:/home/jabari2/ros2_ws/install/serial_motor_demo_msgs:/home/jabari2/ros2_ws/install/yolo_image_processor:/home/jabari2/ros2_ws/install/serial_motor_demo:/home/jabari2/ros2_ws/install/motor_control_pkg:/home/jabari2/ros2_ws/install/manual_control:/home/jabari2/ros2_ws/install/jabari_rover_bringup:/home/jabari2/ros2_ws/install/jabari_pan_tilt_control_pkg:/home/jabari2/ros2_ws/install/jabari_dht11_control_pkg:/home/jabari2/ros2_ws/install/diff_drive_controller:/home/jabari2/ros2_ws/install/camera_publisher_pkg:/opt/ros/humble:/home/jabari2/ros2_ws/install/rplidar_ros /usr/bin/cmake --build /home/jabari2/jabari/build/diffdrive_arduino -- -j4 -l4
[19.385s] DEBUG:colcon.colcon_core.event_handler.log_command:Invoking command in '/home/jabari2/jabari/build/diffdrive_arduino': CMAKE_PREFIX_PATH=/home/jabari2/jabari/install/serial:/home/jabari2/jabari/install/diffdrive_arduino:/home/jabari2/jabari/install/articubot_one:/home/jabari2/ros2_ws/install/serial_motor_demo_msgs:/home/jabari2/ros2_ws/install/yolo_image_processor:/home/jabari2/ros2_ws/install/serial_motor_demo:/home/jabari2/ros2_ws/install/motor_control_pkg:/home/jabari2/ros2_ws/install/manual_control:/home/jabari2/ros2_ws/install/jabari_rover_bringup:/home/jabari2/ros2_ws/install/jabari_pan_tilt_control_pkg:/home/jabari2/ros2_ws/install/jabari_dht11_control_pkg:/home/jabari2/ros2_ws/install/diff_drive_controller:/home/jabari2/ros2_ws/install/camera_publisher_pkg:/opt/ros/humble:/home/jabari2/ros2_ws/install/rplidar_ros /usr/bin/cmake --install /home/jabari2/jabari/build/diffdrive_arduino
[19.443s] Level 1:colcon.colcon_core.environment:create_environment_scripts_only(diffdrive_arduino)
[19.444s] Level 1:colcon.colcon_core.environment:checking '/home/jabari2/jabari/install/diffdrive_arduino' for CMake module files
[19.446s] DEBUG:colcon.colcon_core.event_handler.log_command:Invoked command in '/home/jabari2/jabari/build/diffdrive_arduino' returned '0': CMAKE_PREFIX_PATH=/home/jabari2/jabari/install/serial:/home/jabari2/jabari/install/diffdrive_arduino:/home/jabari2/jabari/install/articubot_one:/home/jabari2/ros2_ws/install/serial_motor_demo_msgs:/home/jabari2/ros2_ws/install/yolo_image_processor:/home/jabari2/ros2_ws/install/serial_motor_demo:/home/jabari2/ros2_ws/install/motor_control_pkg:/home/jabari2/ros2_ws/install/manual_control:/home/jabari2/ros2_ws/install/jabari_rover_bringup:/home/jabari2/ros2_ws/install/jabari_pan_tilt_control_pkg:/home/jabari2/ros2_ws/install/jabari_dht11_control_pkg:/home/jabari2/ros2_ws/install/diff_drive_controller:/home/jabari2/ros2_ws/install/camera_publisher_pkg:/opt/ros/humble:/home/jabari2/ros2_ws/install/rplidar_ros /usr/bin/cmake --install /home/jabari2/jabari/build/diffdrive_arduino
[19.448s] Level 1:colcon.colcon_core.environment:checking '/home/jabari2/jabari/install/diffdrive_arduino' for CMake config files
[19.450s] Level 1:colcon.colcon_core.shell:create_environment_hook('diffdrive_arduino', 'cmake_prefix_path')
[19.451s] INFO:colcon.colcon_core.shell:Creating environment hook '/home/jabari2/jabari/install/diffdrive_arduino/share/diffdrive_arduino/hook/cmake_prefix_path.ps1'
[19.453s] INFO:colcon.colcon_core.shell:Creating environment descriptor '/home/jabari2/jabari/install/diffdrive_arduino/share/diffdrive_arduino/hook/cmake_prefix_path.dsv'
[19.456s] INFO:colcon.colcon_core.shell:Creating environment hook '/home/jabari2/jabari/install/diffdrive_arduino/share/diffdrive_arduino/hook/cmake_prefix_path.sh'
[19.459s] Level 1:colcon.colcon_core.environment:checking '/home/jabari2/jabari/install/diffdrive_arduino/lib'
[19.459s] Level 1:colcon.colcon_core.shell:create_environment_hook('diffdrive_arduino', 'ld_library_path_lib')
[19.460s] INFO:colcon.colcon_core.shell:Creating environment hook '/home/jabari2/jabari/install/diffdrive_arduino/share/diffdrive_arduino/hook/ld_library_path_lib.ps1'
[19.462s] INFO:colcon.colcon_core.shell:Creating environment descriptor '/home/jabari2/jabari/install/diffdrive_arduino/share/diffdrive_arduino/hook/ld_library_path_lib.dsv'
[19.464s] INFO:colcon.colcon_core.shell:Creating environment hook '/home/jabari2/jabari/install/diffdrive_arduino/share/diffdrive_arduino/hook/ld_library_path_lib.sh'
[19.466s] Level 1:colcon.colcon_core.environment:checking '/home/jabari2/jabari/install/diffdrive_arduino/bin'
[19.466s] Level 1:colcon.colcon_core.environment:checking '/home/jabari2/jabari/install/diffdrive_arduino/lib/pkgconfig/diffdrive_arduino.pc'
[19.467s] Level 1:colcon.colcon_core.environment:checking '/home/jabari2/jabari/install/diffdrive_arduino/lib/python3.10/site-packages'
[19.468s] Level 1:colcon.colcon_core.environment:checking '/home/jabari2/jabari/install/diffdrive_arduino/bin'
[19.469s] INFO:colcon.colcon_core.shell:Creating package script '/home/jabari2/jabari/install/diffdrive_arduino/share/diffdrive_arduino/package.ps1'
[19.472s] INFO:colcon.colcon_core.shell:Creating package descriptor '/home/jabari2/jabari/install/diffdrive_arduino/share/diffdrive_arduino/package.dsv'
[19.474s] INFO:colcon.colcon_core.shell:Creating package script '/home/jabari2/jabari/install/diffdrive_arduino/share/diffdrive_arduino/package.sh'
[19.476s] INFO:colcon.colcon_core.shell:Creating package script '/home/jabari2/jabari/install/diffdrive_arduino/share/diffdrive_arduino/package.bash'
[19.478s] INFO:colcon.colcon_core.shell:Creating package script '/home/jabari2/jabari/install/diffdrive_arduino/share/diffdrive_arduino/package.zsh'
[19.479s] Level 1:colcon.colcon_core.environment:create_file_with_runtime_dependencies(/home/jabari2/jabari/install/diffdrive_arduino/share/colcon-core/packages/diffdrive_arduino)
[19.482s] Level 1:colcon.colcon_core.environment:create_environment_scripts_only(diffdrive_arduino)
[19.483s] Level 1:colcon.colcon_core.environment:checking '/home/jabari2/jabari/install/diffdrive_arduino' for CMake module files
[19.486s] Level 1:colcon.colcon_core.environment:checking '/home/jabari2/jabari/install/diffdrive_arduino' for CMake config files
[19.487s] Level 1:colcon.colcon_core.shell:create_environment_hook('diffdrive_arduino', 'cmake_prefix_path')
[19.488s] INFO:colcon.colcon_core.shell:Creating environment hook '/home/jabari2/jabari/install/diffdrive_arduino/share/diffdrive_arduino/hook/cmake_prefix_path.ps1'
[19.490s] INFO:colcon.colcon_core.shell:Creating environment descriptor '/home/jabari2/jabari/install/diffdrive_arduino/share/diffdrive_arduino/hook/cmake_prefix_path.dsv'
[19.491s] INFO:colcon.colcon_core.shell:Creating environment hook '/home/jabari2/jabari/install/diffdrive_arduino/share/diffdrive_arduino/hook/cmake_prefix_path.sh'
[19.494s] Level 1:colcon.colcon_core.environment:checking '/home/jabari2/jabari/install/diffdrive_arduino/lib'
[19.494s] Level 1:colcon.colcon_core.shell:create_environment_hook('diffdrive_arduino', 'ld_library_path_lib')
[19.495s] INFO:colcon.colcon_core.shell:Creating environment hook '/home/jabari2/jabari/install/diffdrive_arduino/share/diffdrive_arduino/hook/ld_library_path_lib.ps1'
[19.497s] INFO:colcon.colcon_core.shell:Creating environment descriptor '/home/jabari2/jabari/install/diffdrive_arduino/share/diffdrive_arduino/hook/ld_library_path_lib.dsv'
[19.499s] INFO:colcon.colcon_core.shell:Creating environment hook '/home/jabari2/jabari/install/diffdrive_arduino/share/diffdrive_arduino/hook/ld_library_path_lib.sh'
[19.501s] Level 1:colcon.colcon_core.environment:checking '/home/jabari2/jabari/install/diffdrive_arduino/bin'
[19.501s] Level 1:colcon.colcon_core.environment:checking '/home/jabari2/jabari/install/diffdrive_arduino/lib/pkgconfig/diffdrive_arduino.pc'
[19.502s] Level 1:colcon.colcon_core.environment:checking '/home/jabari2/jabari/install/diffdrive_arduino/lib/python3.10/site-packages'
[19.503s] Level 1:colcon.colcon_core.environment:checking '/home/jabari2/jabari/install/diffdrive_arduino/bin'
[19.504s] INFO:colcon.colcon_core.shell:Creating package script '/home/jabari2/jabari/install/diffdrive_arduino/share/diffdrive_arduino/package.ps1'
[19.506s] INFO:colcon.colcon_core.shell:Creating package descriptor '/home/jabari2/jabari/install/diffdrive_arduino/share/diffdrive_arduino/package.dsv'
[19.509s] INFO:colcon.colcon_core.shell:Creating package script '/home/jabari2/jabari/install/diffdrive_arduino/share/diffdrive_arduino/package.sh'
[19.511s] INFO:colcon.colcon_core.shell:Creating package script '/home/jabari2/jabari/install/diffdrive_arduino/share/diffdrive_arduino/package.bash'
[19.513s] INFO:colcon.colcon_core.shell:Creating package script '/home/jabari2/jabari/install/diffdrive_arduino/share/diffdrive_arduino/package.zsh'
[19.515s] Level 1:colcon.colcon_core.environment:create_file_with_runtime_dependencies(/home/jabari2/jabari/install/diffdrive_arduino/share/colcon-core/packages/diffdrive_arduino)
[19.516s] DEBUG:colcon.colcon_parallel_executor.executor.parallel:closing loop
[19.517s] DEBUG:colcon.colcon_parallel_executor.executor.parallel:loop closed
[19.518s] DEBUG:colcon.colcon_parallel_executor.executor.parallel:run_until_complete finished with '0'
[19.518s] DEBUG:colcon.colcon_core.event_reactor:joining thread
[19.542s] INFO:colcon.colcon_core.plugin_system:Skipping extension 'colcon_notification.desktop_notification.notify_send': Could not find 'notify-send'
[19.542s] INFO:colcon.colcon_core.plugin_system:Skipping extension 'colcon_notification.desktop_notification.terminal_notifier': Not used on non-Darwin systems
[19.543s] INFO:colcon.colcon_core.plugin_system:Skipping extension 'colcon_notification.desktop_notification.win32': Not used on non-Windows systems
[19.543s] INFO:colcon.colcon_notification.desktop_notification:Sending desktop notification using 'notify2'
[19.545s] DEBUG:colcon.colcon_notification.desktop_notification.notify2:Failed to initialize notify2: org.freedesktop.DBus.Error.ServiceUnknown: The name org.freedesktop.Notifications was not provided by any .service files
[19.546s] DEBUG:colcon.colcon_core.event_reactor:joined thread
[19.547s] INFO:colcon.colcon_core.shell:Creating prefix script '/home/jabari2/jabari/install/local_setup.ps1'
[19.550s] INFO:colcon.colcon_core.shell:Creating prefix util module '/home/jabari2/jabari/install/_local_setup_util_ps1.py'
[19.557s] INFO:colcon.colcon_core.shell:Creating prefix chain script '/home/jabari2/jabari/install/setup.ps1'
[19.567s] INFO:colcon.colcon_core.shell:Creating prefix script '/home/jabari2/jabari/install/local_setup.sh'
[19.570s] INFO:colcon.colcon_core.shell:Creating prefix util module '/home/jabari2/jabari/install/_local_setup_util_sh.py'
[19.572s] INFO:colcon.colcon_core.shell:Creating prefix chain script '/home/jabari2/jabari/install/setup.sh'
[19.580s] INFO:colcon.colcon_core.shell:Creating prefix script '/home/jabari2/jabari/install/local_setup.bash'
[19.583s] INFO:colcon.colcon_core.shell:Creating prefix chain script '/home/jabari2/jabari/install/setup.bash'
[19.590s] INFO:colcon.colcon_core.shell:Creating prefix script '/home/jabari2/jabari/install/local_setup.zsh'
[19.593s] INFO:colcon.colcon_core.shell:Creating prefix chain script '/home/jabari2/jabari/install/setup.zsh'
