[0.060s] Invoking command in '/home/jabari2/jabari/build/articubot_one': CMAKE_PREFIX_PATH=/home/jabari2/ros2_ws/install/serial_motor_demo_msgs:/home/jabari2/ros2_ws/install/yolo_image_processor:/home/jabari2/ros2_ws/install/serial_motor_demo:/home/jabari2/ros2_ws/install/motor_control_pkg:/home/jabari2/ros2_ws/install/manual_control:/home/jabari2/ros2_ws/install/jabari_rover_bringup:/home/jabari2/ros2_ws/install/jabari_pan_tilt_control_pkg:/home/jabari2/ros2_ws/install/jabari_dht11_control_pkg:/home/jabari2/ros2_ws/install/diff_drive_controller:/home/jabari2/ros2_ws/install/camera_publisher_pkg:/opt/ros/humble:/home/jabari2/ros2_ws/install/rplidar_ros /usr/bin/cmake /home/jabari2/jabari/articubot_one -DCMAKE_INSTALL_PREFIX=/home/jabari2/jabari/install/articubot_one
[0.323s] -- The C compiler identification is GNU 11.4.0
[0.589s] -- The CXX compiler identification is GNU 11.4.0
[0.618s] -- Detecting C compiler ABI info
[0.946s] -- Detecting C compiler ABI info - done
[0.971s] -- Check for working C compiler: /usr/bin/cc - skipped
[0.971s] -- Detecting C compile features
[0.973s] -- Detecting C compile features - done
[0.984s] -- Detecting CXX compiler ABI info
[1.348s] -- Detecting CXX compiler ABI info - done
[1.372s] -- Check for working CXX compiler: /usr/bin/c++ - skipped
[1.373s] -- Detecting CXX compile features
[1.375s] -- Detecting CXX compile features - done
[1.414s] -- Found ament_cmake: 1.3.12 (/opt/ros/humble/share/ament_cmake/cmake)
[2.398s] -- Found Python3: /usr/bin/python3 (found version "3.10.12") found components: Interpreter 
[3.239s] -- Found ament_lint_auto: 0.12.14 (/opt/ros/humble/share/ament_lint_auto/cmake)
[3.883s] -- Added test 'copyright' to check source files copyright and LICENSE
[3.973s] -- Added test 'flake8' to check Python code syntax and style conventions
[3.988s] -- Added test 'lint_cmake' to check CMake code style
[3.997s] -- Added test 'pep257' to check Python code against some of the docstring style conventions in PEP 257
[4.046s] -- Added test 'xmllint' to check XML markup files
[4.057s] -- Configuring done
[4.078s] -- Generating done
[4.087s] -- Build files have been written to: /home/jabari2/jabari/build/articubot_one
[4.107s] Invoked command in '/home/jabari2/jabari/build/articubot_one' returned '0': CMAKE_PREFIX_PATH=/home/jabari2/ros2_ws/install/serial_motor_demo_msgs:/home/jabari2/ros2_ws/install/yolo_image_processor:/home/jabari2/ros2_ws/install/serial_motor_demo:/home/jabari2/ros2_ws/install/motor_control_pkg:/home/jabari2/ros2_ws/install/manual_control:/home/jabari2/ros2_ws/install/jabari_rover_bringup:/home/jabari2/ros2_ws/install/jabari_pan_tilt_control_pkg:/home/jabari2/ros2_ws/install/jabari_dht11_control_pkg:/home/jabari2/ros2_ws/install/diff_drive_controller:/home/jabari2/ros2_ws/install/camera_publisher_pkg:/opt/ros/humble:/home/jabari2/ros2_ws/install/rplidar_ros /usr/bin/cmake /home/jabari2/jabari/articubot_one -DCMAKE_INSTALL_PREFIX=/home/jabari2/jabari/install/articubot_one
[4.117s] Invoking command in '/home/jabari2/jabari/build/articubot_one': CMAKE_PREFIX_PATH=/home/jabari2/ros2_ws/install/serial_motor_demo_msgs:/home/jabari2/ros2_ws/install/yolo_image_processor:/home/jabari2/ros2_ws/install/serial_motor_demo:/home/jabari2/ros2_ws/install/motor_control_pkg:/home/jabari2/ros2_ws/install/manual_control:/home/jabari2/ros2_ws/install/jabari_rover_bringup:/home/jabari2/ros2_ws/install/jabari_pan_tilt_control_pkg:/home/jabari2/ros2_ws/install/jabari_dht11_control_pkg:/home/jabari2/ros2_ws/install/diff_drive_controller:/home/jabari2/ros2_ws/install/camera_publisher_pkg:/opt/ros/humble:/home/jabari2/ros2_ws/install/rplidar_ros /usr/bin/cmake --build /home/jabari2/jabari/build/articubot_one -- -j4 -l4
[4.267s] Invoked command in '/home/jabari2/jabari/build/articubot_one' returned '0': CMAKE_PREFIX_PATH=/home/jabari2/ros2_ws/install/serial_motor_demo_msgs:/home/jabari2/ros2_ws/install/yolo_image_processor:/home/jabari2/ros2_ws/install/serial_motor_demo:/home/jabari2/ros2_ws/install/motor_control_pkg:/home/jabari2/ros2_ws/install/manual_control:/home/jabari2/ros2_ws/install/jabari_rover_bringup:/home/jabari2/ros2_ws/install/jabari_pan_tilt_control_pkg:/home/jabari2/ros2_ws/install/jabari_dht11_control_pkg:/home/jabari2/ros2_ws/install/diff_drive_controller:/home/jabari2/ros2_ws/install/camera_publisher_pkg:/opt/ros/humble:/home/jabari2/ros2_ws/install/rplidar_ros /usr/bin/cmake --build /home/jabari2/jabari/build/articubot_one -- -j4 -l4
[4.307s] Invoking command in '/home/jabari2/jabari/build/articubot_one': CMAKE_PREFIX_PATH=/home/jabari2/ros2_ws/install/serial_motor_demo_msgs:/home/jabari2/ros2_ws/install/yolo_image_processor:/home/jabari2/ros2_ws/install/serial_motor_demo:/home/jabari2/ros2_ws/install/motor_control_pkg:/home/jabari2/ros2_ws/install/manual_control:/home/jabari2/ros2_ws/install/jabari_rover_bringup:/home/jabari2/ros2_ws/install/jabari_pan_tilt_control_pkg:/home/jabari2/ros2_ws/install/jabari_dht11_control_pkg:/home/jabari2/ros2_ws/install/diff_drive_controller:/home/jabari2/ros2_ws/install/camera_publisher_pkg:/opt/ros/humble:/home/jabari2/ros2_ws/install/rplidar_ros /usr/bin/cmake --install /home/jabari2/jabari/build/articubot_one
[4.338s] -- Install configuration: ""
[4.339s] -- Installing: /home/jabari2/jabari/install/articubot_one/share/articubot_one/config
[4.340s] -- Installing: /home/jabari2/jabari/install/articubot_one/share/articubot_one/config/gazebo_params.yaml
[4.342s] -- Installing: /home/jabari2/jabari/install/articubot_one/share/articubot_one/config/gaz_ros2_ctl_use_sim.yaml
[4.344s] -- Installing: /home/jabari2/jabari/install/articubot_one/share/articubot_one/config/mapper_params_online_async.yaml
[4.345s] -- Installing: /home/jabari2/jabari/install/articubot_one/share/articubot_one/config/view_bot.rviz
[4.347s] -- Installing: /home/jabari2/jabari/install/articubot_one/share/articubot_one/config/joystick.yaml
[4.348s] -- Installing: /home/jabari2/jabari/install/articubot_one/share/articubot_one/config/twist_mux.yaml
[4.350s] -- Installing: /home/jabari2/jabari/install/articubot_one/share/articubot_one/config/nav2_params.yaml
[4.351s] -- Installing: /home/jabari2/jabari/install/articubot_one/share/articubot_one/config/main.rviz
[4.353s] -- Installing: /home/jabari2/jabari/install/articubot_one/share/articubot_one/config/my_controllers.yaml
[4.354s] -- Installing: /home/jabari2/jabari/install/articubot_one/share/articubot_one/config/ball_tracker_params_robot.yaml
[4.356s] -- Installing: /home/jabari2/jabari/install/articubot_one/share/articubot_one/config/map.rviz
[4.357s] -- Installing: /home/jabari2/jabari/install/articubot_one/share/articubot_one/config/empty.yaml
[4.358s] -- Installing: /home/jabari2/jabari/install/articubot_one/share/articubot_one/config/ball_tracker_params_sim.yaml
[4.360s] -- Installing: /home/jabari2/jabari/install/articubot_one/share/articubot_one/config/drive_bot.rviz
[4.361s] -- Installing: /home/jabari2/jabari/install/articubot_one/share/articubot_one/description
[4.362s] -- Installing: /home/jabari2/jabari/install/articubot_one/share/articubot_one/description/inertial_macros.xacro
[4.363s] -- Installing: /home/jabari2/jabari/install/articubot_one/share/articubot_one/description/depth_camera.xacro
[4.365s] -- Installing: /home/jabari2/jabari/install/articubot_one/share/articubot_one/description/camera.xacro
[4.366s] -- Installing: /home/jabari2/jabari/install/articubot_one/share/articubot_one/description/face.xacro
[4.368s] -- Installing: /home/jabari2/jabari/install/articubot_one/share/articubot_one/description/ros2_control.xacro
[4.369s] -- Installing: /home/jabari2/jabari/install/articubot_one/share/articubot_one/description/robot.urdf.xacro
[4.371s] -- Installing: /home/jabari2/jabari/install/articubot_one/share/articubot_one/description/lidar.xacro
[4.372s] -- Installing: /home/jabari2/jabari/install/articubot_one/share/articubot_one/description/robot_core.xacro
[4.373s] -- Installing: /home/jabari2/jabari/install/articubot_one/share/articubot_one/description/gazebo_control.xacro
[4.375s] -- Installing: /home/jabari2/jabari/install/articubot_one/share/articubot_one/launch
[4.376s] -- Installing: /home/jabari2/jabari/install/articubot_one/share/articubot_one/launch/joystick.launch.py
[4.377s] -- Installing: /home/jabari2/jabari/install/articubot_one/share/articubot_one/launch/rsp.launch.py
[4.378s] -- Installing: /home/jabari2/jabari/install/articubot_one/share/articubot_one/launch/launch_robot.launch.py
[4.379s] -- Installing: /home/jabari2/jabari/install/articubot_one/share/articubot_one/launch/localization_launch.py
[4.380s] -- Installing: /home/jabari2/jabari/install/articubot_one/share/articubot_one/launch/ball_tracker.launch.py
[4.381s] -- Installing: /home/jabari2/jabari/install/articubot_one/share/articubot_one/launch/launch_sim.launch.py
[4.382s] -- Installing: /home/jabari2/jabari/install/articubot_one/share/articubot_one/launch/online_async_launch.py
[4.383s] -- Installing: /home/jabari2/jabari/install/articubot_one/share/articubot_one/launch/navigation_launch.py
[4.384s] -- Installing: /home/jabari2/jabari/install/articubot_one/share/articubot_one/launch/camera.launch.py
[4.384s] -- Installing: /home/jabari2/jabari/install/articubot_one/share/articubot_one/launch/rplidar.launch.py
[4.385s] -- Installing: /home/jabari2/jabari/install/articubot_one/share/articubot_one/worlds
[4.386s] -- Installing: /home/jabari2/jabari/install/articubot_one/share/articubot_one/worlds/obstacles.world
[4.387s] -- Installing: /home/jabari2/jabari/install/articubot_one/share/articubot_one/worlds/empty.world
[4.389s] -- Installing: /home/jabari2/jabari/install/articubot_one/share/ament_index/resource_index/package_run_dependencies/articubot_one
[4.390s] -- Installing: /home/jabari2/jabari/install/articubot_one/share/ament_index/resource_index/parent_prefix_path/articubot_one
[4.392s] -- Installing: /home/jabari2/jabari/install/articubot_one/share/articubot_one/environment/ament_prefix_path.sh
[4.393s] -- Installing: /home/jabari2/jabari/install/articubot_one/share/articubot_one/environment/ament_prefix_path.dsv
[4.394s] -- Installing: /home/jabari2/jabari/install/articubot_one/share/articubot_one/environment/path.sh
[4.395s] -- Installing: /home/jabari2/jabari/install/articubot_one/share/articubot_one/environment/path.dsv
[4.396s] -- Installing: /home/jabari2/jabari/install/articubot_one/share/articubot_one/local_setup.bash
[4.397s] -- Installing: /home/jabari2/jabari/install/articubot_one/share/articubot_one/local_setup.sh
[4.398s] -- Installing: /home/jabari2/jabari/install/articubot_one/share/articubot_one/local_setup.zsh
[4.399s] -- Installing: /home/jabari2/jabari/install/articubot_one/share/articubot_one/local_setup.dsv
[4.400s] -- Installing: /home/jabari2/jabari/install/articubot_one/share/articubot_one/package.dsv
[4.402s] -- Installing: /home/jabari2/jabari/install/articubot_one/share/ament_index/resource_index/packages/articubot_one
[4.403s] -- Installing: /home/jabari2/jabari/install/articubot_one/share/articubot_one/cmake/articubot_oneConfig.cmake
[4.404s] -- Installing: /home/jabari2/jabari/install/articubot_one/share/articubot_one/cmake/articubot_oneConfig-version.cmake
[4.405s] -- Installing: /home/jabari2/jabari/install/articubot_one/share/articubot_one/package.xml
[4.411s] Invoked command in '/home/jabari2/jabari/build/articubot_one' returned '0': CMAKE_PREFIX_PATH=/home/jabari2/ros2_ws/install/serial_motor_demo_msgs:/home/jabari2/ros2_ws/install/yolo_image_processor:/home/jabari2/ros2_ws/install/serial_motor_demo:/home/jabari2/ros2_ws/install/motor_control_pkg:/home/jabari2/ros2_ws/install/manual_control:/home/jabari2/ros2_ws/install/jabari_rover_bringup:/home/jabari2/ros2_ws/install/jabari_pan_tilt_control_pkg:/home/jabari2/ros2_ws/install/jabari_dht11_control_pkg:/home/jabari2/ros2_ws/install/diff_drive_controller:/home/jabari2/ros2_ws/install/camera_publisher_pkg:/opt/ros/humble:/home/jabari2/ros2_ws/install/rplidar_ros /usr/bin/cmake --install /home/jabari2/jabari/build/articubot_one
