[0.054s] Invoking command in '/home/jabari2/jabari/build/diffdrive_arduino': AMENT_PREFIX_PATH=/home/jabari2/jabari/install/serial:${AMENT_PREFIX_PATH} CMAKE_PREFIX_PATH=/home/jabari2/jabari/install/serial:/home/jabari2/ros2_ws/install/serial_motor_demo_msgs:/home/jabari2/ros2_ws/install/yolo_image_processor:/home/jabari2/ros2_ws/install/serial_motor_demo:/home/jabari2/ros2_ws/install/motor_control_pkg:/home/jabari2/ros2_ws/install/manual_control:/home/jabari2/ros2_ws/install/jabari_rover_bringup:/home/jabari2/ros2_ws/install/jabari_pan_tilt_control_pkg:/home/jabari2/ros2_ws/install/jabari_dht11_control_pkg:/home/jabari2/ros2_ws/install/diff_drive_controller:/home/jabari2/ros2_ws/install/camera_publisher_pkg:/opt/ros/humble:/home/jabari2/ros2_ws/install/rplidar_ros LD_LIBRARY_PATH=/home/jabari2/jabari/install/serial/lib:${LD_LIBRARY_PATH} /usr/bin/cmake /home/jabari2/jabari/diffdrive_arduino -DCMAKE_INSTALL_PREFIX=/home/jabari2/jabari/install/diffdrive_arduino
[0.096s] -- Found ament_cmake: 1.3.12 (/opt/ros/humble/share/ament_cmake/cmake)
[0.722s] -- Found serial: 1.2.1 (/home/jabari2/jabari/install/serial/share/serial/cmake)
[0.761s] -- Found hardware_interface: 2.52.0 (/opt/ros/humble/share/hardware_interface/cmake)
[1.336s] -- Found rosidl_generator_c: 3.1.7 (/opt/ros/humble/share/rosidl_generator_c/cmake)
[1.425s] -- Found rosidl_adapter: 3.1.7 (/opt/ros/humble/share/rosidl_adapter/cmake)
[1.531s] -- Found rosidl_generator_cpp: 3.1.7 (/opt/ros/humble/share/rosidl_generator_cpp/cmake)
[1.662s] -- Using all available rosidl_typesupport_c: rosidl_typesupport_fastrtps_c;rosidl_typesupport_introspection_c
[1.841s] -- Using all available rosidl_typesupport_cpp: rosidl_typesupport_fastrtps_cpp;rosidl_typesupport_introspection_cpp
[3.750s] -- Found rmw_implementation_cmake: 6.1.2 (/opt/ros/humble/share/rmw_implementation_cmake/cmake)
[3.797s] -- Found rmw_fastrtps_cpp: 6.2.8 (/opt/ros/humble/share/rmw_fastrtps_cpp/cmake)
[4.079s] -- Found TinyXML2 via Config file: TinyXML2_DIR-NOTFOUND
[4.357s] -- Found OpenSSL: /usr/lib/aarch64-linux-gnu/libcrypto.so (found version "3.0.2")  
[4.370s] -- Found TinyXML2 via Config file: TinyXML2_DIR-NOTFOUND
[4.448s] -- Found FastRTPS: /opt/ros/humble/include  
[4.461s] -- Found TinyXML2 via Config file: TinyXML2_DIR-NOTFOUND
[4.493s] -- Found TinyXML2 via Config file: TinyXML2_DIR-NOTFOUND
[4.532s] -- Using RMW implementation 'rmw_fastrtps_cpp' as default
[4.672s] -- Looking for pthread.h
[5.011s] -- Looking for pthread.h - found
[5.012s] -- Performing Test CMAKE_HAVE_LIBC_PTHREAD
[5.346s] -- Performing Test CMAKE_HAVE_LIBC_PTHREAD - Success
[5.351s] -- Found Threads: TRUE  
[5.734s] -- Found controller_manager: 2.52.0 (/opt/ros/humble/share/controller_manager/cmake)
[6.369s] -- Configuring done
[6.471s] -- Generating done
[6.499s] -- Build files have been written to: /home/jabari2/jabari/build/diffdrive_arduino
[6.530s] Invoked command in '/home/jabari2/jabari/build/diffdrive_arduino' returned '0': AMENT_PREFIX_PATH=/home/jabari2/jabari/install/serial:${AMENT_PREFIX_PATH} CMAKE_PREFIX_PATH=/home/jabari2/jabari/install/serial:/home/jabari2/ros2_ws/install/serial_motor_demo_msgs:/home/jabari2/ros2_ws/install/yolo_image_processor:/home/jabari2/ros2_ws/install/serial_motor_demo:/home/jabari2/ros2_ws/install/motor_control_pkg:/home/jabari2/ros2_ws/install/manual_control:/home/jabari2/ros2_ws/install/jabari_rover_bringup:/home/jabari2/ros2_ws/install/jabari_pan_tilt_control_pkg:/home/jabari2/ros2_ws/install/jabari_dht11_control_pkg:/home/jabari2/ros2_ws/install/diff_drive_controller:/home/jabari2/ros2_ws/install/camera_publisher_pkg:/opt/ros/humble:/home/jabari2/ros2_ws/install/rplidar_ros LD_LIBRARY_PATH=/home/jabari2/jabari/install/serial/lib:${LD_LIBRARY_PATH} /usr/bin/cmake /home/jabari2/jabari/diffdrive_arduino -DCMAKE_INSTALL_PREFIX=/home/jabari2/jabari/install/diffdrive_arduino
[6.540s] Invoking command in '/home/jabari2/jabari/build/diffdrive_arduino': AMENT_PREFIX_PATH=/home/jabari2/jabari/install/serial:${AMENT_PREFIX_PATH} CMAKE_PREFIX_PATH=/home/jabari2/jabari/install/serial:/home/jabari2/ros2_ws/install/serial_motor_demo_msgs:/home/jabari2/ros2_ws/install/yolo_image_processor:/home/jabari2/ros2_ws/install/serial_motor_demo:/home/jabari2/ros2_ws/install/motor_control_pkg:/home/jabari2/ros2_ws/install/manual_control:/home/jabari2/ros2_ws/install/jabari_rover_bringup:/home/jabari2/ros2_ws/install/jabari_pan_tilt_control_pkg:/home/jabari2/ros2_ws/install/jabari_dht11_control_pkg:/home/jabari2/ros2_ws/install/diff_drive_controller:/home/jabari2/ros2_ws/install/camera_publisher_pkg:/opt/ros/humble:/home/jabari2/ros2_ws/install/rplidar_ros LD_LIBRARY_PATH=/home/jabari2/jabari/install/serial/lib:${LD_LIBRARY_PATH} /usr/bin/cmake --build /home/jabari2/jabari/build/diffdrive_arduino -- -j4 -l4
[6.768s] [ 14%] [32mBuilding CXX object CMakeFiles/diffdrive_arduino.dir/src/diffdrive_arduino.cpp.o[0m
[6.770s] [ 28%] [32mBuilding CXX object CMakeFiles/fake_robot.dir/src/fake_robot.cpp.o[0m
[6.774s] [ 42%] [32mBuilding CXX object CMakeFiles/diffdrive_arduino.dir/src/wheel.cpp.o[0m
[6.779s] [ 57%] [32mBuilding CXX object CMakeFiles/fake_robot.dir/src/wheel.cpp.o[0m
[8.615s] [ 71%] [32mBuilding CXX object CMakeFiles/diffdrive_arduino.dir/src/arduino_comms.cpp.o[0m
[24.856s] [ 85%] [32m[1mLinking CXX shared library libfake_robot.so[0m
[25.040s] [100%] [32m[1mLinking CXX shared library libdiffdrive_arduino.so[0m
[25.857s] [100%] Built target fake_robot
[26.025s] [100%] Built target diffdrive_arduino
[26.065s] Invoked command in '/home/jabari2/jabari/build/diffdrive_arduino' returned '0': AMENT_PREFIX_PATH=/home/jabari2/jabari/install/serial:${AMENT_PREFIX_PATH} CMAKE_PREFIX_PATH=/home/jabari2/jabari/install/serial:/home/jabari2/ros2_ws/install/serial_motor_demo_msgs:/home/jabari2/ros2_ws/install/yolo_image_processor:/home/jabari2/ros2_ws/install/serial_motor_demo:/home/jabari2/ros2_ws/install/motor_control_pkg:/home/jabari2/ros2_ws/install/manual_control:/home/jabari2/ros2_ws/install/jabari_rover_bringup:/home/jabari2/ros2_ws/install/jabari_pan_tilt_control_pkg:/home/jabari2/ros2_ws/install/jabari_dht11_control_pkg:/home/jabari2/ros2_ws/install/diff_drive_controller:/home/jabari2/ros2_ws/install/camera_publisher_pkg:/opt/ros/humble:/home/jabari2/ros2_ws/install/rplidar_ros LD_LIBRARY_PATH=/home/jabari2/jabari/install/serial/lib:${LD_LIBRARY_PATH} /usr/bin/cmake --build /home/jabari2/jabari/build/diffdrive_arduino -- -j4 -l4
[26.075s] Invoking command in '/home/jabari2/jabari/build/diffdrive_arduino': AMENT_PREFIX_PATH=/home/jabari2/jabari/install/serial:${AMENT_PREFIX_PATH} CMAKE_PREFIX_PATH=/home/jabari2/jabari/install/serial:/home/jabari2/ros2_ws/install/serial_motor_demo_msgs:/home/jabari2/ros2_ws/install/yolo_image_processor:/home/jabari2/ros2_ws/install/serial_motor_demo:/home/jabari2/ros2_ws/install/motor_control_pkg:/home/jabari2/ros2_ws/install/manual_control:/home/jabari2/ros2_ws/install/jabari_rover_bringup:/home/jabari2/ros2_ws/install/jabari_pan_tilt_control_pkg:/home/jabari2/ros2_ws/install/jabari_dht11_control_pkg:/home/jabari2/ros2_ws/install/diff_drive_controller:/home/jabari2/ros2_ws/install/camera_publisher_pkg:/opt/ros/humble:/home/jabari2/ros2_ws/install/rplidar_ros LD_LIBRARY_PATH=/home/jabari2/jabari/install/serial/lib:${LD_LIBRARY_PATH} /usr/bin/cmake --install /home/jabari2/jabari/build/diffdrive_arduino
[26.103s] -- Install configuration: ""
[26.103s] -- Installing: /home/jabari2/jabari/install/diffdrive_arduino/share/diffdrive_arduino/robot_hardware.xml
[26.105s] -- Installing: /home/jabari2/jabari/install/diffdrive_arduino/share/diffdrive_arduino/fake_robot_hardware.xml
[26.106s] -- Installing: /home/jabari2/jabari/install/diffdrive_arduino/lib/libdiffdrive_arduino.so
[26.113s] -- Set runtime path of "/home/jabari2/jabari/install/diffdrive_arduino/lib/libdiffdrive_arduino.so" to ""
[26.114s] -- Installing: /home/jabari2/jabari/install/diffdrive_arduino/lib/libfake_robot.so
[26.120s] -- Set runtime path of "/home/jabari2/jabari/install/diffdrive_arduino/lib/libfake_robot.so" to ""
[26.120s] -- Installing: /home/jabari2/jabari/install/diffdrive_arduino/share/diffdrive_arduino/controllers
[26.120s] -- Installing: /home/jabari2/jabari/install/diffdrive_arduino/share/diffdrive_arduino/controllers/robot_controller_example.yaml
[26.121s] -- Up-to-date: /home/jabari2/jabari/install/diffdrive_arduino/share/diffdrive_arduino
[26.122s] -- Installing: /home/jabari2/jabari/install/diffdrive_arduino/share/diffdrive_arduino/test_robot.launch.py
[26.122s] -- Installing: /home/jabari2/jabari/install/diffdrive_arduino/share/diffdrive_arduino/__pycache__
[26.123s] -- Installing: /home/jabari2/jabari/install/diffdrive_arduino/share/diffdrive_arduino/__pycache__/test_robot.launch.cpython-310.pyc
[26.124s] -- Installing: /home/jabari2/jabari/install/diffdrive_arduino/share/diffdrive_arduino/fake_robot.launch.py
[26.125s] -- Installing: /home/jabari2/jabari/install/diffdrive_arduino/share/diffdrive_arduino/environment/library_path.sh
[26.126s] -- Installing: /home/jabari2/jabari/install/diffdrive_arduino/share/diffdrive_arduino/environment/library_path.dsv
[26.128s] -- Installing: /home/jabari2/jabari/install/diffdrive_arduino/share/ament_index/resource_index/package_run_dependencies/diffdrive_arduino
[26.130s] -- Installing: /home/jabari2/jabari/install/diffdrive_arduino/share/ament_index/resource_index/parent_prefix_path/diffdrive_arduino
[26.131s] -- Installing: /home/jabari2/jabari/install/diffdrive_arduino/share/diffdrive_arduino/environment/ament_prefix_path.sh
[26.132s] -- Installing: /home/jabari2/jabari/install/diffdrive_arduino/share/diffdrive_arduino/environment/ament_prefix_path.dsv
[26.133s] -- Installing: /home/jabari2/jabari/install/diffdrive_arduino/share/diffdrive_arduino/environment/path.sh
[26.134s] -- Installing: /home/jabari2/jabari/install/diffdrive_arduino/share/diffdrive_arduino/environment/path.dsv
[26.135s] -- Installing: /home/jabari2/jabari/install/diffdrive_arduino/share/diffdrive_arduino/local_setup.bash
[26.136s] -- Installing: /home/jabari2/jabari/install/diffdrive_arduino/share/diffdrive_arduino/local_setup.sh
[26.137s] -- Installing: /home/jabari2/jabari/install/diffdrive_arduino/share/diffdrive_arduino/local_setup.zsh
[26.138s] -- Installing: /home/jabari2/jabari/install/diffdrive_arduino/share/diffdrive_arduino/local_setup.dsv
[26.139s] -- Installing: /home/jabari2/jabari/install/diffdrive_arduino/share/diffdrive_arduino/package.dsv
[26.141s] -- Installing: /home/jabari2/jabari/install/diffdrive_arduino/share/ament_index/resource_index/packages/diffdrive_arduino
[26.142s] -- Installing: /home/jabari2/jabari/install/diffdrive_arduino/share/ament_index/resource_index/hardware_interface__pluginlib__plugin/diffdrive_arduino
[26.144s] -- Installing: /home/jabari2/jabari/install/diffdrive_arduino/share/diffdrive_arduino/cmake/ament_cmake_export_libraries-extras.cmake
[26.145s] -- Installing: /home/jabari2/jabari/install/diffdrive_arduino/share/diffdrive_arduino/cmake/ament_cmake_export_dependencies-extras.cmake
[26.146s] -- Installing: /home/jabari2/jabari/install/diffdrive_arduino/share/diffdrive_arduino/cmake/diffdrive_arduinoConfig.cmake
[26.147s] -- Installing: /home/jabari2/jabari/install/diffdrive_arduino/share/diffdrive_arduino/cmake/diffdrive_arduinoConfig-version.cmake
[26.148s] -- Installing: /home/jabari2/jabari/install/diffdrive_arduino/share/diffdrive_arduino/package.xml
[26.156s] Invoked command in '/home/jabari2/jabari/build/diffdrive_arduino' returned '0': AMENT_PREFIX_PATH=/home/jabari2/jabari/install/serial:${AMENT_PREFIX_PATH} CMAKE_PREFIX_PATH=/home/jabari2/jabari/install/serial:/home/jabari2/ros2_ws/install/serial_motor_demo_msgs:/home/jabari2/ros2_ws/install/yolo_image_processor:/home/jabari2/ros2_ws/install/serial_motor_demo:/home/jabari2/ros2_ws/install/motor_control_pkg:/home/jabari2/ros2_ws/install/manual_control:/home/jabari2/ros2_ws/install/jabari_rover_bringup:/home/jabari2/ros2_ws/install/jabari_pan_tilt_control_pkg:/home/jabari2/ros2_ws/install/jabari_dht11_control_pkg:/home/jabari2/ros2_ws/install/diff_drive_controller:/home/jabari2/ros2_ws/install/camera_publisher_pkg:/opt/ros/humble:/home/jabari2/ros2_ws/install/rplidar_ros LD_LIBRARY_PATH=/home/jabari2/jabari/install/serial/lib:${LD_LIBRARY_PATH} /usr/bin/cmake --install /home/jabari2/jabari/build/diffdrive_arduino
