[0.483s] DEBUG:colcon:Command line arguments: ['/usr/bin/colcon', 'build']
[0.483s] DEBUG:colcon:Parsed command line arguments: Namespace(log_base=None, log_level=None, verb_name='build', build_base='build', install_base='install', merge_install=False, symlink_install=False, test_result_base=None, continue_on_error=False, executor='parallel', parallel_workers=4, event_handlers=None, ignore_user_meta=False, metas=['./colcon.meta'], base_paths=['.'], packages_ignore=None, packages_ignore_regex=None, paths=None, packages_up_to=None, packages_up_to_regex=None, packages_above=None, packages_above_and_dependencies=None, packages_above_depth=None, packages_select_by_dep=None, packages_skip_by_dep=None, packages_skip_up_to=None, packages_select_build_failed=False, packages_skip_build_finished=False, packages_select_test_failures=False, packages_skip_test_passed=False, packages_select=None, packages_skip=None, packages_select_regex=None, packages_skip_regex=None, packages_start=None, packages_end=None, allow_overriding=[], cmake_args=None, cmake_target=None, cmake_target_skip_unavailable=False, cmake_clean_cache=False, cmake_clean_first=False, cmake_force_configure=False, ament_cmake_args=None, catkin_cmake_args=None, catkin_skip_building_tests=False, mixin_files=None, mixin=None, verb_parser=<colcon_mixin.mixin.mixin_argument.MixinArgumentDecorator object at 0xffff9353cac0>, verb_extension=<colcon_core.verb.build.BuildVerb object at 0xffff936f59c0>, main=<bound method BuildVerb.main of <colcon_core.verb.build.BuildVerb object at 0xffff936f59c0>>, mixin_verb=('build',))
[1.343s] Level 1:colcon.colcon_core.package_discovery:discover_packages(colcon_meta) check parameters
[1.343s] Level 1:colcon.colcon_core.package_discovery:discover_packages(recursive) check parameters
[1.343s] Level 1:colcon.colcon_core.package_discovery:discover_packages(ignore) check parameters
[1.343s] Level 1:colcon.colcon_core.package_discovery:discover_packages(path) check parameters
[1.344s] Level 1:colcon.colcon_core.package_discovery:discover_packages(colcon_meta) discover
[1.344s] Level 1:colcon.colcon_core.package_discovery:discover_packages(recursive) discover
[1.344s] INFO:colcon.colcon_core.package_discovery:Crawling recursively for packages in '/home/jabari2/jabari'
[1.344s] Level 1:colcon.colcon_core.package_identification:_identify(.) by extensions ['ignore', 'ignore_ament_install']
[1.345s] Level 1:colcon.colcon_core.package_identification:_identify(.) by extension 'ignore'
[1.345s] Level 1:colcon.colcon_core.package_identification:_identify(.) by extension 'ignore_ament_install'
[1.345s] Level 1:colcon.colcon_core.package_identification:_identify(.) by extensions ['colcon_pkg']
[1.345s] Level 1:colcon.colcon_core.package_identification:_identify(.) by extension 'colcon_pkg'
[1.345s] Level 1:colcon.colcon_core.package_identification:_identify(.) by extensions ['colcon_meta']
[1.346s] Level 1:colcon.colcon_core.package_identification:_identify(.) by extension 'colcon_meta'
[1.346s] Level 1:colcon.colcon_core.package_identification:_identify(.) by extensions ['ros']
[1.346s] Level 1:colcon.colcon_core.package_identification:_identify(.) by extension 'ros'
[1.389s] Level 1:colcon.colcon_core.package_identification:_identify(.) by extensions ['cmake', 'python']
[1.389s] Level 1:colcon.colcon_core.package_identification:_identify(.) by extension 'cmake'
[1.389s] Level 1:colcon.colcon_core.package_identification:_identify(.) by extension 'python'
[1.389s] Level 1:colcon.colcon_core.package_identification:_identify(.) by extensions ['python_setup_py']
[1.389s] Level 1:colcon.colcon_core.package_identification:_identify(.) by extension 'python_setup_py'
[1.390s] Level 1:colcon.colcon_core.package_identification:_identify(articubot_one) by extensions ['ignore', 'ignore_ament_install']
[1.390s] Level 1:colcon.colcon_core.package_identification:_identify(articubot_one) by extension 'ignore'
[1.390s] Level 1:colcon.colcon_core.package_identification:_identify(articubot_one) by extension 'ignore_ament_install'
[1.391s] Level 1:colcon.colcon_core.package_identification:_identify(articubot_one) by extensions ['colcon_pkg']
[1.391s] Level 1:colcon.colcon_core.package_identification:_identify(articubot_one) by extension 'colcon_pkg'
[1.391s] Level 1:colcon.colcon_core.package_identification:_identify(articubot_one) by extensions ['colcon_meta']
[1.391s] Level 1:colcon.colcon_core.package_identification:_identify(articubot_one) by extension 'colcon_meta'
[1.391s] Level 1:colcon.colcon_core.package_identification:_identify(articubot_one) by extensions ['ros']
[1.391s] Level 1:colcon.colcon_core.package_identification:_identify(articubot_one) by extension 'ros'
[1.400s] DEBUG:colcon.colcon_core.package_identification:Package 'articubot_one' with type 'ros.ament_cmake' and name 'articubot_one'
[1.401s] Level 1:colcon.colcon_core.package_identification:_identify(build) by extensions ['ignore', 'ignore_ament_install']
[1.401s] Level 1:colcon.colcon_core.package_identification:_identify(build) by extension 'ignore'
[1.401s] Level 1:colcon.colcon_core.package_identification:_identify(build) ignored
[1.402s] Level 1:colcon.colcon_core.package_identification:_identify(diffdrive_arduino) by extensions ['ignore', 'ignore_ament_install']
[1.402s] Level 1:colcon.colcon_core.package_identification:_identify(diffdrive_arduino) by extension 'ignore'
[1.402s] Level 1:colcon.colcon_core.package_identification:_identify(diffdrive_arduino) by extension 'ignore_ament_install'
[1.402s] Level 1:colcon.colcon_core.package_identification:_identify(diffdrive_arduino) by extensions ['colcon_pkg']
[1.402s] Level 1:colcon.colcon_core.package_identification:_identify(diffdrive_arduino) by extension 'colcon_pkg'
[1.403s] Level 1:colcon.colcon_core.package_identification:_identify(diffdrive_arduino) by extensions ['colcon_meta']
[1.403s] Level 1:colcon.colcon_core.package_identification:_identify(diffdrive_arduino) by extension 'colcon_meta'
[1.403s] Level 1:colcon.colcon_core.package_identification:_identify(diffdrive_arduino) by extensions ['ros']
[1.403s] Level 1:colcon.colcon_core.package_identification:_identify(diffdrive_arduino) by extension 'ros'
[1.407s] DEBUG:colcon.colcon_core.package_identification:Package 'diffdrive_arduino' with type 'ros.ament_cmake' and name 'diffdrive_arduino'
[1.407s] Level 1:colcon.colcon_core.package_identification:_identify(install) by extensions ['ignore', 'ignore_ament_install']
[1.408s] Level 1:colcon.colcon_core.package_identification:_identify(install) by extension 'ignore'
[1.408s] Level 1:colcon.colcon_core.package_identification:_identify(install) ignored
[1.408s] Level 1:colcon.colcon_core.package_identification:_identify(log) by extensions ['ignore', 'ignore_ament_install']
[1.409s] Level 1:colcon.colcon_core.package_identification:_identify(log) by extension 'ignore'
[1.409s] Level 1:colcon.colcon_core.package_identification:_identify(log) ignored
[1.409s] Level 1:colcon.colcon_core.package_identification:_identify(serial) by extensions ['ignore', 'ignore_ament_install']
[1.410s] Level 1:colcon.colcon_core.package_identification:_identify(serial) by extension 'ignore'
[1.410s] Level 1:colcon.colcon_core.package_identification:_identify(serial) by extension 'ignore_ament_install'
[1.410s] Level 1:colcon.colcon_core.package_identification:_identify(serial) by extensions ['colcon_pkg']
[1.410s] Level 1:colcon.colcon_core.package_identification:_identify(serial) by extension 'colcon_pkg'
[1.410s] Level 1:colcon.colcon_core.package_identification:_identify(serial) by extensions ['colcon_meta']
[1.410s] Level 1:colcon.colcon_core.package_identification:_identify(serial) by extension 'colcon_meta'
[1.411s] Level 1:colcon.colcon_core.package_identification:_identify(serial) by extensions ['ros']
[1.411s] Level 1:colcon.colcon_core.package_identification:_identify(serial) by extension 'ros'
[1.413s] DEBUG:colcon.colcon_core.package_identification:Package 'serial' with type 'ros.ament_cmake' and name 'serial'
[1.413s] Level 1:colcon.colcon_core.package_discovery:discover_packages(recursive) using defaults
[1.413s] Level 1:colcon.colcon_core.package_discovery:discover_packages(ignore) discover
[1.413s] Level 1:colcon.colcon_core.package_discovery:discover_packages(ignore) using defaults
[1.414s] Level 1:colcon.colcon_core.package_discovery:discover_packages(path) discover
[1.414s] Level 1:colcon.colcon_core.package_discovery:discover_packages(path) using defaults
[1.535s] Level 1:colcon.colcon_core.package_discovery:discover_packages(prefix_path) check parameters
[1.535s] Level 1:colcon.colcon_core.package_discovery:discover_packages(prefix_path) discover
[1.547s] DEBUG:colcon.colcon_installed_package_information.package_discovery:Found 3 installed packages in /home/jabari2/jabari/install
[1.551s] DEBUG:colcon.colcon_installed_package_information.package_discovery:Found 11 installed packages in /home/jabari2/ros2_ws/install
[1.562s] DEBUG:colcon.colcon_installed_package_information.package_discovery:Found 362 installed packages in /opt/ros/humble
[1.570s] Level 1:colcon.colcon_core.package_discovery:discover_packages(prefix_path) using defaults
[1.778s] Level 5:colcon.colcon_core.verb:set package 'articubot_one' build argument 'cmake_args' from command line to 'None'
[1.779s] Level 5:colcon.colcon_core.verb:set package 'articubot_one' build argument 'cmake_target' from command line to 'None'
[1.779s] Level 5:colcon.colcon_core.verb:set package 'articubot_one' build argument 'cmake_target_skip_unavailable' from command line to 'False'
[1.779s] Level 5:colcon.colcon_core.verb:set package 'articubot_one' build argument 'cmake_clean_cache' from command line to 'False'
[1.779s] Level 5:colcon.colcon_core.verb:set package 'articubot_one' build argument 'cmake_clean_first' from command line to 'False'
[1.779s] Level 5:colcon.colcon_core.verb:set package 'articubot_one' build argument 'cmake_force_configure' from command line to 'False'
[1.779s] Level 5:colcon.colcon_core.verb:set package 'articubot_one' build argument 'ament_cmake_args' from command line to 'None'
[1.779s] Level 5:colcon.colcon_core.verb:set package 'articubot_one' build argument 'catkin_cmake_args' from command line to 'None'
[1.779s] Level 5:colcon.colcon_core.verb:set package 'articubot_one' build argument 'catkin_skip_building_tests' from command line to 'False'
[1.780s] DEBUG:colcon.colcon_core.verb:Building package 'articubot_one' with the following arguments: {'ament_cmake_args': None, 'build_base': '/home/jabari2/jabari/build/articubot_one', 'catkin_cmake_args': None, 'catkin_skip_building_tests': False, 'cmake_args': None, 'cmake_clean_cache': False, 'cmake_clean_first': False, 'cmake_force_configure': False, 'cmake_target': None, 'cmake_target_skip_unavailable': False, 'install_base': '/home/jabari2/jabari/install/articubot_one', 'merge_install': False, 'path': '/home/jabari2/jabari/articubot_one', 'symlink_install': False, 'test_result_base': None}
[1.781s] Level 5:colcon.colcon_core.verb:set package 'serial' build argument 'cmake_args' from command line to 'None'
[1.781s] Level 5:colcon.colcon_core.verb:set package 'serial' build argument 'cmake_target' from command line to 'None'
[1.781s] Level 5:colcon.colcon_core.verb:set package 'serial' build argument 'cmake_target_skip_unavailable' from command line to 'False'
[1.781s] Level 5:colcon.colcon_core.verb:set package 'serial' build argument 'cmake_clean_cache' from command line to 'False'
[1.781s] Level 5:colcon.colcon_core.verb:set package 'serial' build argument 'cmake_clean_first' from command line to 'False'
[1.782s] Level 5:colcon.colcon_core.verb:set package 'serial' build argument 'cmake_force_configure' from command line to 'False'
[1.782s] Level 5:colcon.colcon_core.verb:set package 'serial' build argument 'ament_cmake_args' from command line to 'None'
[1.782s] Level 5:colcon.colcon_core.verb:set package 'serial' build argument 'catkin_cmake_args' from command line to 'None'
[1.782s] Level 5:colcon.colcon_core.verb:set package 'serial' build argument 'catkin_skip_building_tests' from command line to 'False'
[1.782s] DEBUG:colcon.colcon_core.verb:Building package 'serial' with the following arguments: {'ament_cmake_args': None, 'build_base': '/home/jabari2/jabari/build/serial', 'catkin_cmake_args': None, 'catkin_skip_building_tests': False, 'cmake_args': None, 'cmake_clean_cache': False, 'cmake_clean_first': False, 'cmake_force_configure': False, 'cmake_target': None, 'cmake_target_skip_unavailable': False, 'install_base': '/home/jabari2/jabari/install/serial', 'merge_install': False, 'path': '/home/jabari2/jabari/serial', 'symlink_install': False, 'test_result_base': None}
[1.783s] Level 5:colcon.colcon_core.verb:set package 'diffdrive_arduino' build argument 'cmake_args' from command line to 'None'
[1.784s] Level 5:colcon.colcon_core.verb:set package 'diffdrive_arduino' build argument 'cmake_target' from command line to 'None'
[1.784s] Level 5:colcon.colcon_core.verb:set package 'diffdrive_arduino' build argument 'cmake_target_skip_unavailable' from command line to 'False'
[1.784s] Level 5:colcon.colcon_core.verb:set package 'diffdrive_arduino' build argument 'cmake_clean_cache' from command line to 'False'
[1.784s] Level 5:colcon.colcon_core.verb:set package 'diffdrive_arduino' build argument 'cmake_clean_first' from command line to 'False'
[1.784s] Level 5:colcon.colcon_core.verb:set package 'diffdrive_arduino' build argument 'cmake_force_configure' from command line to 'False'
[1.784s] Level 5:colcon.colcon_core.verb:set package 'diffdrive_arduino' build argument 'ament_cmake_args' from command line to 'None'
[1.784s] Level 5:colcon.colcon_core.verb:set package 'diffdrive_arduino' build argument 'catkin_cmake_args' from command line to 'None'
[1.784s] Level 5:colcon.colcon_core.verb:set package 'diffdrive_arduino' build argument 'catkin_skip_building_tests' from command line to 'False'
[1.784s] DEBUG:colcon.colcon_core.verb:Building package 'diffdrive_arduino' with the following arguments: {'ament_cmake_args': None, 'build_base': '/home/jabari2/jabari/build/diffdrive_arduino', 'catkin_cmake_args': None, 'catkin_skip_building_tests': False, 'cmake_args': None, 'cmake_clean_cache': False, 'cmake_clean_first': False, 'cmake_force_configure': False, 'cmake_target': None, 'cmake_target_skip_unavailable': False, 'install_base': '/home/jabari2/jabari/install/diffdrive_arduino', 'merge_install': False, 'path': '/home/jabari2/jabari/diffdrive_arduino', 'symlink_install': False, 'test_result_base': None}
[1.785s] INFO:colcon.colcon_core.executor:Executing jobs using 'parallel' executor
[1.788s] DEBUG:colcon.colcon_parallel_executor.executor.parallel:run_until_complete
[1.789s] INFO:colcon.colcon_ros.task.ament_cmake.build:Building ROS package in '/home/jabari2/jabari/serial' with build type 'ament_cmake'
[1.789s] INFO:colcon.colcon_cmake.task.cmake.build:Building CMake package in '/home/jabari2/jabari/serial'
[1.799s] INFO:colcon.colcon_core.plugin_system:Skipping extension 'colcon_core.shell.bat': Not used on non-Windows systems
[1.800s] INFO:colcon.colcon_core.shell:Skip shell extension 'powershell' for command environment: Not usable outside of PowerShell
[1.800s] DEBUG:colcon.colcon_core.shell:Skip shell extension 'dsv' for command environment
[1.827s] INFO:colcon.colcon_ros.task.ament_cmake.build:Building ROS package in '/home/jabari2/jabari/articubot_one' with build type 'ament_cmake'
[1.828s] INFO:colcon.colcon_cmake.task.cmake.build:Building CMake package in '/home/jabari2/jabari/articubot_one'
[1.829s] INFO:colcon.colcon_core.shell:Skip shell extension 'powershell' for command environment: Not usable outside of PowerShell
[1.830s] DEBUG:colcon.colcon_core.shell:Skip shell extension 'dsv' for command environment
[1.870s] DEBUG:colcon.colcon_core.event_handler.log_command:Invoking command in '/home/jabari2/jabari/build/serial': CMAKE_PREFIX_PATH=/home/jabari2/jabari/install/diffdrive_arduino:/home/jabari2/jabari/install/serial:/home/jabari2/jabari/install/articubot_one:/home/jabari2/ros2_ws/install/serial_motor_demo_msgs:/home/jabari2/ros2_ws/install/yolo_image_processor:/home/jabari2/ros2_ws/install/serial_motor_demo:/home/jabari2/ros2_ws/install/motor_control_pkg:/home/jabari2/ros2_ws/install/manual_control:/home/jabari2/ros2_ws/install/jabari_rover_bringup:/home/jabari2/ros2_ws/install/jabari_pan_tilt_control_pkg:/home/jabari2/ros2_ws/install/jabari_dht11_control_pkg:/home/jabari2/ros2_ws/install/diff_drive_controller:/home/jabari2/ros2_ws/install/camera_publisher_pkg:/opt/ros/humble:/home/jabari2/ros2_ws/install/rplidar_ros /usr/bin/cmake --build /home/jabari2/jabari/build/serial -- -j4 -l4
[1.899s] DEBUG:colcon.colcon_core.event_handler.log_command:Invoking command in '/home/jabari2/jabari/build/articubot_one': CMAKE_PREFIX_PATH=/home/jabari2/jabari/install/diffdrive_arduino:/home/jabari2/jabari/install/serial:/home/jabari2/jabari/install/articubot_one:/home/jabari2/ros2_ws/install/serial_motor_demo_msgs:/home/jabari2/ros2_ws/install/yolo_image_processor:/home/jabari2/ros2_ws/install/serial_motor_demo:/home/jabari2/ros2_ws/install/motor_control_pkg:/home/jabari2/ros2_ws/install/manual_control:/home/jabari2/ros2_ws/install/jabari_rover_bringup:/home/jabari2/ros2_ws/install/jabari_pan_tilt_control_pkg:/home/jabari2/ros2_ws/install/jabari_dht11_control_pkg:/home/jabari2/ros2_ws/install/diff_drive_controller:/home/jabari2/ros2_ws/install/camera_publisher_pkg:/opt/ros/humble:/home/jabari2/ros2_ws/install/rplidar_ros /usr/bin/cmake --build /home/jabari2/jabari/build/articubot_one -- -j4 -l4
[2.062s] DEBUG:colcon.colcon_core.event_handler.log_command:Invoked command in '/home/jabari2/jabari/build/articubot_one' returned '0': CMAKE_PREFIX_PATH=/home/jabari2/jabari/install/diffdrive_arduino:/home/jabari2/jabari/install/serial:/home/jabari2/jabari/install/articubot_one:/home/jabari2/ros2_ws/install/serial_motor_demo_msgs:/home/jabari2/ros2_ws/install/yolo_image_processor:/home/jabari2/ros2_ws/install/serial_motor_demo:/home/jabari2/ros2_ws/install/motor_control_pkg:/home/jabari2/ros2_ws/install/manual_control:/home/jabari2/ros2_ws/install/jabari_rover_bringup:/home/jabari2/ros2_ws/install/jabari_pan_tilt_control_pkg:/home/jabari2/ros2_ws/install/jabari_dht11_control_pkg:/home/jabari2/ros2_ws/install/diff_drive_controller:/home/jabari2/ros2_ws/install/camera_publisher_pkg:/opt/ros/humble:/home/jabari2/ros2_ws/install/rplidar_ros /usr/bin/cmake --build /home/jabari2/jabari/build/articubot_one -- -j4 -l4
[2.111s] DEBUG:colcon.colcon_core.event_handler.log_command:Invoking command in '/home/jabari2/jabari/build/articubot_one': CMAKE_PREFIX_PATH=/home/jabari2/jabari/install/diffdrive_arduino:/home/jabari2/jabari/install/serial:/home/jabari2/jabari/install/articubot_one:/home/jabari2/ros2_ws/install/serial_motor_demo_msgs:/home/jabari2/ros2_ws/install/yolo_image_processor:/home/jabari2/ros2_ws/install/serial_motor_demo:/home/jabari2/ros2_ws/install/motor_control_pkg:/home/jabari2/ros2_ws/install/manual_control:/home/jabari2/ros2_ws/install/jabari_rover_bringup:/home/jabari2/ros2_ws/install/jabari_pan_tilt_control_pkg:/home/jabari2/ros2_ws/install/jabari_dht11_control_pkg:/home/jabari2/ros2_ws/install/diff_drive_controller:/home/jabari2/ros2_ws/install/camera_publisher_pkg:/opt/ros/humble:/home/jabari2/ros2_ws/install/rplidar_ros /usr/bin/cmake --install /home/jabari2/jabari/build/articubot_one
[2.213s] Level 1:colcon.colcon_core.environment:create_environment_scripts_only(articubot_one)
[2.226s] DEBUG:colcon.colcon_core.event_handler.log_command:Invoked command in '/home/jabari2/jabari/build/articubot_one' returned '0': CMAKE_PREFIX_PATH=/home/jabari2/jabari/install/diffdrive_arduino:/home/jabari2/jabari/install/serial:/home/jabari2/jabari/install/articubot_one:/home/jabari2/ros2_ws/install/serial_motor_demo_msgs:/home/jabari2/ros2_ws/install/yolo_image_processor:/home/jabari2/ros2_ws/install/serial_motor_demo:/home/jabari2/ros2_ws/install/motor_control_pkg:/home/jabari2/ros2_ws/install/manual_control:/home/jabari2/ros2_ws/install/jabari_rover_bringup:/home/jabari2/ros2_ws/install/jabari_pan_tilt_control_pkg:/home/jabari2/ros2_ws/install/jabari_dht11_control_pkg:/home/jabari2/ros2_ws/install/diff_drive_controller:/home/jabari2/ros2_ws/install/camera_publisher_pkg:/opt/ros/humble:/home/jabari2/ros2_ws/install/rplidar_ros /usr/bin/cmake --install /home/jabari2/jabari/build/articubot_one
[2.236s] Level 1:colcon.colcon_core.environment:checking '/home/jabari2/jabari/install/articubot_one' for CMake module files
[2.239s] Level 1:colcon.colcon_core.environment:checking '/home/jabari2/jabari/install/articubot_one' for CMake config files
[2.241s] Level 1:colcon.colcon_core.shell:create_environment_hook('articubot_one', 'cmake_prefix_path')
[2.243s] INFO:colcon.colcon_core.shell:Creating environment hook '/home/jabari2/jabari/install/articubot_one/share/articubot_one/hook/cmake_prefix_path.ps1'
[2.247s] INFO:colcon.colcon_core.shell:Creating environment descriptor '/home/jabari2/jabari/install/articubot_one/share/articubot_one/hook/cmake_prefix_path.dsv'
[2.250s] INFO:colcon.colcon_core.shell:Creating environment hook '/home/jabari2/jabari/install/articubot_one/share/articubot_one/hook/cmake_prefix_path.sh'
[2.256s] Level 1:colcon.colcon_core.environment:checking '/home/jabari2/jabari/install/articubot_one/bin'
[2.257s] Level 1:colcon.colcon_core.environment:checking '/home/jabari2/jabari/install/articubot_one/lib/pkgconfig/articubot_one.pc'
[2.258s] Level 1:colcon.colcon_core.environment:checking '/home/jabari2/jabari/install/articubot_one/lib/python3.10/site-packages'
[2.259s] Level 1:colcon.colcon_core.environment:checking '/home/jabari2/jabari/install/articubot_one/bin'
[2.264s] INFO:colcon.colcon_core.shell:Creating package script '/home/jabari2/jabari/install/articubot_one/share/articubot_one/package.ps1'
[2.268s] INFO:colcon.colcon_core.shell:Creating package descriptor '/home/jabari2/jabari/install/articubot_one/share/articubot_one/package.dsv'
[2.271s] INFO:colcon.colcon_core.shell:Creating package script '/home/jabari2/jabari/install/articubot_one/share/articubot_one/package.sh'
[2.274s] INFO:colcon.colcon_core.shell:Creating package script '/home/jabari2/jabari/install/articubot_one/share/articubot_one/package.bash'
[2.278s] INFO:colcon.colcon_core.shell:Creating package script '/home/jabari2/jabari/install/articubot_one/share/articubot_one/package.zsh'
[2.281s] Level 1:colcon.colcon_core.environment:create_file_with_runtime_dependencies(/home/jabari2/jabari/install/articubot_one/share/colcon-core/packages/articubot_one)
[2.284s] Level 1:colcon.colcon_core.environment:create_environment_scripts_only(articubot_one)
[2.285s] Level 1:colcon.colcon_core.environment:checking '/home/jabari2/jabari/install/articubot_one' for CMake module files
[2.289s] Level 1:colcon.colcon_core.environment:checking '/home/jabari2/jabari/install/articubot_one' for CMake config files
[2.291s] Level 1:colcon.colcon_core.shell:create_environment_hook('articubot_one', 'cmake_prefix_path')
[2.292s] INFO:colcon.colcon_core.shell:Creating environment hook '/home/jabari2/jabari/install/articubot_one/share/articubot_one/hook/cmake_prefix_path.ps1'
[2.294s] INFO:colcon.colcon_core.shell:Creating environment descriptor '/home/jabari2/jabari/install/articubot_one/share/articubot_one/hook/cmake_prefix_path.dsv'
[2.296s] INFO:colcon.colcon_core.shell:Creating environment hook '/home/jabari2/jabari/install/articubot_one/share/articubot_one/hook/cmake_prefix_path.sh'
[2.300s] Level 1:colcon.colcon_core.environment:checking '/home/jabari2/jabari/install/articubot_one/bin'
[2.301s] Level 1:colcon.colcon_core.environment:checking '/home/jabari2/jabari/install/articubot_one/lib/pkgconfig/articubot_one.pc'
[2.302s] Level 1:colcon.colcon_core.environment:checking '/home/jabari2/jabari/install/articubot_one/lib/python3.10/site-packages'
[2.303s] Level 1:colcon.colcon_core.environment:checking '/home/jabari2/jabari/install/articubot_one/bin'
[2.305s] INFO:colcon.colcon_core.shell:Creating package script '/home/jabari2/jabari/install/articubot_one/share/articubot_one/package.ps1'
[2.307s] INFO:colcon.colcon_core.shell:Creating package descriptor '/home/jabari2/jabari/install/articubot_one/share/articubot_one/package.dsv'
[2.309s] INFO:colcon.colcon_core.shell:Creating package script '/home/jabari2/jabari/install/articubot_one/share/articubot_one/package.sh'
[2.311s] INFO:colcon.colcon_core.shell:Creating package script '/home/jabari2/jabari/install/articubot_one/share/articubot_one/package.bash'
[2.313s] INFO:colcon.colcon_core.shell:Creating package script '/home/jabari2/jabari/install/articubot_one/share/articubot_one/package.zsh'
[2.315s] Level 1:colcon.colcon_core.environment:create_file_with_runtime_dependencies(/home/jabari2/jabari/install/articubot_one/share/colcon-core/packages/articubot_one)
[2.320s] DEBUG:colcon.colcon_core.event_handler.log_command:Invoked command in '/home/jabari2/jabari/build/serial' returned '0': CMAKE_PREFIX_PATH=/home/jabari2/jabari/install/diffdrive_arduino:/home/jabari2/jabari/install/serial:/home/jabari2/jabari/install/articubot_one:/home/jabari2/ros2_ws/install/serial_motor_demo_msgs:/home/jabari2/ros2_ws/install/yolo_image_processor:/home/jabari2/ros2_ws/install/serial_motor_demo:/home/jabari2/ros2_ws/install/motor_control_pkg:/home/jabari2/ros2_ws/install/manual_control:/home/jabari2/ros2_ws/install/jabari_rover_bringup:/home/jabari2/ros2_ws/install/jabari_pan_tilt_control_pkg:/home/jabari2/ros2_ws/install/jabari_dht11_control_pkg:/home/jabari2/ros2_ws/install/diff_drive_controller:/home/jabari2/ros2_ws/install/camera_publisher_pkg:/opt/ros/humble:/home/jabari2/ros2_ws/install/rplidar_ros /usr/bin/cmake --build /home/jabari2/jabari/build/serial -- -j4 -l4
[2.329s] DEBUG:colcon.colcon_core.event_handler.log_command:Invoking command in '/home/jabari2/jabari/build/serial': CMAKE_PREFIX_PATH=/home/jabari2/jabari/install/diffdrive_arduino:/home/jabari2/jabari/install/serial:/home/jabari2/jabari/install/articubot_one:/home/jabari2/ros2_ws/install/serial_motor_demo_msgs:/home/jabari2/ros2_ws/install/yolo_image_processor:/home/jabari2/ros2_ws/install/serial_motor_demo:/home/jabari2/ros2_ws/install/motor_control_pkg:/home/jabari2/ros2_ws/install/manual_control:/home/jabari2/ros2_ws/install/jabari_rover_bringup:/home/jabari2/ros2_ws/install/jabari_pan_tilt_control_pkg:/home/jabari2/ros2_ws/install/jabari_dht11_control_pkg:/home/jabari2/ros2_ws/install/diff_drive_controller:/home/jabari2/ros2_ws/install/camera_publisher_pkg:/opt/ros/humble:/home/jabari2/ros2_ws/install/rplidar_ros /usr/bin/cmake --install /home/jabari2/jabari/build/serial
[2.372s] Level 1:colcon.colcon_core.environment:create_environment_scripts_only(serial)
[2.373s] Level 1:colcon.colcon_core.environment:checking '/home/jabari2/jabari/install/serial' for CMake module files
[2.374s] DEBUG:colcon.colcon_core.event_handler.log_command:Invoked command in '/home/jabari2/jabari/build/serial' returned '0': CMAKE_PREFIX_PATH=/home/jabari2/jabari/install/diffdrive_arduino:/home/jabari2/jabari/install/serial:/home/jabari2/jabari/install/articubot_one:/home/jabari2/ros2_ws/install/serial_motor_demo_msgs:/home/jabari2/ros2_ws/install/yolo_image_processor:/home/jabari2/ros2_ws/install/serial_motor_demo:/home/jabari2/ros2_ws/install/motor_control_pkg:/home/jabari2/ros2_ws/install/manual_control:/home/jabari2/ros2_ws/install/jabari_rover_bringup:/home/jabari2/ros2_ws/install/jabari_pan_tilt_control_pkg:/home/jabari2/ros2_ws/install/jabari_dht11_control_pkg:/home/jabari2/ros2_ws/install/diff_drive_controller:/home/jabari2/ros2_ws/install/camera_publisher_pkg:/opt/ros/humble:/home/jabari2/ros2_ws/install/rplidar_ros /usr/bin/cmake --install /home/jabari2/jabari/build/serial
[2.377s] Level 1:colcon.colcon_core.environment:checking '/home/jabari2/jabari/install/serial' for CMake config files
[2.378s] Level 1:colcon.colcon_core.shell:create_environment_hook('serial', 'cmake_prefix_path')
[2.379s] INFO:colcon.colcon_core.shell:Creating environment hook '/home/jabari2/jabari/install/serial/share/serial/hook/cmake_prefix_path.ps1'
[2.381s] INFO:colcon.colcon_core.shell:Creating environment descriptor '/home/jabari2/jabari/install/serial/share/serial/hook/cmake_prefix_path.dsv'
[2.383s] INFO:colcon.colcon_core.shell:Creating environment hook '/home/jabari2/jabari/install/serial/share/serial/hook/cmake_prefix_path.sh'
[2.386s] Level 1:colcon.colcon_core.environment:checking '/home/jabari2/jabari/install/serial/lib'
[2.387s] Level 1:colcon.colcon_core.environment:checking '/home/jabari2/jabari/install/serial/bin'
[2.387s] Level 1:colcon.colcon_core.environment:checking '/home/jabari2/jabari/install/serial/lib/pkgconfig/serial.pc'
[2.388s] Level 1:colcon.colcon_core.environment:checking '/home/jabari2/jabari/install/serial/lib/python3.10/site-packages'
[2.389s] Level 1:colcon.colcon_core.environment:checking '/home/jabari2/jabari/install/serial/bin'
[2.390s] INFO:colcon.colcon_core.shell:Creating package script '/home/jabari2/jabari/install/serial/share/serial/package.ps1'
[2.393s] INFO:colcon.colcon_core.shell:Creating package descriptor '/home/jabari2/jabari/install/serial/share/serial/package.dsv'
[2.395s] INFO:colcon.colcon_core.shell:Creating package script '/home/jabari2/jabari/install/serial/share/serial/package.sh'
[2.397s] INFO:colcon.colcon_core.shell:Creating package script '/home/jabari2/jabari/install/serial/share/serial/package.bash'
[2.400s] INFO:colcon.colcon_core.shell:Creating package script '/home/jabari2/jabari/install/serial/share/serial/package.zsh'
[2.402s] Level 1:colcon.colcon_core.environment:create_file_with_runtime_dependencies(/home/jabari2/jabari/install/serial/share/colcon-core/packages/serial)
[2.405s] Level 1:colcon.colcon_core.environment:create_environment_scripts_only(serial)
[2.406s] Level 1:colcon.colcon_core.environment:checking '/home/jabari2/jabari/install/serial' for CMake module files
[2.409s] Level 1:colcon.colcon_core.environment:checking '/home/jabari2/jabari/install/serial' for CMake config files
[2.410s] Level 1:colcon.colcon_core.shell:create_environment_hook('serial', 'cmake_prefix_path')
[2.411s] INFO:colcon.colcon_core.shell:Creating environment hook '/home/jabari2/jabari/install/serial/share/serial/hook/cmake_prefix_path.ps1'
[2.413s] INFO:colcon.colcon_core.shell:Creating environment descriptor '/home/jabari2/jabari/install/serial/share/serial/hook/cmake_prefix_path.dsv'
[2.415s] INFO:colcon.colcon_core.shell:Creating environment hook '/home/jabari2/jabari/install/serial/share/serial/hook/cmake_prefix_path.sh'
[2.418s] Level 1:colcon.colcon_core.environment:checking '/home/jabari2/jabari/install/serial/lib'
[2.418s] Level 1:colcon.colcon_core.environment:checking '/home/jabari2/jabari/install/serial/bin'
[2.418s] Level 1:colcon.colcon_core.environment:checking '/home/jabari2/jabari/install/serial/lib/pkgconfig/serial.pc'
[2.419s] Level 1:colcon.colcon_core.environment:checking '/home/jabari2/jabari/install/serial/lib/python3.10/site-packages'
[2.420s] Level 1:colcon.colcon_core.environment:checking '/home/jabari2/jabari/install/serial/bin'
[2.421s] INFO:colcon.colcon_core.shell:Creating package script '/home/jabari2/jabari/install/serial/share/serial/package.ps1'
[2.423s] INFO:colcon.colcon_core.shell:Creating package descriptor '/home/jabari2/jabari/install/serial/share/serial/package.dsv'
[2.425s] INFO:colcon.colcon_core.shell:Creating package script '/home/jabari2/jabari/install/serial/share/serial/package.sh'
[2.428s] INFO:colcon.colcon_core.shell:Creating package script '/home/jabari2/jabari/install/serial/share/serial/package.bash'
[2.430s] INFO:colcon.colcon_core.shell:Creating package script '/home/jabari2/jabari/install/serial/share/serial/package.zsh'
[2.432s] Level 1:colcon.colcon_core.environment:create_file_with_runtime_dependencies(/home/jabari2/jabari/install/serial/share/colcon-core/packages/serial)
[2.433s] INFO:colcon.colcon_ros.task.ament_cmake.build:Building ROS package in '/home/jabari2/jabari/diffdrive_arduino' with build type 'ament_cmake'
[2.434s] INFO:colcon.colcon_cmake.task.cmake.build:Building CMake package in '/home/jabari2/jabari/diffdrive_arduino'
[2.435s] INFO:colcon.colcon_core.shell:Skip shell extension 'powershell' for command environment: Not usable outside of PowerShell
[2.435s] DEBUG:colcon.colcon_core.shell:Skip shell extension 'dsv' for command environment
[2.503s] DEBUG:colcon.colcon_core.event_handler.log_command:Invoking command in '/home/jabari2/jabari/build/diffdrive_arduino': CMAKE_PREFIX_PATH=/home/jabari2/jabari/install/serial:/home/jabari2/jabari/install/diffdrive_arduino:/home/jabari2/jabari/install/articubot_one:/home/jabari2/ros2_ws/install/serial_motor_demo_msgs:/home/jabari2/ros2_ws/install/yolo_image_processor:/home/jabari2/ros2_ws/install/serial_motor_demo:/home/jabari2/ros2_ws/install/motor_control_pkg:/home/jabari2/ros2_ws/install/manual_control:/home/jabari2/ros2_ws/install/jabari_rover_bringup:/home/jabari2/ros2_ws/install/jabari_pan_tilt_control_pkg:/home/jabari2/ros2_ws/install/jabari_dht11_control_pkg:/home/jabari2/ros2_ws/install/diff_drive_controller:/home/jabari2/ros2_ws/install/camera_publisher_pkg:/opt/ros/humble:/home/jabari2/ros2_ws/install/rplidar_ros /usr/bin/cmake --build /home/jabari2/jabari/build/diffdrive_arduino -- -j4 -l4
[2.809s] DEBUG:colcon.colcon_core.event_handler.log_command:Invoked command in '/home/jabari2/jabari/build/diffdrive_arduino' returned '0': CMAKE_PREFIX_PATH=/home/jabari2/jabari/install/serial:/home/jabari2/jabari/install/diffdrive_arduino:/home/jabari2/jabari/install/articubot_one:/home/jabari2/ros2_ws/install/serial_motor_demo_msgs:/home/jabari2/ros2_ws/install/yolo_image_processor:/home/jabari2/ros2_ws/install/serial_motor_demo:/home/jabari2/ros2_ws/install/motor_control_pkg:/home/jabari2/ros2_ws/install/manual_control:/home/jabari2/ros2_ws/install/jabari_rover_bringup:/home/jabari2/ros2_ws/install/jabari_pan_tilt_control_pkg:/home/jabari2/ros2_ws/install/jabari_dht11_control_pkg:/home/jabari2/ros2_ws/install/diff_drive_controller:/home/jabari2/ros2_ws/install/camera_publisher_pkg:/opt/ros/humble:/home/jabari2/ros2_ws/install/rplidar_ros /usr/bin/cmake --build /home/jabari2/jabari/build/diffdrive_arduino -- -j4 -l4
[2.820s] DEBUG:colcon.colcon_core.event_handler.log_command:Invoking command in '/home/jabari2/jabari/build/diffdrive_arduino': CMAKE_PREFIX_PATH=/home/jabari2/jabari/install/serial:/home/jabari2/jabari/install/diffdrive_arduino:/home/jabari2/jabari/install/articubot_one:/home/jabari2/ros2_ws/install/serial_motor_demo_msgs:/home/jabari2/ros2_ws/install/yolo_image_processor:/home/jabari2/ros2_ws/install/serial_motor_demo:/home/jabari2/ros2_ws/install/motor_control_pkg:/home/jabari2/ros2_ws/install/manual_control:/home/jabari2/ros2_ws/install/jabari_rover_bringup:/home/jabari2/ros2_ws/install/jabari_pan_tilt_control_pkg:/home/jabari2/ros2_ws/install/jabari_dht11_control_pkg:/home/jabari2/ros2_ws/install/diff_drive_controller:/home/jabari2/ros2_ws/install/camera_publisher_pkg:/opt/ros/humble:/home/jabari2/ros2_ws/install/rplidar_ros /usr/bin/cmake --install /home/jabari2/jabari/build/diffdrive_arduino
[2.868s] Level 1:colcon.colcon_core.environment:create_environment_scripts_only(diffdrive_arduino)
[2.869s] Level 1:colcon.colcon_core.environment:checking '/home/jabari2/jabari/install/diffdrive_arduino' for CMake module files
[2.871s] DEBUG:colcon.colcon_core.event_handler.log_command:Invoked command in '/home/jabari2/jabari/build/diffdrive_arduino' returned '0': CMAKE_PREFIX_PATH=/home/jabari2/jabari/install/serial:/home/jabari2/jabari/install/diffdrive_arduino:/home/jabari2/jabari/install/articubot_one:/home/jabari2/ros2_ws/install/serial_motor_demo_msgs:/home/jabari2/ros2_ws/install/yolo_image_processor:/home/jabari2/ros2_ws/install/serial_motor_demo:/home/jabari2/ros2_ws/install/motor_control_pkg:/home/jabari2/ros2_ws/install/manual_control:/home/jabari2/ros2_ws/install/jabari_rover_bringup:/home/jabari2/ros2_ws/install/jabari_pan_tilt_control_pkg:/home/jabari2/ros2_ws/install/jabari_dht11_control_pkg:/home/jabari2/ros2_ws/install/diff_drive_controller:/home/jabari2/ros2_ws/install/camera_publisher_pkg:/opt/ros/humble:/home/jabari2/ros2_ws/install/rplidar_ros /usr/bin/cmake --install /home/jabari2/jabari/build/diffdrive_arduino
[2.874s] Level 1:colcon.colcon_core.environment:checking '/home/jabari2/jabari/install/diffdrive_arduino' for CMake config files
[2.875s] Level 1:colcon.colcon_core.shell:create_environment_hook('diffdrive_arduino', 'cmake_prefix_path')
[2.876s] INFO:colcon.colcon_core.shell:Creating environment hook '/home/jabari2/jabari/install/diffdrive_arduino/share/diffdrive_arduino/hook/cmake_prefix_path.ps1'
[2.878s] INFO:colcon.colcon_core.shell:Creating environment descriptor '/home/jabari2/jabari/install/diffdrive_arduino/share/diffdrive_arduino/hook/cmake_prefix_path.dsv'
[2.880s] INFO:colcon.colcon_core.shell:Creating environment hook '/home/jabari2/jabari/install/diffdrive_arduino/share/diffdrive_arduino/hook/cmake_prefix_path.sh'
[2.883s] Level 1:colcon.colcon_core.environment:checking '/home/jabari2/jabari/install/diffdrive_arduino/lib'
[2.883s] Level 1:colcon.colcon_core.shell:create_environment_hook('diffdrive_arduino', 'ld_library_path_lib')
[2.884s] INFO:colcon.colcon_core.shell:Creating environment hook '/home/jabari2/jabari/install/diffdrive_arduino/share/diffdrive_arduino/hook/ld_library_path_lib.ps1'
[2.886s] INFO:colcon.colcon_core.shell:Creating environment descriptor '/home/jabari2/jabari/install/diffdrive_arduino/share/diffdrive_arduino/hook/ld_library_path_lib.dsv'
[2.888s] INFO:colcon.colcon_core.shell:Creating environment hook '/home/jabari2/jabari/install/diffdrive_arduino/share/diffdrive_arduino/hook/ld_library_path_lib.sh'
[2.890s] Level 1:colcon.colcon_core.environment:checking '/home/jabari2/jabari/install/diffdrive_arduino/bin'
[2.890s] Level 1:colcon.colcon_core.environment:checking '/home/jabari2/jabari/install/diffdrive_arduino/lib/pkgconfig/diffdrive_arduino.pc'
[2.891s] Level 1:colcon.colcon_core.environment:checking '/home/jabari2/jabari/install/diffdrive_arduino/lib/python3.10/site-packages'
[2.892s] Level 1:colcon.colcon_core.environment:checking '/home/jabari2/jabari/install/diffdrive_arduino/bin'
[2.894s] INFO:colcon.colcon_core.shell:Creating package script '/home/jabari2/jabari/install/diffdrive_arduino/share/diffdrive_arduino/package.ps1'
[2.896s] INFO:colcon.colcon_core.shell:Creating package descriptor '/home/jabari2/jabari/install/diffdrive_arduino/share/diffdrive_arduino/package.dsv'
[2.898s] INFO:colcon.colcon_core.shell:Creating package script '/home/jabari2/jabari/install/diffdrive_arduino/share/diffdrive_arduino/package.sh'
[2.900s] INFO:colcon.colcon_core.shell:Creating package script '/home/jabari2/jabari/install/diffdrive_arduino/share/diffdrive_arduino/package.bash'
[2.902s] INFO:colcon.colcon_core.shell:Creating package script '/home/jabari2/jabari/install/diffdrive_arduino/share/diffdrive_arduino/package.zsh'
[2.904s] Level 1:colcon.colcon_core.environment:create_file_with_runtime_dependencies(/home/jabari2/jabari/install/diffdrive_arduino/share/colcon-core/packages/diffdrive_arduino)
[2.907s] Level 1:colcon.colcon_core.environment:create_environment_scripts_only(diffdrive_arduino)
[2.907s] Level 1:colcon.colcon_core.environment:checking '/home/jabari2/jabari/install/diffdrive_arduino' for CMake module files
[2.910s] Level 1:colcon.colcon_core.environment:checking '/home/jabari2/jabari/install/diffdrive_arduino' for CMake config files
[2.911s] Level 1:colcon.colcon_core.shell:create_environment_hook('diffdrive_arduino', 'cmake_prefix_path')
[2.912s] INFO:colcon.colcon_core.shell:Creating environment hook '/home/jabari2/jabari/install/diffdrive_arduino/share/diffdrive_arduino/hook/cmake_prefix_path.ps1'
[2.914s] INFO:colcon.colcon_core.shell:Creating environment descriptor '/home/jabari2/jabari/install/diffdrive_arduino/share/diffdrive_arduino/hook/cmake_prefix_path.dsv'
[2.916s] INFO:colcon.colcon_core.shell:Creating environment hook '/home/jabari2/jabari/install/diffdrive_arduino/share/diffdrive_arduino/hook/cmake_prefix_path.sh'
[2.918s] Level 1:colcon.colcon_core.environment:checking '/home/jabari2/jabari/install/diffdrive_arduino/lib'
[2.919s] Level 1:colcon.colcon_core.shell:create_environment_hook('diffdrive_arduino', 'ld_library_path_lib')
[2.920s] INFO:colcon.colcon_core.shell:Creating environment hook '/home/jabari2/jabari/install/diffdrive_arduino/share/diffdrive_arduino/hook/ld_library_path_lib.ps1'
[2.922s] INFO:colcon.colcon_core.shell:Creating environment descriptor '/home/jabari2/jabari/install/diffdrive_arduino/share/diffdrive_arduino/hook/ld_library_path_lib.dsv'
[2.923s] INFO:colcon.colcon_core.shell:Creating environment hook '/home/jabari2/jabari/install/diffdrive_arduino/share/diffdrive_arduino/hook/ld_library_path_lib.sh'
[2.925s] Level 1:colcon.colcon_core.environment:checking '/home/jabari2/jabari/install/diffdrive_arduino/bin'
[2.926s] Level 1:colcon.colcon_core.environment:checking '/home/jabari2/jabari/install/diffdrive_arduino/lib/pkgconfig/diffdrive_arduino.pc'
[2.926s] Level 1:colcon.colcon_core.environment:checking '/home/jabari2/jabari/install/diffdrive_arduino/lib/python3.10/site-packages'
[2.927s] Level 1:colcon.colcon_core.environment:checking '/home/jabari2/jabari/install/diffdrive_arduino/bin'
[2.929s] INFO:colcon.colcon_core.shell:Creating package script '/home/jabari2/jabari/install/diffdrive_arduino/share/diffdrive_arduino/package.ps1'
[2.931s] INFO:colcon.colcon_core.shell:Creating package descriptor '/home/jabari2/jabari/install/diffdrive_arduino/share/diffdrive_arduino/package.dsv'
[2.933s] INFO:colcon.colcon_core.shell:Creating package script '/home/jabari2/jabari/install/diffdrive_arduino/share/diffdrive_arduino/package.sh'
[2.935s] INFO:colcon.colcon_core.shell:Creating package script '/home/jabari2/jabari/install/diffdrive_arduino/share/diffdrive_arduino/package.bash'
[2.938s] INFO:colcon.colcon_core.shell:Creating package script '/home/jabari2/jabari/install/diffdrive_arduino/share/diffdrive_arduino/package.zsh'
[2.939s] Level 1:colcon.colcon_core.environment:create_file_with_runtime_dependencies(/home/jabari2/jabari/install/diffdrive_arduino/share/colcon-core/packages/diffdrive_arduino)
[2.941s] DEBUG:colcon.colcon_parallel_executor.executor.parallel:closing loop
[2.942s] DEBUG:colcon.colcon_parallel_executor.executor.parallel:loop closed
[2.942s] DEBUG:colcon.colcon_parallel_executor.executor.parallel:run_until_complete finished with '0'
[2.942s] DEBUG:colcon.colcon_core.event_reactor:joining thread
[2.964s] INFO:colcon.colcon_core.plugin_system:Skipping extension 'colcon_notification.desktop_notification.notify_send': Could not find 'notify-send'
[2.964s] INFO:colcon.colcon_core.plugin_system:Skipping extension 'colcon_notification.desktop_notification.terminal_notifier': Not used on non-Darwin systems
[2.965s] INFO:colcon.colcon_core.plugin_system:Skipping extension 'colcon_notification.desktop_notification.win32': Not used on non-Windows systems
[2.965s] INFO:colcon.colcon_notification.desktop_notification:Sending desktop notification using 'notify2'
[2.968s] DEBUG:colcon.colcon_notification.desktop_notification.notify2:Failed to initialize notify2: org.freedesktop.DBus.Error.ServiceUnknown: The name org.freedesktop.Notifications was not provided by any .service files
[2.968s] DEBUG:colcon.colcon_core.event_reactor:joined thread
[2.969s] INFO:colcon.colcon_core.shell:Creating prefix script '/home/jabari2/jabari/install/local_setup.ps1'
[2.973s] INFO:colcon.colcon_core.shell:Creating prefix util module '/home/jabari2/jabari/install/_local_setup_util_ps1.py'
[2.978s] INFO:colcon.colcon_core.shell:Creating prefix chain script '/home/jabari2/jabari/install/setup.ps1'
[2.987s] INFO:colcon.colcon_core.shell:Creating prefix script '/home/jabari2/jabari/install/local_setup.sh'
[2.990s] INFO:colcon.colcon_core.shell:Creating prefix util module '/home/jabari2/jabari/install/_local_setup_util_sh.py'
[2.993s] INFO:colcon.colcon_core.shell:Creating prefix chain script '/home/jabari2/jabari/install/setup.sh'
[3.001s] INFO:colcon.colcon_core.shell:Creating prefix script '/home/jabari2/jabari/install/local_setup.bash'
[3.004s] INFO:colcon.colcon_core.shell:Creating prefix chain script '/home/jabari2/jabari/install/setup.bash'
[3.012s] INFO:colcon.colcon_core.shell:Creating prefix script '/home/jabari2/jabari/install/local_setup.zsh'
[3.014s] INFO:colcon.colcon_core.shell:Creating prefix chain script '/home/jabari2/jabari/install/setup.zsh'
