[0.069s] Invoking command in '/home/jabari2/jabari/build/articubot_one': CMAKE_PREFIX_PATH=/home/jabari2/jabari/install/diffdrive_arduino:/home/jabari2/jabari/install/serial:/home/jabari2/jabari/install/articubot_one:/home/jabari2/ros2_ws/install/serial_motor_demo_msgs:/home/jabari2/ros2_ws/install/yolo_image_processor:/home/jabari2/ros2_ws/install/serial_motor_demo:/home/jabari2/ros2_ws/install/motor_control_pkg:/home/jabari2/ros2_ws/install/manual_control:/home/jabari2/ros2_ws/install/jabari_rover_bringup:/home/jabari2/ros2_ws/install/jabari_pan_tilt_control_pkg:/home/jabari2/ros2_ws/install/jabari_dht11_control_pkg:/home/jabari2/ros2_ws/install/diff_drive_controller:/home/jabari2/ros2_ws/install/camera_publisher_pkg:/opt/ros/humble:/home/jabari2/ros2_ws/install/rplidar_ros /usr/bin/cmake --build /home/jabari2/jabari/build/articubot_one -- -j4 -l4
[0.235s] Invoked command in '/home/jabari2/jabari/build/articubot_one' returned '0': CMAKE_PREFIX_PATH=/home/jabari2/jabari/install/diffdrive_arduino:/home/jabari2/jabari/install/serial:/home/jabari2/jabari/install/articubot_one:/home/jabari2/ros2_ws/install/serial_motor_demo_msgs:/home/jabari2/ros2_ws/install/yolo_image_processor:/home/jabari2/ros2_ws/install/serial_motor_demo:/home/jabari2/ros2_ws/install/motor_control_pkg:/home/jabari2/ros2_ws/install/manual_control:/home/jabari2/ros2_ws/install/jabari_rover_bringup:/home/jabari2/ros2_ws/install/jabari_pan_tilt_control_pkg:/home/jabari2/ros2_ws/install/jabari_dht11_control_pkg:/home/jabari2/ros2_ws/install/diff_drive_controller:/home/jabari2/ros2_ws/install/camera_publisher_pkg:/opt/ros/humble:/home/jabari2/ros2_ws/install/rplidar_ros /usr/bin/cmake --build /home/jabari2/jabari/build/articubot_one -- -j4 -l4
[0.282s] Invoking command in '/home/jabari2/jabari/build/articubot_one': CMAKE_PREFIX_PATH=/home/jabari2/jabari/install/diffdrive_arduino:/home/jabari2/jabari/install/serial:/home/jabari2/jabari/install/articubot_one:/home/jabari2/ros2_ws/install/serial_motor_demo_msgs:/home/jabari2/ros2_ws/install/yolo_image_processor:/home/jabari2/ros2_ws/install/serial_motor_demo:/home/jabari2/ros2_ws/install/motor_control_pkg:/home/jabari2/ros2_ws/install/manual_control:/home/jabari2/ros2_ws/install/jabari_rover_bringup:/home/jabari2/ros2_ws/install/jabari_pan_tilt_control_pkg:/home/jabari2/ros2_ws/install/jabari_dht11_control_pkg:/home/jabari2/ros2_ws/install/diff_drive_controller:/home/jabari2/ros2_ws/install/camera_publisher_pkg:/opt/ros/humble:/home/jabari2/ros2_ws/install/rplidar_ros /usr/bin/cmake --install /home/jabari2/jabari/build/articubot_one
[0.314s] -- Install configuration: ""
[0.315s] -- Up-to-date: /home/jabari2/jabari/install/articubot_one/share/articubot_one/config
[0.316s] -- Up-to-date: /home/jabari2/jabari/install/articubot_one/share/articubot_one/config/gazebo_params.yaml
[0.317s] -- Up-to-date: /home/jabari2/jabari/install/articubot_one/share/articubot_one/config/gaz_ros2_ctl_use_sim.yaml
[0.318s] -- Up-to-date: /home/jabari2/jabari/install/articubot_one/share/articubot_one/config/mapper_params_online_async.yaml
[0.318s] -- Up-to-date: /home/jabari2/jabari/install/articubot_one/share/articubot_one/config/view_bot.rviz
[0.319s] -- Up-to-date: /home/jabari2/jabari/install/articubot_one/share/articubot_one/config/joystick.yaml
[0.320s] -- Up-to-date: /home/jabari2/jabari/install/articubot_one/share/articubot_one/config/twist_mux.yaml
[0.321s] -- Up-to-date: /home/jabari2/jabari/install/articubot_one/share/articubot_one/config/nav2_params.yaml
[0.323s] -- Up-to-date: /home/jabari2/jabari/install/articubot_one/share/articubot_one/config/main.rviz
[0.324s] -- Up-to-date: /home/jabari2/jabari/install/articubot_one/share/articubot_one/config/my_controllers.yaml
[0.326s] -- Up-to-date: /home/jabari2/jabari/install/articubot_one/share/articubot_one/config/ball_tracker_params_robot.yaml
[0.327s] -- Up-to-date: /home/jabari2/jabari/install/articubot_one/share/articubot_one/config/map.rviz
[0.328s] -- Up-to-date: /home/jabari2/jabari/install/articubot_one/share/articubot_one/config/empty.yaml
[0.329s] -- Up-to-date: /home/jabari2/jabari/install/articubot_one/share/articubot_one/config/ball_tracker_params_sim.yaml
[0.330s] -- Up-to-date: /home/jabari2/jabari/install/articubot_one/share/articubot_one/config/drive_bot.rviz
[0.330s] -- Up-to-date: /home/jabari2/jabari/install/articubot_one/share/articubot_one/description
[0.331s] -- Up-to-date: /home/jabari2/jabari/install/articubot_one/share/articubot_one/description/inertial_macros.xacro
[0.332s] -- Up-to-date: /home/jabari2/jabari/install/articubot_one/share/articubot_one/description/depth_camera.xacro
[0.333s] -- Up-to-date: /home/jabari2/jabari/install/articubot_one/share/articubot_one/description/camera.xacro
[0.334s] -- Up-to-date: /home/jabari2/jabari/install/articubot_one/share/articubot_one/description/face.xacro
[0.335s] -- Up-to-date: /home/jabari2/jabari/install/articubot_one/share/articubot_one/description/ros2_control.xacro
[0.335s] -- Up-to-date: /home/jabari2/jabari/install/articubot_one/share/articubot_one/description/robot.urdf.xacro
[0.336s] -- Up-to-date: /home/jabari2/jabari/install/articubot_one/share/articubot_one/description/lidar.xacro
[0.336s] -- Up-to-date: /home/jabari2/jabari/install/articubot_one/share/articubot_one/description/robot_core.xacro
[0.337s] -- Up-to-date: /home/jabari2/jabari/install/articubot_one/share/articubot_one/description/gazebo_control.xacro
[0.338s] -- Up-to-date: /home/jabari2/jabari/install/articubot_one/share/articubot_one/launch
[0.338s] -- Up-to-date: /home/jabari2/jabari/install/articubot_one/share/articubot_one/launch/joystick.launch.py
[0.339s] -- Up-to-date: /home/jabari2/jabari/install/articubot_one/share/articubot_one/launch/rsp.launch.py
[0.340s] -- Up-to-date: /home/jabari2/jabari/install/articubot_one/share/articubot_one/launch/launch_robot.launch.py
[0.341s] -- Up-to-date: /home/jabari2/jabari/install/articubot_one/share/articubot_one/launch/localization_launch.py
[0.345s] -- Up-to-date: /home/jabari2/jabari/install/articubot_one/share/articubot_one/launch/ball_tracker.launch.py
[0.360s] -- Up-to-date: /home/jabari2/jabari/install/articubot_one/share/articubot_one/launch/launch_sim.launch.py
[0.372s] -- Up-to-date: /home/jabari2/jabari/install/articubot_one/share/articubot_one/launch/online_async_launch.py
[0.372s] -- Up-to-date: /home/jabari2/jabari/install/articubot_one/share/articubot_one/launch/navigation_launch.py
[0.373s] -- Up-to-date: /home/jabari2/jabari/install/articubot_one/share/articubot_one/launch/camera.launch.py
[0.374s] -- Up-to-date: /home/jabari2/jabari/install/articubot_one/share/articubot_one/launch/rplidar.launch.py
[0.374s] -- Up-to-date: /home/jabari2/jabari/install/articubot_one/share/articubot_one/worlds
[0.374s] -- Up-to-date: /home/jabari2/jabari/install/articubot_one/share/articubot_one/worlds/obstacles.world
[0.375s] -- Up-to-date: /home/jabari2/jabari/install/articubot_one/share/articubot_one/worlds/empty.world
[0.375s] -- Up-to-date: /home/jabari2/jabari/install/articubot_one/share/ament_index/resource_index/package_run_dependencies/articubot_one
[0.376s] -- Up-to-date: /home/jabari2/jabari/install/articubot_one/share/ament_index/resource_index/parent_prefix_path/articubot_one
[0.376s] -- Up-to-date: /home/jabari2/jabari/install/articubot_one/share/articubot_one/environment/ament_prefix_path.sh
[0.377s] -- Up-to-date: /home/jabari2/jabari/install/articubot_one/share/articubot_one/environment/ament_prefix_path.dsv
[0.377s] -- Up-to-date: /home/jabari2/jabari/install/articubot_one/share/articubot_one/environment/path.sh
[0.378s] -- Up-to-date: /home/jabari2/jabari/install/articubot_one/share/articubot_one/environment/path.dsv
[0.378s] -- Up-to-date: /home/jabari2/jabari/install/articubot_one/share/articubot_one/local_setup.bash
[0.379s] -- Up-to-date: /home/jabari2/jabari/install/articubot_one/share/articubot_one/local_setup.sh
[0.380s] -- Up-to-date: /home/jabari2/jabari/install/articubot_one/share/articubot_one/local_setup.zsh
[0.381s] -- Up-to-date: /home/jabari2/jabari/install/articubot_one/share/articubot_one/local_setup.dsv
[0.383s] -- Installing: /home/jabari2/jabari/install/articubot_one/share/articubot_one/package.dsv
[0.383s] -- Up-to-date: /home/jabari2/jabari/install/articubot_one/share/ament_index/resource_index/packages/articubot_one
[0.384s] -- Up-to-date: /home/jabari2/jabari/install/articubot_one/share/articubot_one/cmake/articubot_oneConfig.cmake
[0.385s] -- Up-to-date: /home/jabari2/jabari/install/articubot_one/share/articubot_one/cmake/articubot_oneConfig-version.cmake
[0.385s] -- Up-to-date: /home/jabari2/jabari/install/articubot_one/share/articubot_one/package.xml
[0.386s] Invoked command in '/home/jabari2/jabari/build/articubot_one' returned '0': CMAKE_PREFIX_PATH=/home/jabari2/jabari/install/diffdrive_arduino:/home/jabari2/jabari/install/serial:/home/jabari2/jabari/install/articubot_one:/home/jabari2/ros2_ws/install/serial_motor_demo_msgs:/home/jabari2/ros2_ws/install/yolo_image_processor:/home/jabari2/ros2_ws/install/serial_motor_demo:/home/jabari2/ros2_ws/install/motor_control_pkg:/home/jabari2/ros2_ws/install/manual_control:/home/jabari2/ros2_ws/install/jabari_rover_bringup:/home/jabari2/ros2_ws/install/jabari_pan_tilt_control_pkg:/home/jabari2/ros2_ws/install/jabari_dht11_control_pkg:/home/jabari2/ros2_ws/install/diff_drive_controller:/home/jabari2/ros2_ws/install/camera_publisher_pkg:/opt/ros/humble:/home/jabari2/ros2_ws/install/rplidar_ros /usr/bin/cmake --install /home/jabari2/jabari/build/articubot_one
